Build started 25/09/2011 00:16:47.
     1>Project "C:\Users\Lucas\Desktop\Draxus 0.6\irrlicht-1.7.2\source\Irrlicht\Irrlicht9.0.vcxproj" on node 2 (rebuild target(s)).
     1>_PrepareForClean:
         Deleting file "obj\Static lib - Debug\Irrlicht.lastbuildstate".
       InitializeBuildStatus:
         Touching "obj\Static lib - Debug\Irrlicht.unsuccessfulbuild".
       ClCompile:
         C:\Program Files (x86)\Microsoft Visual Studio 10.0\VC\bin\CL.exe /c /I"C:\Program Files (x86)\Microsoft DirectX SDK (June 2010)\Include" /I..\..\include /Izlib /Zi /nologo /W3 /WX- /Od /Oy- /D WIN32 /D _DEBUG /D _WINDOWS /D _USRDLL /D _IRR_STATIC_LIB_ /D _CRT_SECURE_NO_DEPRECATE /D _VC80_UPGRADE=0x0710 /Gm- /RTC1 /MTd /GS /fp:precise /Zc:wchar_t /Zc:forScope /GR- /Fo".\..\obj\IrrDebugStatic/" /Fd".\..\obj\IrrDebugStatic/vc100.pdb" /Gd /TP /analyze- /errorReport:prompt CDefaultSceneNodeAnimatorFactory.cpp CDefaultSceneNodeFactory.cpp CGeometryCreator.cpp CMeshCache.cpp CMeshManipulator.cpp CSceneManager.cpp C3DSMeshFileLoader.cpp CAnimatedMeshMD2.cpp CAnimatedMeshMD3.cpp CB3DMeshFileLoader.cpp CBSPMeshFileLoader.cpp CColladaFileLoader.cpp CCSMLoader.cpp CDMFLoader.cpp CIrrMeshFileLoader.cpp CLMTSMeshFileLoader.cpp CLWOMeshFileLoader.cpp CMD2MeshFileLoader.cpp CMD3MeshFileLoader.cpp CMS3DMeshFileLoader.cpp CMY3DMeshFileLoader.cpp COBJMeshFileLoader.cpp COCTLoader.cpp COgreMeshFileLoader.cpp CPLYMeshFileLoader.cpp CQ3LevelMesh.cpp CSkinnedMesh.cpp CSTLMeshFileLoader.cpp CXMeshFileLoader.cpp CAnimatedMeshSceneNode.cpp CBillboardSceneNode.cpp CBoneSceneNode.cpp CCameraSceneNode.cpp CCubeSceneNode.cpp CDummyTransformationSceneNode.cpp CEmptySceneNode.cpp CLightSceneNode.cpp CMeshSceneNode.cpp COctreeSceneNode.cpp CQuake3ShaderSceneNode.cpp CShadowVolumeSceneNode.cpp CSkyBoxSceneNode.cpp CSkyDomeSceneNode.cpp CSphereSceneNode.cpp CTerrainSceneNode.cpp CTextSceneNode.cpp CVolumeLightSceneNode.cpp CWaterSurfaceSceneNode.cpp CParticleAnimatedMeshSceneNodeEmitter.cpp CParticleAttractionAffector.cpp CParticleBoxEmitter.cpp CParticleCylinderEmitter.cpp CParticleFadeOutAffector.cpp CParticleGravityAffector.cpp CParticleMeshEmitter.cpp CParticlePointEmitter.cpp CParticleRingEmitter.cpp CParticleRotationAffector.cpp CParticleScaleAffector.cpp CParticleSphereEmitter.cpp CParticleSystemSceneNode.cpp CMetaTriangleSelector.cpp COctreeTriangleSelector.cpp CSceneCollisionManager.cpp CTerrainTriangleSelector.cpp CTriangleBBSelector.cpp CTriangleSelector.cpp CSceneNodeAnimatorCameraFPS.cpp CSceneNodeAnimatorCameraMaya.cpp CSceneNodeAnimatorCollisionResponse.cpp CSceneNodeAnimatorDelete.cpp CSceneNodeAnimatorFlyCircle.cpp CSceneNodeAnimatorFlyStraight.cpp CSceneNodeAnimatorFollowSpline.cpp CSceneNodeAnimatorRotation.cpp CSceneNodeAnimatorTexture.cpp CColladaMeshWriter.cpp CIrrMeshWriter.cpp COBJMeshWriter.cpp CPLYMeshWriter.cpp CSTLMeshWriter.cpp CVideoModeList.cpp CSoftwareDriver.cpp CSoftwareTexture.cpp CTRFlat.cpp CTRFlatWire.cpp CTRGouraud.cpp CTRGouraudWire.cpp CTRTextureFlat.cpp CTRTextureFlatWire.cpp CTRTextureGouraud.cpp CTRTextureGouraudAdd.cpp CTRTextureGouraudNoZ.cpp CTRTextureGouraudWire.cpp CZBuffer.cpp COpenGLDriver.cpp COpenGLExtensionHandler.cpp COpenGLNormalMapRenderer.cpp COpenGLParallaxMapRenderer.cpp COpenGLShaderMaterialRenderer.cpp COpenGLSLMaterialRenderer.cpp COpenGLTexture.cpp CD3D8Driver.cpp CD3D8NormalMapRenderer.cpp CD3D8ParallaxMapRenderer.cpp CD3D8ShaderMaterialRenderer.cpp CD3D8Texture.cpp CColorConverter.cpp CFPSCounter.cpp CImage.cpp CNullDriver.cpp CImageWriterBMP.cpp CImageWriterJPG.cpp CImageWriterPCX.cpp CImageWriterPNG.cpp CImageWriterPPM.cpp CImageWriterPSD.cpp CImageWriterTGA.cpp CImageLoaderBMP.cpp CImageLoaderJPG.cpp CImageLoaderPCX.cpp CImageLoaderPNG.cpp CImageLoaderPPM.cpp CImageLoaderPSD.cpp CImageLoaderRGB.cpp CImageLoaderTGA.cpp CImageLoaderWAL.cpp CD3D9Driver.cpp CD3D9HLSLMaterialRenderer.cpp CD3D9NormalMapRenderer.cpp CD3D9ParallaxMapRenderer.cpp CD3D9ShaderMaterialRenderer.cpp CD3D9Texture.cpp CBurningShader_Raster_Reference.cpp CDepthBuffer.cpp CSoftwareDriver2.cpp CSoftwareTexture2.cpp CTRGouraud2.cpp CTRGouraudAlpha2.cpp CTRGouraudAlphaNoZ2.cpp CTRTextureBlend.cpp CTRTextureDetailMap2.cpp CTRTextureGouraud2.cpp CTRTextureGouraudAdd2.cpp CTRTextureGouraudAddNoZ2.cpp CTRTextureGouraudAlpha.cpp CTRTextureGouraudAlphaNoZ.cpp CTRTextureGouraudNoZ2.cpp CTRTextureGouraudVertexAlpha2.cpp CTRTextureLightMap2_Add.cpp CTRTextureLightMap2_M1.cpp CTRTextureLightMap2_M2.cpp CTRTextureLightMap2_M4.cpp CTRTextureLightMapGouraud2_M4.cpp CTRTextureWire2.cpp IBurningShader.cpp CLogger.cpp COSOperator.cpp Irrlicht.cpp os.cpp aesGladman\aescrypt.cpp aesGladman\aeskey.cpp aesGladman\aestab.cpp aesGladman\fileenc.cpp aesGladman\hmac.cpp aesGladman\prng.cpp aesGladman\pwd2key.cpp aesGladman\sha1.cpp aesGladman\sha2.cpp CIrrDeviceConsole.cpp CIrrDeviceFB.cpp CIrrDeviceLinux.cpp CIrrDeviceSDL.cpp CIrrDeviceStub.cpp CIrrDeviceWin32.cpp CIrrDeviceWinCE.cpp CAttributes.cpp CFileList.cpp CFileSystem.cpp CLimitReadFile.cpp CMemoryFile.cpp CMountPointReader.cpp CNPKReader.cpp CPakReader.cpp CReadFile.cpp CTarReader.cpp CWriteFile.cpp CXMLReader.cpp CXMLWriter.cpp CZipReader.cpp irrXML.cpp CDefaultGUIElementFactory.cpp CGUIButton.cpp CGUICheckbox.cpp CGUIColorSelectDialog.cpp CGUIComboBox.cpp CGUIContextMenu.cpp CGUIEditBox.cpp CGUIEnvironment.cpp CGUIFileOpenDialog.cpp CGUIFont.cpp CGUIImage.cpp CGUIImageList.cpp CGUIInOutFader.cpp CGUIListBox.cpp CGUIMenu.cpp CGUIMeshViewer.cpp CGUIMessageBox.cpp CGUIModalScreen.cpp CGUIScrollBar.cpp CGUISkin.cpp CGUISpinBox.cpp CGUISpriteBank.cpp CGUIStaticText.cpp CGUITabControl.cpp CGUITable.cpp CGUIToolBar.cpp CGUITreeView.cpp CGUIWindow.cpp
         CDefaultSceneNodeAnimatorFactory.cpp
         CDefaultSceneNodeFactory.cpp
         CGeometryCreator.cpp
         CMeshCache.cpp
         CMeshManipulator.cpp
         CSceneManager.cpp
         C3DSMeshFileLoader.cpp
         CAnimatedMeshMD2.cpp
         CAnimatedMeshMD3.cpp
         CB3DMeshFileLoader.cpp
         CBSPMeshFileLoader.cpp
         CColladaFileLoader.cpp
         CCSMLoader.cpp
         CDMFLoader.cpp
         CIrrMeshFileLoader.cpp
         CLMTSMeshFileLoader.cpp
         CLWOMeshFileLoader.cpp
         CMD2MeshFileLoader.cpp
         CMD3MeshFileLoader.cpp
         CMS3DMeshFileLoader.cpp
         Generating Code...
         Compiling...
         CMY3DMeshFileLoader.cpp
         COBJMeshFileLoader.cpp
         COCTLoader.cpp
         COgreMeshFileLoader.cpp
         CPLYMeshFileLoader.cpp
         CQ3LevelMesh.cpp
         CSkinnedMesh.cpp
         CSTLMeshFileLoader.cpp
         CXMeshFileLoader.cpp
         CAnimatedMeshSceneNode.cpp
         CBillboardSceneNode.cpp
         CBoneSceneNode.cpp
         CCameraSceneNode.cpp
         CCubeSceneNode.cpp
         CDummyTransformationSceneNode.cpp
         CEmptySceneNode.cpp
         CLightSceneNode.cpp
         CMeshSceneNode.cpp
         COctreeSceneNode.cpp
         CQuake3ShaderSceneNode.cpp
         Generating Code...
         Compiling...
         CShadowVolumeSceneNode.cpp
         CSkyBoxSceneNode.cpp
         CSkyDomeSceneNode.cpp
         CSphereSceneNode.cpp
         CTerrainSceneNode.cpp
         CTextSceneNode.cpp
         CVolumeLightSceneNode.cpp
         CWaterSurfaceSceneNode.cpp
         CParticleAnimatedMeshSceneNodeEmitter.cpp
         CParticleAttractionAffector.cpp
         CParticleBoxEmitter.cpp
         CParticleCylinderEmitter.cpp
         CParticleFadeOutAffector.cpp
         CParticleGravityAffector.cpp
         CParticleMeshEmitter.cpp
         CParticlePointEmitter.cpp
         CParticleRingEmitter.cpp
         CParticleRotationAffector.cpp
         CParticleScaleAffector.cpp
         CParticleSphereEmitter.cpp
         Generating Code...
         Compiling...
         CParticleSystemSceneNode.cpp
         CMetaTriangleSelector.cpp
         COctreeTriangleSelector.cpp
         CSceneCollisionManager.cpp
         CTerrainTriangleSelector.cpp
         CTriangleBBSelector.cpp
         CTriangleSelector.cpp
         CSceneNodeAnimatorCameraFPS.cpp
         CSceneNodeAnimatorCameraMaya.cpp
         CSceneNodeAnimatorCollisionResponse.cpp
         CSceneNodeAnimatorDelete.cpp
         CSceneNodeAnimatorFlyCircle.cpp
         CSceneNodeAnimatorFlyStraight.cpp
         CSceneNodeAnimatorFollowSpline.cpp
         CSceneNodeAnimatorRotation.cpp
         CSceneNodeAnimatorTexture.cpp
         CColladaMeshWriter.cpp
         CIrrMeshWriter.cpp
         COBJMeshWriter.cpp
         CPLYMeshWriter.cpp
         Generating Code...
         Compiling...
         CSTLMeshWriter.cpp
         CVideoModeList.cpp
         CSoftwareDriver.cpp
         CSoftwareTexture.cpp
         CTRFlat.cpp
         CTRFlatWire.cpp
         CTRGouraud.cpp
         CTRGouraudWire.cpp
         CTRTextureFlat.cpp
         CTRTextureFlatWire.cpp
         CTRTextureGouraud.cpp
         CTRTextureGouraudAdd.cpp
         CTRTextureGouraudNoZ.cpp
         CTRTextureGouraudWire.cpp
         CZBuffer.cpp
         COpenGLDriver.cpp
         COpenGLExtensionHandler.cpp
         COpenGLNormalMapRenderer.cpp
         COpenGLParallaxMapRenderer.cpp
         COpenGLShaderMaterialRenderer.cpp
         Generating Code...
         Compiling...
         COpenGLSLMaterialRenderer.cpp
         COpenGLTexture.cpp
         CD3D8Driver.cpp
         CD3D8NormalMapRenderer.cpp
         CD3D8ParallaxMapRenderer.cpp
         CD3D8ShaderMaterialRenderer.cpp
         CD3D8Texture.cpp
         CColorConverter.cpp
         CFPSCounter.cpp
         CImage.cpp
         CNullDriver.cpp
         CImageWriterBMP.cpp
         CImageWriterJPG.cpp
         CImageWriterPCX.cpp
         CImageWriterPNG.cpp
         CImageWriterPPM.cpp
         CImageWriterPSD.cpp
         CImageWriterTGA.cpp
         CImageLoaderBMP.cpp
         CImageLoaderJPG.cpp
         Generating Code...
         Compiling...
         CImageLoaderPCX.cpp
         CImageLoaderPNG.cpp
         CImageLoaderPPM.cpp
         CImageLoaderPSD.cpp
         CImageLoaderRGB.cpp
         CImageLoaderTGA.cpp
         CImageLoaderWAL.cpp
         CD3D9Driver.cpp
         CD3D9HLSLMaterialRenderer.cpp
         CD3D9NormalMapRenderer.cpp
         CD3D9ParallaxMapRenderer.cpp
         CD3D9ShaderMaterialRenderer.cpp
         CD3D9Texture.cpp
         CBurningShader_Raster_Reference.cpp
         CDepthBuffer.cpp
         CSoftwareDriver2.cpp
         CSoftwareTexture2.cpp
         CTRGouraud2.cpp
         CTRGouraudAlpha2.cpp
         CTRGouraudAlphaNoZ2.cpp
         Generating Code...
         Compiling...
         CTRTextureBlend.cpp
         CTRTextureDetailMap2.cpp
         CTRTextureGouraud2.cpp
         CTRTextureGouraudAdd2.cpp
         CTRTextureGouraudAddNoZ2.cpp
         CTRTextureGouraudAlpha.cpp
         CTRTextureGouraudAlphaNoZ.cpp
         CTRTextureGouraudNoZ2.cpp
         CTRTextureGouraudVertexAlpha2.cpp
         CTRTextureLightMap2_Add.cpp
         CTRTextureLightMap2_M1.cpp
         CTRTextureLightMap2_M2.cpp
         CTRTextureLightMap2_M4.cpp
         CTRTextureLightMapGouraud2_M4.cpp
         CTRTextureWire2.cpp
         IBurningShader.cpp
         CLogger.cpp
         COSOperator.cpp
         Irrlicht.cpp
         os.cpp
         Generating Code...
         Compiling...
         aescrypt.cpp
         aeskey.cpp
         aestab.cpp
         fileenc.cpp
         hmac.cpp
         prng.cpp
         pwd2key.cpp
         sha1.cpp
         sha2.cpp
         CIrrDeviceConsole.cpp
         CIrrDeviceFB.cpp
         CIrrDeviceLinux.cpp
         CIrrDeviceSDL.cpp
         CIrrDeviceStub.cpp
         CIrrDeviceWin32.cpp
         CIrrDeviceWinCE.cpp
         CAttributes.cpp
         CFileList.cpp
         CFileSystem.cpp
         CLimitReadFile.cpp
         Generating Code...
         Compiling...
         CMemoryFile.cpp
         CMountPointReader.cpp
         CNPKReader.cpp
         CPakReader.cpp
         CReadFile.cpp
         CTarReader.cpp
         CWriteFile.cpp
         CXMLReader.cpp
         CXMLWriter.cpp
         CZipReader.cpp
         irrXML.cpp
         CDefaultGUIElementFactory.cpp
         CGUIButton.cpp
         CGUICheckbox.cpp
         CGUIColorSelectDialog.cpp
         CGUIComboBox.cpp
         CGUIContextMenu.cpp
         CGUIEditBox.cpp
         CGUIEnvironment.cpp
         CGUIFileOpenDialog.cpp
         Generating Code...
         Compiling...
         CGUIFont.cpp
         CGUIImage.cpp
         CGUIImageList.cpp
         CGUIInOutFader.cpp
         CGUIListBox.cpp
         CGUIMenu.cpp
         CGUIMeshViewer.cpp
         CGUIMessageBox.cpp
         CGUIModalScreen.cpp
         CGUIScrollBar.cpp
         CGUISkin.cpp
         CGUISpinBox.cpp
         CGUISpriteBank.cpp
         CGUIStaticText.cpp
         CGUITabControl.cpp
         CGUITable.cpp
         CGUIToolBar.cpp
         CGUITreeView.cpp
         CGUIWindow.cpp
         Generating Code...
         C:\Program Files (x86)\Microsoft Visual Studio 10.0\VC\bin\CL.exe /c /I"C:\Program Files (x86)\Microsoft DirectX SDK (June 2010)\Include" /I..\..\include /Izlib /Zi /nologo /W3 /WX- /Od /Oy- /D WIN32 /D _DEBUG /D _WINDOWS /D _USRDLL /D _IRR_STATIC_LIB_ /D _CRT_SECURE_NO_DEPRECATE /D _VC80_UPGRADE=0x0710 /Gm- /RTC1 /MTd /GS /fp:precise /Zc:wchar_t /Zc:forScope /GR- /Fo".\..\obj\IrrDebugStatic/" /Fd".\..\obj\IrrDebugStatic/vc100.pdb" /Gd /TC /analyze- /errorReport:prompt lzma\LzmaDec.c zlib\adler32.c zlib\compress.c zlib\crc32.c zlib\deflate.c zlib\inffast.c zlib\inflate.c zlib\inftrees.c zlib\trees.c zlib\uncompr.c zlib\zutil.c jpeglib\jaricom.c jpeglib\jcapimin.c jpeglib\jcapistd.c jpeglib\jcarith.c jpeglib\jccoefct.c jpeglib\jccolor.c jpeglib\jcdctmgr.c jpeglib\jchuff.c jpeglib\jcinit.c jpeglib\jcmainct.c jpeglib\jcmarker.c jpeglib\jcmaster.c jpeglib\jcomapi.c jpeglib\jcparam.c jpeglib\jcprepct.c jpeglib\jcsample.c jpeglib\jctrans.c jpeglib\jdapimin.c jpeglib\jdapistd.c jpeglib\jdarith.c jpeglib\jdatadst.c jpeglib\jdatasrc.c jpeglib\jdcoefct.c jpeglib\jdcolor.c jpeglib\jddctmgr.c jpeglib\jdhuff.c jpeglib\jdinput.c jpeglib\jdmainct.c jpeglib\jdmarker.c jpeglib\jdmaster.c jpeglib\jdmerge.c jpeglib\jdpostct.c jpeglib\jdsample.c jpeglib\jdtrans.c jpeglib\jerror.c jpeglib\jfdctflt.c jpeglib\jfdctfst.c jpeglib\jfdctint.c jpeglib\jidctflt.c jpeglib\jidctfst.c jpeglib\jidctint.c jpeglib\jmemmgr.c jpeglib\jmemnobs.c jpeglib\jquant1.c jpeglib\jquant2.c jpeglib\jutils.c libpng\png.c libpng\pngerror.c libpng\pngget.c libpng\pngmem.c libpng\pngpread.c libpng\pngread.c libpng\pngrio.c libpng\pngrtran.c libpng\pngrutil.c libpng\pngset.c libpng\pngtrans.c libpng\pngwio.c libpng\pngwrite.c libpng\pngwtran.c libpng\pngwutil.c bzip2\blocksort.c bzip2\bzcompress.c bzip2\bzlib.c bzip2\crctable.c bzip2\decompress.c bzip2\huffman.c bzip2\randtable.c
         LzmaDec.c
         adler32.c
         compress.c
         crc32.c
         deflate.c
         inffast.c
         inflate.c
         inftrees.c
         trees.c
         uncompr.c
         zutil.c
         jaricom.c
         jcapimin.c
         jcapistd.c
         jcarith.c
         jccoefct.c
         jccolor.c
         jcdctmgr.c
         jchuff.c
         jcinit.c
         Generating Code...
         Compiling...
         jcmainct.c
         jcmarker.c
         jcmaster.c
         jcomapi.c
         jcparam.c
         jcprepct.c
         jcsample.c
         jctrans.c
         jdapimin.c
         jdapistd.c
         jdarith.c
         jdatadst.c
         jdatasrc.c
         jdcoefct.c
         jdcolor.c
         jddctmgr.c
         jdhuff.c
         jdinput.c
         jdmainct.c
         jdmarker.c
         Generating Code...
         Compiling...
         jdmaster.c
         jdmerge.c
         jdpostct.c
         jdsample.c
         jdtrans.c
         jerror.c
         jfdctflt.c
         jfdctfst.c
         jfdctint.c
         jidctflt.c
         jidctfst.c
         jidctint.c
         jmemmgr.c
         jmemnobs.c
         jquant1.c
         jquant2.c
         jutils.c
         png.c
         pngerror.c
         pngget.c
         Generating Code...
         Compiling...
         pngmem.c
         pngpread.c
         pngread.c
         pngrio.c
         pngrtran.c
         pngrutil.c
         pngset.c
         pngtrans.c
         pngwio.c
         pngwrite.c
         pngwtran.c
         pngwutil.c
         blocksort.c
         bzcompress.c
         bzlib.c
         crctable.c
         decompress.c
         huffman.c
         randtable.c
         Generating Code...
       MakeDirsForLib:
         Creating directory "C:\Users\Lucas\Desktop\Draxus 0.6\irrlicht-1.7.2\source\Irrlicht\..\..\lib\Win32_debug-visualstudio".
     1>C:\Program Files (x86)\MSBuild\Microsoft.Cpp\v4.0\Microsoft.CppBuild.targets(1151,5): warning MSB8012: TargetPath(C:\Users\Lucas\Desktop\Draxus 0.6\irrlicht-1.7.2\source\Irrlicht\obj\Static lib - Debug\Irrlicht.lib) does not match the Library's OutputFile property value (C:\Users\Lucas\Desktop\Draxus 0.6\irrlicht-1.7.2\lib\Win32_debug-visualstudio\Irrlicht.lib). This may cause your project to build incorrectly. To correct this, please make sure that $(OutDir), $(TargetName) and $(TargetExt) property values match the value specified in %(Lib.OutputFile).
       Lib:
         C:\Program Files (x86)\Microsoft Visual Studio 10.0\VC\bin\Lib.exe /OUT:"..\..\lib\Win32_debug-visualstudio\Irrlicht.lib" winmm.lib /NOLOGO .\..\obj\IrrDebugStatic/CDefaultSceneNodeAnimatorFactory.obj
         .\..\obj\IrrDebugStatic/CDefaultSceneNodeFactory.obj
         .\..\obj\IrrDebugStatic/CGeometryCreator.obj
         .\..\obj\IrrDebugStatic/CMeshCache.obj
         .\..\obj\IrrDebugStatic/CMeshManipulator.obj
         .\..\obj\IrrDebugStatic/CSceneManager.obj
         .\..\obj\IrrDebugStatic/C3DSMeshFileLoader.obj
         .\..\obj\IrrDebugStatic/CAnimatedMeshMD2.obj
         .\..\obj\IrrDebugStatic/CAnimatedMeshMD3.obj
         .\..\obj\IrrDebugStatic/CB3DMeshFileLoader.obj
         .\..\obj\IrrDebugStatic/CBSPMeshFileLoader.obj
         .\..\obj\IrrDebugStatic/CColladaFileLoader.obj
         .\..\obj\IrrDebugStatic/CCSMLoader.obj
         .\..\obj\IrrDebugStatic/CDMFLoader.obj
         .\..\obj\IrrDebugStatic/CIrrMeshFileLoader.obj
         .\..\obj\IrrDebugStatic/CLMTSMeshFileLoader.obj
         .\..\obj\IrrDebugStatic/CLWOMeshFileLoader.obj
         .\..\obj\IrrDebugStatic/CMD2MeshFileLoader.obj
         .\..\obj\IrrDebugStatic/CMD3MeshFileLoader.obj
         .\..\obj\IrrDebugStatic/CMS3DMeshFileLoader.obj
         .\..\obj\IrrDebugStatic/CMY3DMeshFileLoader.obj
         .\..\obj\IrrDebugStatic/COBJMeshFileLoader.obj
         .\..\obj\IrrDebugStatic/COCTLoader.obj
         .\..\obj\IrrDebugStatic/COgreMeshFileLoader.obj
         .\..\obj\IrrDebugStatic/CPLYMeshFileLoader.obj
         .\..\obj\IrrDebugStatic/CQ3LevelMesh.obj
         .\..\obj\IrrDebugStatic/CSkinnedMesh.obj
         .\..\obj\IrrDebugStatic/CSTLMeshFileLoader.obj
         .\..\obj\IrrDebugStatic/CXMeshFileLoader.obj
         .\..\obj\IrrDebugStatic/CAnimatedMeshSceneNode.obj
         .\..\obj\IrrDebugStatic/CBillboardSceneNode.obj
         .\..\obj\IrrDebugStatic/CBoneSceneNode.obj
         .\..\obj\IrrDebugStatic/CCameraSceneNode.obj
         .\..\obj\IrrDebugStatic/CCubeSceneNode.obj
         .\..\obj\IrrDebugStatic/CDummyTransformationSceneNode.obj
         .\..\obj\IrrDebugStatic/CEmptySceneNode.obj
         .\..\obj\IrrDebugStatic/CLightSceneNode.obj
         .\..\obj\IrrDebugStatic/CMeshSceneNode.obj
         .\..\obj\IrrDebugStatic/COctreeSceneNode.obj
         .\..\obj\IrrDebugStatic/CQuake3ShaderSceneNode.obj
         .\..\obj\IrrDebugStatic/CShadowVolumeSceneNode.obj
         .\..\obj\IrrDebugStatic/CSkyBoxSceneNode.obj
         .\..\obj\IrrDebugStatic/CSkyDomeSceneNode.obj
         .\..\obj\IrrDebugStatic/CSphereSceneNode.obj
         .\..\obj\IrrDebugStatic/CTerrainSceneNode.obj
         .\..\obj\IrrDebugStatic/CTextSceneNode.obj
         .\..\obj\IrrDebugStatic/CVolumeLightSceneNode.obj
         .\..\obj\IrrDebugStatic/CWaterSurfaceSceneNode.obj
         .\..\obj\IrrDebugStatic/CParticleAnimatedMeshSceneNodeEmitter.obj
         .\..\obj\IrrDebugStatic/CParticleAttractionAffector.obj
         .\..\obj\IrrDebugStatic/CParticleBoxEmitter.obj
         .\..\obj\IrrDebugStatic/CParticleCylinderEmitter.obj
         .\..\obj\IrrDebugStatic/CParticleFadeOutAffector.obj
         .\..\obj\IrrDebugStatic/CParticleGravityAffector.obj
         .\..\obj\IrrDebugStatic/CParticleMeshEmitter.obj
         .\..\obj\IrrDebugStatic/CParticlePointEmitter.obj
         .\..\obj\IrrDebugStatic/CParticleRingEmitter.obj
         .\..\obj\IrrDebugStatic/CParticleRotationAffector.obj
         .\..\obj\IrrDebugStatic/CParticleScaleAffector.obj
         .\..\obj\IrrDebugStatic/CParticleSphereEmitter.obj
         .\..\obj\IrrDebugStatic/CParticleSystemSceneNode.obj
         .\..\obj\IrrDebugStatic/CMetaTriangleSelector.obj
         .\..\obj\IrrDebugStatic/COctreeTriangleSelector.obj
         .\..\obj\IrrDebugStatic/CSceneCollisionManager.obj
         .\..\obj\IrrDebugStatic/CTerrainTriangleSelector.obj
         .\..\obj\IrrDebugStatic/CTriangleBBSelector.obj
         .\..\obj\IrrDebugStatic/CTriangleSelector.obj
         .\..\obj\IrrDebugStatic/CSceneNodeAnimatorCameraFPS.obj
         .\..\obj\IrrDebugStatic/CSceneNodeAnimatorCameraMaya.obj
         .\..\obj\IrrDebugStatic/CSceneNodeAnimatorCollisionResponse.obj
         .\..\obj\IrrDebugStatic/CSceneNodeAnimatorDelete.obj
         .\..\obj\IrrDebugStatic/CSceneNodeAnimatorFlyCircle.obj
         .\..\obj\IrrDebugStatic/CSceneNodeAnimatorFlyStraight.obj
         .\..\obj\IrrDebugStatic/CSceneNodeAnimatorFollowSpline.obj
         .\..\obj\IrrDebugStatic/CSceneNodeAnimatorRotation.obj
         .\..\obj\IrrDebugStatic/CSceneNodeAnimatorTexture.obj
         .\..\obj\IrrDebugStatic/CColladaMeshWriter.obj
         .\..\obj\IrrDebugStatic/CIrrMeshWriter.obj
         .\..\obj\IrrDebugStatic/COBJMeshWriter.obj
         .\..\obj\IrrDebugStatic/CPLYMeshWriter.obj
         .\..\obj\IrrDebugStatic/CSTLMeshWriter.obj
         .\..\obj\IrrDebugStatic/CVideoModeList.obj
         .\..\obj\IrrDebugStatic/CSoftwareDriver.obj
         .\..\obj\IrrDebugStatic/CSoftwareTexture.obj
         .\..\obj\IrrDebugStatic/CTRFlat.obj
         .\..\obj\IrrDebugStatic/CTRFlatWire.obj
         .\..\obj\IrrDebugStatic/CTRGouraud.obj
         .\..\obj\IrrDebugStatic/CTRGouraudWire.obj
         .\..\obj\IrrDebugStatic/CTRTextureFlat.obj
         .\..\obj\IrrDebugStatic/CTRTextureFlatWire.obj
         .\..\obj\IrrDebugStatic/CTRTextureGouraud.obj
         .\..\obj\IrrDebugStatic/CTRTextureGouraudAdd.obj
         .\..\obj\IrrDebugStatic/CTRTextureGouraudNoZ.obj
         .\..\obj\IrrDebugStatic/CTRTextureGouraudWire.obj
         .\..\obj\IrrDebugStatic/CZBuffer.obj
         .\..\obj\IrrDebugStatic/COpenGLDriver.obj
         .\..\obj\IrrDebugStatic/COpenGLExtensionHandler.obj
         .\..\obj\IrrDebugStatic/COpenGLNormalMapRenderer.obj
         .\..\obj\IrrDebugStatic/COpenGLParallaxMapRenderer.obj
         .\..\obj\IrrDebugStatic/COpenGLShaderMaterialRenderer.obj
         .\..\obj\IrrDebugStatic/COpenGLSLMaterialRenderer.obj
         .\..\obj\IrrDebugStatic/COpenGLTexture.obj
         .\..\obj\IrrDebugStatic/CD3D8Driver.obj
         .\..\obj\IrrDebugStatic/CD3D8NormalMapRenderer.obj
         .\..\obj\IrrDebugStatic/CD3D8ParallaxMapRenderer.obj
         .\..\obj\IrrDebugStatic/CD3D8ShaderMaterialRenderer.obj
         .\..\obj\IrrDebugStatic/CD3D8Texture.obj
         .\..\obj\IrrDebugStatic/CColorConverter.obj
         .\..\obj\IrrDebugStatic/CFPSCounter.obj
         .\..\obj\IrrDebugStatic/CImage.obj
         .\..\obj\IrrDebugStatic/CNullDriver.obj
         .\..\obj\IrrDebugStatic/CImageWriterBMP.obj
         .\..\obj\IrrDebugStatic/CImageWriterJPG.obj
         .\..\obj\IrrDebugStatic/CImageWriterPCX.obj
         .\..\obj\IrrDebugStatic/CImageWriterPNG.obj
         .\..\obj\IrrDebugStatic/CImageWriterPPM.obj
         .\..\obj\IrrDebugStatic/CImageWriterPSD.obj
         .\..\obj\IrrDebugStatic/CImageWriterTGA.obj
         .\..\obj\IrrDebugStatic/CImageLoaderBMP.obj
         .\..\obj\IrrDebugStatic/CImageLoaderJPG.obj
         .\..\obj\IrrDebugStatic/CImageLoaderPCX.obj
         .\..\obj\IrrDebugStatic/CImageLoaderPNG.obj
         .\..\obj\IrrDebugStatic/CImageLoaderPPM.obj
         .\..\obj\IrrDebugStatic/CImageLoaderPSD.obj
         .\..\obj\IrrDebugStatic/CImageLoaderRGB.obj
         .\..\obj\IrrDebugStatic/CImageLoaderTGA.obj
         .\..\obj\IrrDebugStatic/CImageLoaderWAL.obj
         .\..\obj\IrrDebugStatic/CD3D9Driver.obj
         .\..\obj\IrrDebugStatic/CD3D9HLSLMaterialRenderer.obj
         .\..\obj\IrrDebugStatic/CD3D9NormalMapRenderer.obj
         .\..\obj\IrrDebugStatic/CD3D9ParallaxMapRenderer.obj
         .\..\obj\IrrDebugStatic/CD3D9ShaderMaterialRenderer.obj
         .\..\obj\IrrDebugStatic/CD3D9Texture.obj
         .\..\obj\IrrDebugStatic/CBurningShader_Raster_Reference.obj
         .\..\obj\IrrDebugStatic/CDepthBuffer.obj
         .\..\obj\IrrDebugStatic/CSoftwareDriver2.obj
         .\..\obj\IrrDebugStatic/CSoftwareTexture2.obj
         .\..\obj\IrrDebugStatic/CTRGouraud2.obj
         .\..\obj\IrrDebugStatic/CTRGouraudAlpha2.obj
         .\..\obj\IrrDebugStatic/CTRGouraudAlphaNoZ2.obj
         .\..\obj\IrrDebugStatic/CTRTextureBlend.obj
         .\..\obj\IrrDebugStatic/CTRTextureDetailMap2.obj
         .\..\obj\IrrDebugStatic/CTRTextureGouraud2.obj
         .\..\obj\IrrDebugStatic/CTRTextureGouraudAdd2.obj
         .\..\obj\IrrDebugStatic/CTRTextureGouraudAddNoZ2.obj
         .\..\obj\IrrDebugStatic/CTRTextureGouraudAlpha.obj
         .\..\obj\IrrDebugStatic/CTRTextureGouraudAlphaNoZ.obj
         .\..\obj\IrrDebugStatic/CTRTextureGouraudNoZ2.obj
         .\..\obj\IrrDebugStatic/CTRTextureGouraudVertexAlpha2.obj
         .\..\obj\IrrDebugStatic/CTRTextureLightMap2_Add.obj
         .\..\obj\IrrDebugStatic/CTRTextureLightMap2_M1.obj
         .\..\obj\IrrDebugStatic/CTRTextureLightMap2_M2.obj
         .\..\obj\IrrDebugStatic/CTRTextureLightMap2_M4.obj
         .\..\obj\IrrDebugStatic/CTRTextureLightMapGouraud2_M4.obj
         .\..\obj\IrrDebugStatic/CTRTextureWire2.obj
         .\..\obj\IrrDebugStatic/IBurningShader.obj
         .\..\obj\IrrDebugStatic/CLogger.obj
         .\..\obj\IrrDebugStatic/COSOperator.obj
         .\..\obj\IrrDebugStatic/Irrlicht.obj
         .\..\obj\IrrDebugStatic/os.obj
         .\..\obj\IrrDebugStatic/LzmaDec.obj
         .\..\obj\IrrDebugStatic/adler32.obj
         .\..\obj\IrrDebugStatic/compress.obj
         .\..\obj\IrrDebugStatic/crc32.obj
         .\..\obj\IrrDebugStatic/deflate.obj
         .\..\obj\IrrDebugStatic/inffast.obj
         .\..\obj\IrrDebugStatic/inflate.obj
         .\..\obj\IrrDebugStatic/inftrees.obj
         .\..\obj\IrrDebugStatic/trees.obj
         .\..\obj\IrrDebugStatic/uncompr.obj
         .\..\obj\IrrDebugStatic/zutil.obj
         .\..\obj\IrrDebugStatic/jaricom.obj
         .\..\obj\IrrDebugStatic/jcapimin.obj
         .\..\obj\IrrDebugStatic/jcapistd.obj
         .\..\obj\IrrDebugStatic/jcarith.obj
         .\..\obj\IrrDebugStatic/jccoefct.obj
         .\..\obj\IrrDebugStatic/jccolor.obj
         .\..\obj\IrrDebugStatic/jcdctmgr.obj
         .\..\obj\IrrDebugStatic/jchuff.obj
         .\..\obj\IrrDebugStatic/jcinit.obj
         .\..\obj\IrrDebugStatic/jcmainct.obj
         .\..\obj\IrrDebugStatic/jcmarker.obj
         .\..\obj\IrrDebugStatic/jcmaster.obj
         .\..\obj\IrrDebugStatic/jcomapi.obj
         .\..\obj\IrrDebugStatic/jcparam.obj
         .\..\obj\IrrDebugStatic/jcprepct.obj
         .\..\obj\IrrDebugStatic/jcsample.obj
         .\..\obj\IrrDebugStatic/jctrans.obj
         .\..\obj\IrrDebugStatic/jdapimin.obj
         .\..\obj\IrrDebugStatic/jdapistd.obj
         .\..\obj\IrrDebugStatic/jdarith.obj
         .\..\obj\IrrDebugStatic/jdatadst.obj
         .\..\obj\IrrDebugStatic/jdatasrc.obj
         .\..\obj\IrrDebugStatic/jdcoefct.obj
         .\..\obj\IrrDebugStatic/jdcolor.obj
         .\..\obj\IrrDebugStatic/jddctmgr.obj
         .\..\obj\IrrDebugStatic/jdhuff.obj
         .\..\obj\IrrDebugStatic/jdinput.obj
         .\..\obj\IrrDebugStatic/jdmainct.obj
         .\..\obj\IrrDebugStatic/jdmarker.obj
         .\..\obj\IrrDebugStatic/jdmaster.obj
         .\..\obj\IrrDebugStatic/jdmerge.obj
         .\..\obj\IrrDebugStatic/jdpostct.obj
         .\..\obj\IrrDebugStatic/jdsample.obj
         .\..\obj\IrrDebugStatic/jdtrans.obj
         .\..\obj\IrrDebugStatic/jerror.obj
         .\..\obj\IrrDebugStatic/jfdctflt.obj
         .\..\obj\IrrDebugStatic/jfdctfst.obj
         .\..\obj\IrrDebugStatic/jfdctint.obj
         .\..\obj\IrrDebugStatic/jidctflt.obj
         .\..\obj\IrrDebugStatic/jidctfst.obj
         .\..\obj\IrrDebugStatic/jidctint.obj
         .\..\obj\IrrDebugStatic/jmemmgr.obj
         .\..\obj\IrrDebugStatic/jmemnobs.obj
         .\..\obj\IrrDebugStatic/jquant1.obj
         .\..\obj\IrrDebugStatic/jquant2.obj
         .\..\obj\IrrDebugStatic/jutils.obj
         .\..\obj\IrrDebugStatic/png.obj
         .\..\obj\IrrDebugStatic/pngerror.obj
         .\..\obj\IrrDebugStatic/pngget.obj
         .\..\obj\IrrDebugStatic/pngmem.obj
         .\..\obj\IrrDebugStatic/pngpread.obj
         .\..\obj\IrrDebugStatic/pngread.obj
         .\..\obj\IrrDebugStatic/pngrio.obj
         .\..\obj\IrrDebugStatic/pngrtran.obj
         .\..\obj\IrrDebugStatic/pngrutil.obj
         .\..\obj\IrrDebugStatic/pngset.obj
         .\..\obj\IrrDebugStatic/pngtrans.obj
         .\..\obj\IrrDebugStatic/pngwio.obj
         .\..\obj\IrrDebugStatic/pngwrite.obj
         .\..\obj\IrrDebugStatic/pngwtran.obj
         .\..\obj\IrrDebugStatic/pngwutil.obj
         .\..\obj\IrrDebugStatic/aescrypt.obj
         .\..\obj\IrrDebugStatic/aeskey.obj
         .\..\obj\IrrDebugStatic/aestab.obj
         .\..\obj\IrrDebugStatic/fileenc.obj
         .\..\obj\IrrDebugStatic/hmac.obj
         .\..\obj\IrrDebugStatic/prng.obj
         .\..\obj\IrrDebugStatic/pwd2key.obj
         .\..\obj\IrrDebugStatic/sha1.obj
         .\..\obj\IrrDebugStatic/sha2.obj
         .\..\obj\IrrDebugStatic/blocksort.obj
         .\..\obj\IrrDebugStatic/bzcompress.obj
         .\..\obj\IrrDebugStatic/bzlib.obj
         .\..\obj\IrrDebugStatic/crctable.obj
         .\..\obj\IrrDebugStatic/decompress.obj
         .\..\obj\IrrDebugStatic/huffman.obj
         .\..\obj\IrrDebugStatic/randtable.obj
         .\..\obj\IrrDebugStatic/CIrrDeviceConsole.obj
         .\..\obj\IrrDebugStatic/CIrrDeviceFB.obj
         .\..\obj\IrrDebugStatic/CIrrDeviceLinux.obj
         .\..\obj\IrrDebugStatic/CIrrDeviceSDL.obj
         .\..\obj\IrrDebugStatic/CIrrDeviceStub.obj
         .\..\obj\IrrDebugStatic/CIrrDeviceWin32.obj
         .\..\obj\IrrDebugStatic/CIrrDeviceWinCE.obj
         .\..\obj\IrrDebugStatic/CAttributes.obj
         .\..\obj\IrrDebugStatic/CFileList.obj
         .\..\obj\IrrDebugStatic/CFileSystem.obj
         .\..\obj\IrrDebugStatic/CLimitReadFile.obj
         .\..\obj\IrrDebugStatic/CMemoryFile.obj
         .\..\obj\IrrDebugStatic/CMountPointReader.obj
         .\..\obj\IrrDebugStatic/CNPKReader.obj
         .\..\obj\IrrDebugStatic/CPakReader.obj
         .\..\obj\IrrDebugStatic/CReadFile.obj
         .\..\obj\IrrDebugStatic/CTarReader.obj
         .\..\obj\IrrDebugStatic/CWriteFile.obj
         .\..\obj\IrrDebugStatic/CXMLReader.obj
         .\..\obj\IrrDebugStatic/CXMLWriter.obj
         .\..\obj\IrrDebugStatic/CZipReader.obj
         .\..\obj\IrrDebugStatic/irrXML.obj
         .\..\obj\IrrDebugStatic/CDefaultGUIElementFactory.obj
         .\..\obj\IrrDebugStatic/CGUIButton.obj
         .\..\obj\IrrDebugStatic/CGUICheckbox.obj
         .\..\obj\IrrDebugStatic/CGUIColorSelectDialog.obj
         .\..\obj\IrrDebugStatic/CGUIComboBox.obj
         .\..\obj\IrrDebugStatic/CGUIContextMenu.obj
         .\..\obj\IrrDebugStatic/CGUIEditBox.obj
         .\..\obj\IrrDebugStatic/CGUIEnvironment.obj
         .\..\obj\IrrDebugStatic/CGUIFileOpenDialog.obj
         .\..\obj\IrrDebugStatic/CGUIFont.obj
         .\..\obj\IrrDebugStatic/CGUIImage.obj
         .\..\obj\IrrDebugStatic/CGUIImageList.obj
         .\..\obj\IrrDebugStatic/CGUIInOutFader.obj
         .\..\obj\IrrDebugStatic/CGUIListBox.obj
         .\..\obj\IrrDebugStatic/CGUIMenu.obj
         .\..\obj\IrrDebugStatic/CGUIMeshViewer.obj
         .\..\obj\IrrDebugStatic/CGUIMessageBox.obj
         .\..\obj\IrrDebugStatic/CGUIModalScreen.obj
         .\..\obj\IrrDebugStatic/CGUIScrollBar.obj
         .\..\obj\IrrDebugStatic/CGUISkin.obj
         .\..\obj\IrrDebugStatic/CGUISpinBox.obj
         .\..\obj\IrrDebugStatic/CGUISpriteBank.obj
         .\..\obj\IrrDebugStatic/CGUIStaticText.obj
         .\..\obj\IrrDebugStatic/CGUITabControl.obj
         .\..\obj\IrrDebugStatic/CGUITable.obj
         .\..\obj\IrrDebugStatic/CGUIToolBar.obj
         .\..\obj\IrrDebugStatic/CGUITreeView.obj
         .\..\obj\IrrDebugStatic/CGUIWindow.obj
         Irrlicht9.0.vcxproj -> C:\Users\Lucas\Desktop\Draxus 0.6\irrlicht-1.7.2\source\Irrlicht\obj\Static lib - Debug\Irrlicht.lib
       FinalizeBuildStatus:
         Deleting file "obj\Static lib - Debug\Irrlicht.unsuccessfulbuild".
         Touching "obj\Static lib - Debug\Irrlicht.lastbuildstate".
     1>Done Building Project "C:\Users\Lucas\Desktop\Draxus 0.6\irrlicht-1.7.2\source\Irrlicht\Irrlicht9.0.vcxproj" (rebuild target(s)).

Build succeeded.

Time Elapsed 00:01:08.93
