..\..\bin\Debug\Wolforce.ilk
..\..\bin\Debug\Wolforce.pdb
C:\USERS\ACER\DOCUMENTS\GITHUB\BLUTE-ENGINE-BKP\BIN\DEBUG\WOLFORCE.DLL
C:\USERS\ACER\DOCUMENTS\GITHUB\BLUTE-ENGINE-BKP\BIN\DEBUG\WOLFORCE.ILK
C:\USERS\ACER\DOCUMENTS\GITHUB\BLUTE-ENGINE-BKP\BIN\DEBUG\WOLFORCE.PDB
C:\Users\ACER\Documents\GitHub\Blute-Engine-bkp\lib\Debug\Wolforce.exp
C:\Users\ACER\Documents\GitHub\Blute-Engine-bkp\lib\Debug\Wolforce.lib
C:\Users\ACER\Documents\GitHub\Blute-Engine-bkp\Wolforce\Wolforce\..\..\bin\Debug\Wolforce.dll
C:\USERS\ACER\DOCUMENTS\GITHUB\BLUTE-ENGINE-BKP\WOLFORCE\WOLFORCE\DEBUG\ANIMATION.OBJ
C:\Users\ACER\Documents\GitHub\Blute-Engine-bkp\Wolforce\Wolforce\Debug\cl.command.1.tlog
C:\Users\ACER\Documents\GitHub\Blute-Engine-bkp\Wolforce\Wolforce\Debug\CL.read.1.tlog
C:\Users\ACER\Documents\GitHub\Blute-Engine-bkp\Wolforce\Wolforce\Debug\CL.write.1.tlog
C:\USERS\ACER\DOCUMENTS\GITHUB\BLUTE-ENGINE-BKP\WOLFORCE\WOLFORCE\DEBUG\COMPONENT.OBJ
C:\USERS\ACER\DOCUMENTS\GITHUB\BLUTE-ENGINE-BKP\WOLFORCE\WOLFORCE\DEBUG\DLLMAIN.OBJ
C:\USERS\ACER\DOCUMENTS\GITHUB\BLUTE-ENGINE-BKP\WOLFORCE\WOLFORCE\DEBUG\ENGINE.OBJ
C:\USERS\ACER\DOCUMENTS\GITHUB\BLUTE-ENGINE-BKP\WOLFORCE\WOLFORCE\DEBUG\GAMEOBJECT.OBJ
C:\USERS\ACER\DOCUMENTS\GITHUB\BLUTE-ENGINE-BKP\WOLFORCE\WOLFORCE\DEBUG\INPUT.OBJ
C:\Users\ACER\Documents\GitHub\Blute-Engine-bkp\Wolforce\Wolforce\Debug\link.3280.read.1.tlog
C:\Users\ACER\Documents\GitHub\Blute-Engine-bkp\Wolforce\Wolforce\Debug\link.3280.write.1.tlog
C:\Users\ACER\Documents\GitHub\Blute-Engine-bkp\Wolforce\Wolforce\Debug\link.3280-cvtres.read.1.tlog
C:\Users\ACER\Documents\GitHub\Blute-Engine-bkp\Wolforce\Wolforce\Debug\link.3280-cvtres.write.1.tlog
C:\Users\ACER\Documents\GitHub\Blute-Engine-bkp\Wolforce\Wolforce\Debug\link.command.1.tlog
C:\Users\ACER\Documents\GitHub\Blute-Engine-bkp\Wolforce\Wolforce\Debug\link.read.1.tlog
C:\Users\ACER\Documents\GitHub\Blute-Engine-bkp\Wolforce\Wolforce\Debug\link.write.1.tlog
C:\Users\ACER\Documents\GitHub\Blute-Engine-bkp\Wolforce\Wolforce\Debug\link-cvtres.read.1.tlog
C:\Users\ACER\Documents\GitHub\Blute-Engine-bkp\Wolforce\Wolforce\Debug\link-cvtres.write.1.tlog
C:\USERS\ACER\DOCUMENTS\GITHUB\BLUTE-ENGINE-BKP\WOLFORCE\WOLFORCE\DEBUG\MOUSE.OBJ
C:\Users\ACER\Documents\GitHub\Blute-Engine-bkp\Wolforce\Wolforce\Debug\mt.command.1.tlog
C:\Users\ACER\Documents\GitHub\Blute-Engine-bkp\Wolforce\Wolforce\Debug\mt.read.1.tlog
C:\Users\ACER\Documents\GitHub\Blute-Engine-bkp\Wolforce\Wolforce\Debug\mt.write.1.tlog
C:\Users\ACER\Documents\GitHub\Blute-Engine-bkp\Wolforce\Wolforce\Debug\rc.command.1.tlog
C:\Users\ACER\Documents\GitHub\Blute-Engine-bkp\Wolforce\Wolforce\Debug\rc.read.1.tlog
C:\Users\ACER\Documents\GitHub\Blute-Engine-bkp\Wolforce\Wolforce\Debug\rc.write.1.tlog
C:\USERS\ACER\DOCUMENTS\GITHUB\BLUTE-ENGINE-BKP\WOLFORCE\WOLFORCE\DEBUG\SCENE.OBJ
C:\USERS\ACER\DOCUMENTS\GITHUB\BLUTE-ENGINE-BKP\WOLFORCE\WOLFORCE\DEBUG\SPATIALMANAGER.OBJ
C:\USERS\ACER\DOCUMENTS\GITHUB\BLUTE-ENGINE-BKP\WOLFORCE\WOLFORCE\DEBUG\STATEMACHINE.OBJ
C:\USERS\ACER\DOCUMENTS\GITHUB\BLUTE-ENGINE-BKP\WOLFORCE\WOLFORCE\DEBUG\STDAFX.OBJ
C:\Users\ACER\Documents\GitHub\Blute-Engine-bkp\Wolforce\Wolforce\Debug\vc100.idb
C:\USERS\ACER\DOCUMENTS\GITHUB\BLUTE-ENGINE-BKP\WOLFORCE\WOLFORCE\DEBUG\VC100.PDB
C:\USERS\ACER\DOCUMENTS\GITHUB\BLUTE-ENGINE-BKP\WOLFORCE\WOLFORCE\DEBUG\WOLFORCE.DLL.EMBED.MANIFEST
C:\USERS\ACER\DOCUMENTS\GITHUB\BLUTE-ENGINE-BKP\WOLFORCE\WOLFORCE\DEBUG\WOLFORCE.DLL.EMBED.MANIFEST.RES
C:\USERS\ACER\DOCUMENTS\GITHUB\BLUTE-ENGINE-BKP\WOLFORCE\WOLFORCE\DEBUG\WOLFORCE.DLL.INTERMEDIATE.MANIFEST
C:\USERS\ACER\DOCUMENTS\GITHUB\BLUTE-ENGINE-BKP\WOLFORCE\WOLFORCE\DEBUG\WOLFORCE.PCH
C:\Users\ACER\Documents\GitHub\Blute-Engine-bkp\Wolforce\Wolforce\Debug\Wolforce.write.1.tlog
C:\Users\ACER\Documents\GitHub\Blute-Engine-bkp\Wolforce\Wolforce\Debug\Wolforce_manifest.rc
