..\..\bin\Debug\IrrWolforce.ilk
..\..\bin\Debug\IrrWolforce.pdb
C:\USERS\ACER\DOCUMENTS\GITHUB\BLUTE-ENGINE-BKP\BIN\DEBUG\IRRWOLFORCE.DLL
C:\USERS\ACER\DOCUMENTS\GITHUB\BLUTE-ENGINE-BKP\BIN\DEBUG\IRRWOLFORCE.ILK
C:\USERS\ACER\DOCUMENTS\GITHUB\BLUTE-ENGINE-BKP\BIN\DEBUG\IRRWOLFORCE.PDB
C:\Users\ACER\Documents\GitHub\Blute-Engine-bkp\IrrWolforce\IrrWolforce\..\..\bin\Debug\IrrWolforce.dll
C:\Users\ACER\Documents\GitHub\Blute-Engine-bkp\IrrWolforce\IrrWolforce\Debug\cl.command.1.tlog
C:\Users\ACER\Documents\GitHub\Blute-Engine-bkp\IrrWolforce\IrrWolforce\Debug\CL.read.1.tlog
C:\Users\ACER\Documents\GitHub\Blute-Engine-bkp\IrrWolforce\IrrWolforce\Debug\CL.write.1.tlog
C:\USERS\ACER\DOCUMENTS\GITHUB\BLUTE-ENGINE-BKP\IRRWOLFORCE\IRRWOLFORCE\DEBUG\DLLMAIN.OBJ
C:\USERS\ACER\DOCUMENTS\GITHUB\BLUTE-ENGINE-BKP\IRRWOLFORCE\IRRWOLFORCE\DEBUG\IRRANIMATEDMESH.OBJ
C:\USERS\ACER\DOCUMENTS\GITHUB\BLUTE-ENGINE-BKP\IRRWOLFORCE\IRRWOLFORCE\DEBUG\IRRCAMERA.OBJ
C:\USERS\ACER\DOCUMENTS\GITHUB\BLUTE-ENGINE-BKP\IRRWOLFORCE\IRRWOLFORCE\DEBUG\IRRCOLLISIONMANAGER.OBJ
C:\USERS\ACER\DOCUMENTS\GITHUB\BLUTE-ENGINE-BKP\IRRWOLFORCE\IRRWOLFORCE\DEBUG\IRRENGINESTRATEGY.OBJ
C:\USERS\ACER\DOCUMENTS\GITHUB\BLUTE-ENGINE-BKP\IRRWOLFORCE\IRRWOLFORCE\DEBUG\IRRGAMEOBJECTIMPL.OBJ
C:\USERS\ACER\DOCUMENTS\GITHUB\BLUTE-ENGINE-BKP\IRRWOLFORCE\IRRWOLFORCE\DEBUG\IRRGUIENVIRONMENT.OBJ
C:\USERS\ACER\DOCUMENTS\GITHUB\BLUTE-ENGINE-BKP\IRRWOLFORCE\IRRWOLFORCE\DEBUG\IRRINPUT.OBJ
C:\USERS\ACER\DOCUMENTS\GITHUB\BLUTE-ENGINE-BKP\IRRWOLFORCE\IRRWOLFORCE\DEBUG\IRRKLANGSCENENODE.OBJ
C:\USERS\ACER\DOCUMENTS\GITHUB\BLUTE-ENGINE-BKP\IRRWOLFORCE\IRRWOLFORCE\DEBUG\IRRLEVEL.OBJ
C:\USERS\ACER\DOCUMENTS\GITHUB\BLUTE-ENGINE-BKP\IRRWOLFORCE\IRRWOLFORCE\DEBUG\IRRMESH.OBJ
C:\USERS\ACER\DOCUMENTS\GITHUB\BLUTE-ENGINE-BKP\IRRWOLFORCE\IRRWOLFORCE\DEBUG\IRRPARTICLES.OBJ
C:\USERS\ACER\DOCUMENTS\GITHUB\BLUTE-ENGINE-BKP\IRRWOLFORCE\IRRWOLFORCE\DEBUG\IRRSCENE.OBJ
C:\USERS\ACER\DOCUMENTS\GITHUB\BLUTE-ENGINE-BKP\IRRWOLFORCE\IRRWOLFORCE\DEBUG\IRRSPHERE.OBJ
C:\USERS\ACER\DOCUMENTS\GITHUB\BLUTE-ENGINE-BKP\IRRWOLFORCE\IRRWOLFORCE\DEBUG\IRRWOLFORCE.DLL.EMBED.MANIFEST
C:\USERS\ACER\DOCUMENTS\GITHUB\BLUTE-ENGINE-BKP\IRRWOLFORCE\IRRWOLFORCE\DEBUG\IRRWOLFORCE.DLL.EMBED.MANIFEST.RES
C:\USERS\ACER\DOCUMENTS\GITHUB\BLUTE-ENGINE-BKP\IRRWOLFORCE\IRRWOLFORCE\DEBUG\IRRWOLFORCE.DLL.INTERMEDIATE.MANIFEST
C:\USERS\ACER\DOCUMENTS\GITHUB\BLUTE-ENGINE-BKP\IRRWOLFORCE\IRRWOLFORCE\DEBUG\IRRWOLFORCE.PCH
C:\Users\ACER\Documents\GitHub\Blute-Engine-bkp\IrrWolforce\IrrWolforce\Debug\IrrWolforce.write.1.tlog
C:\Users\ACER\Documents\GitHub\Blute-Engine-bkp\IrrWolforce\IrrWolforce\Debug\IrrWolforce_manifest.rc
C:\Users\ACER\Documents\GitHub\Blute-Engine-bkp\IrrWolforce\IrrWolforce\Debug\link.3740.read.1.tlog
C:\Users\ACER\Documents\GitHub\Blute-Engine-bkp\IrrWolforce\IrrWolforce\Debug\link.3740.write.1.tlog
C:\Users\ACER\Documents\GitHub\Blute-Engine-bkp\IrrWolforce\IrrWolforce\Debug\link.3740-cvtres.read.1.tlog
C:\Users\ACER\Documents\GitHub\Blute-Engine-bkp\IrrWolforce\IrrWolforce\Debug\link.3740-cvtres.write.1.tlog
C:\Users\ACER\Documents\GitHub\Blute-Engine-bkp\IrrWolforce\IrrWolforce\Debug\link.command.1.tlog
C:\Users\ACER\Documents\GitHub\Blute-Engine-bkp\IrrWolforce\IrrWolforce\Debug\link.read.1.tlog
C:\Users\ACER\Documents\GitHub\Blute-Engine-bkp\IrrWolforce\IrrWolforce\Debug\link.write.1.tlog
C:\Users\ACER\Documents\GitHub\Blute-Engine-bkp\IrrWolforce\IrrWolforce\Debug\link-cvtres.read.1.tlog
C:\Users\ACER\Documents\GitHub\Blute-Engine-bkp\IrrWolforce\IrrWolforce\Debug\link-cvtres.write.1.tlog
C:\USERS\ACER\DOCUMENTS\GITHUB\BLUTE-ENGINE-BKP\IRRWOLFORCE\IRRWOLFORCE\DEBUG\LUAVIRTUALMACHINE.OBJ
C:\Users\ACER\Documents\GitHub\Blute-Engine-bkp\IrrWolforce\IrrWolforce\Debug\mt.command.1.tlog
C:\Users\ACER\Documents\GitHub\Blute-Engine-bkp\IrrWolforce\IrrWolforce\Debug\mt.read.1.tlog
C:\Users\ACER\Documents\GitHub\Blute-Engine-bkp\IrrWolforce\IrrWolforce\Debug\mt.write.1.tlog
C:\Users\ACER\Documents\GitHub\Blute-Engine-bkp\IrrWolforce\IrrWolforce\Debug\rc.command.1.tlog
C:\Users\ACER\Documents\GitHub\Blute-Engine-bkp\IrrWolforce\IrrWolforce\Debug\rc.read.1.tlog
C:\Users\ACER\Documents\GitHub\Blute-Engine-bkp\IrrWolforce\IrrWolforce\Debug\rc.write.1.tlog
C:\USERS\ACER\DOCUMENTS\GITHUB\BLUTE-ENGINE-BKP\IRRWOLFORCE\IRRWOLFORCE\DEBUG\STDAFX.OBJ
C:\Users\ACER\Documents\GitHub\Blute-Engine-bkp\IrrWolforce\IrrWolforce\Debug\vc100.idb
C:\USERS\ACER\DOCUMENTS\GITHUB\BLUTE-ENGINE-BKP\IRRWOLFORCE\IRRWOLFORCE\DEBUG\VC100.PDB
C:\Users\ACER\Documents\GitHub\Blute-Engine-bkp\lib\Debug\IrrWolforce.exp
C:\Users\ACER\Documents\GitHub\Blute-Engine-bkp\lib\Debug\IrrWolforce.lib
