Build started 13/12/2012 11:44:27.
     1>Project "C:\Users\ACER\Documents\GitHub\Blute-Engine-bkp\IrrWolforce\IrrWolforce\IrrWolforce.vcxproj" on node 2 (build target(s)).
     1>InitializeBuildStatus:
         Touching "Debug\IrrWolforce.unsuccessfulbuild".
       ClCompile:
         All outputs are up-to-date.
         All outputs are up-to-date.
         c:\Program Files (x86)\Microsoft Visual Studio 10.0\VC\bin\CL.exe /c /I..\..\boost_1_35_0\ /I..\..\lua5_1_4\include /I"..\..\Diluculum-0.5.5\include" /I..\..\Wolforce\Wolforce /I"..\..\irrlicht-1.7.2\include" /I"..\..\irrKlang-1.3.0\include" /ZI /nologo /W3 /WX- /Od /Oy- /D WIN32 /D _DEBUG /D _WINDOWS /D _USRDLL /D IRRWOLFORCE_EXPORTS /D _WINDLL /D _UNICODE /D UNICODE /Gm /EHsc /RTC1 /MDd /GS /fp:precise /Zc:wchar_t /Zc:forScope /Fo"Debug\\" /Fd"Debug\vc100.pdb" /Gd /TP /analyze- /errorReport:prompt IrrCollisionManager.cpp
         IrrCollisionManager.cpp
       ManifestResourceCompile:
         All outputs are up-to-date.
       Link:
         c:\Program Files (x86)\Microsoft Visual Studio 10.0\VC\bin\link.exe /ERRORREPORT:PROMPT /OUT:"..\..\bin\Debug\IrrWolforce.dll" /INCREMENTAL /NOLOGO /LIBPATH:..\..\lua5_1_4\ /LIBPATH:"..\..\Diluculum-0.5.5\bin\Debug" /LIBPATH:..\..\lib\Debug /LIBPATH:"..\..\irrKlang-1.3.0\lib\Win32-visualStudio" /LIBPATH:"..\..\irrlicht-1.7.2\lib\Win32 Debug-visualstudio" Wolforce.lib Irrlicht.lib irrKlang.lib diluculum.lib lua51.lib kernel32.lib user32.lib gdi32.lib winspool.lib comdlg32.lib advapi32.lib shell32.lib ole32.lib oleaut32.lib uuid.lib odbc32.lib odbccp32.lib /MANIFEST /ManifestFile:"Debug\IrrWolforce.dll.intermediate.manifest" /MANIFESTUAC:"level='asInvoker' uiAccess='false'" /DEBUG /PDB:"C:\Users\ACER\Documents\GitHub\Blute-Engine-bkp\bin\Debug\IrrWolforce.pdb" /SUBSYSTEM:WINDOWS /TLBID:1 /DYNAMICBASE /NXCOMPAT /IMPLIB:"..\..\lib\Debug\IrrWolforce.lib" /MACHINE:X86 /DLL Debug\IrrWolforce.dll.embed.manifest.res
         Debug\dllmain.obj
         Debug\IrrAnimatedMesh.obj
         Debug\IrrCamera.obj
         Debug\IrrCollisionManager.obj
         Debug\IrrEngineStrategy.obj
         Debug\IrrGameObjectImpl.obj
         Debug\IrrGUIEnvironment.obj
         Debug\IrrInput.obj
         Debug\irrKlangSceneNode.obj
         Debug\IrrLevel.obj
         Debug\IrrMesh.obj
         Debug\IrrParticles.obj
         Debug\IrrScene.obj
         Debug\IrrSphere.obj
         Debug\LuaVirtualMachine.obj
         Debug\stdafx.obj
       Manifest:
         C:\Program Files (x86)\Microsoft SDKs\Windows\v7.0A\bin\mt.exe /nologo /verbose /out:"Debug\IrrWolforce.dll.embed.manifest" /manifest Debug\IrrWolforce.dll.intermediate.manifest
         All outputs are up-to-date.
       LinkEmbedManifest:
         All outputs are up-to-date.
         IrrWolforce.vcxproj -> C:\Users\ACER\Documents\GitHub\Blute-Engine-bkp\IrrWolforce\IrrWolforce\..\..\bin\Debug\IrrWolforce.dll
       FinalizeBuildStatus:
         Deleting file "Debug\IrrWolforce.unsuccessfulbuild".
         Touching "Debug\IrrWolforce.lastbuildstate".
     1>Done Building Project "C:\Users\ACER\Documents\GitHub\Blute-Engine-bkp\IrrWolforce\IrrWolforce\IrrWolforce.vcxproj" (build target(s)).

Build succeeded.

Time Elapsed 00:00:02.93
