C:\Users\Lucas\Desktop\Draxus 0.7\irrlicht-1.7.2\source\Irrlicht\obj\Release\cl.command.1.tlog
C:\Users\Lucas\Desktop\Draxus 0.7\irrlicht-1.7.2\source\Irrlicht\obj\Release\CL.read.1.tlog
C:\Users\Lucas\Desktop\Draxus 0.7\irrlicht-1.7.2\source\Irrlicht\obj\Release\CL.write.1.tlog
C:\USERS\LUCAS\DESKTOP\DRAXUS 0.7\IRRLICHT-1.7.2\SOURCE\OBJ\IRRRELEASE\AESCRYPT.OBJ
C:\USERS\LUCAS\DESKTOP\DRAXUS 0.7\IRRLICHT-1.7.2\SOURCE\OBJ\IRRRELEASE\AESKEY.OBJ
C:\USERS\LUCAS\DESKTOP\DRAXUS 0.7\IRRLICHT-1.7.2\SOURCE\OBJ\IRRRELEASE\AESTAB.OBJ
C:\USERS\LUCAS\DESKTOP\DRAXUS 0.7\IRRLICHT-1.7.2\SOURCE\OBJ\IRRRELEASE\C3DSMESHFILELOADER.OBJ
C:\USERS\LUCAS\DESKTOP\DRAXUS 0.7\IRRLICHT-1.7.2\SOURCE\OBJ\IRRRELEASE\CANIMATEDMESHMD2.OBJ
C:\USERS\LUCAS\DESKTOP\DRAXUS 0.7\IRRLICHT-1.7.2\SOURCE\OBJ\IRRRELEASE\CANIMATEDMESHMD3.OBJ
C:\USERS\LUCAS\DESKTOP\DRAXUS 0.7\IRRLICHT-1.7.2\SOURCE\OBJ\IRRRELEASE\CANIMATEDMESHSCENENODE.OBJ
C:\USERS\LUCAS\DESKTOP\DRAXUS 0.7\IRRLICHT-1.7.2\SOURCE\OBJ\IRRRELEASE\CATTRIBUTES.OBJ
C:\USERS\LUCAS\DESKTOP\DRAXUS 0.7\IRRLICHT-1.7.2\SOURCE\OBJ\IRRRELEASE\CB3DMESHFILELOADER.OBJ
C:\USERS\LUCAS\DESKTOP\DRAXUS 0.7\IRRLICHT-1.7.2\SOURCE\OBJ\IRRRELEASE\CBILLBOARDSCENENODE.OBJ
C:\USERS\LUCAS\DESKTOP\DRAXUS 0.7\IRRLICHT-1.7.2\SOURCE\OBJ\IRRRELEASE\CBONESCENENODE.OBJ
C:\USERS\LUCAS\DESKTOP\DRAXUS 0.7\IRRLICHT-1.7.2\SOURCE\OBJ\IRRRELEASE\CBSPMESHFILELOADER.OBJ
C:\USERS\LUCAS\DESKTOP\DRAXUS 0.7\IRRLICHT-1.7.2\SOURCE\OBJ\IRRRELEASE\CBURNINGSHADER_RASTER_REFERENCE.OBJ
C:\USERS\LUCAS\DESKTOP\DRAXUS 0.7\IRRLICHT-1.7.2\SOURCE\OBJ\IRRRELEASE\CCAMERASCENENODE.OBJ
C:\USERS\LUCAS\DESKTOP\DRAXUS 0.7\IRRLICHT-1.7.2\SOURCE\OBJ\IRRRELEASE\CCOLLADAFILELOADER.OBJ
C:\USERS\LUCAS\DESKTOP\DRAXUS 0.7\IRRLICHT-1.7.2\SOURCE\OBJ\IRRRELEASE\CCOLLADAMESHWRITER.OBJ
C:\USERS\LUCAS\DESKTOP\DRAXUS 0.7\IRRLICHT-1.7.2\SOURCE\OBJ\IRRRELEASE\CCOLORCONVERTER.OBJ
C:\USERS\LUCAS\DESKTOP\DRAXUS 0.7\IRRLICHT-1.7.2\SOURCE\OBJ\IRRRELEASE\CCSMLOADER.OBJ
C:\USERS\LUCAS\DESKTOP\DRAXUS 0.7\IRRLICHT-1.7.2\SOURCE\OBJ\IRRRELEASE\CCUBESCENENODE.OBJ
C:\USERS\LUCAS\DESKTOP\DRAXUS 0.7\IRRLICHT-1.7.2\SOURCE\OBJ\IRRRELEASE\CD3D8DRIVER.OBJ
C:\USERS\LUCAS\DESKTOP\DRAXUS 0.7\IRRLICHT-1.7.2\SOURCE\OBJ\IRRRELEASE\CD3D8NORMALMAPRENDERER.OBJ
C:\USERS\LUCAS\DESKTOP\DRAXUS 0.7\IRRLICHT-1.7.2\SOURCE\OBJ\IRRRELEASE\CD3D8PARALLAXMAPRENDERER.OBJ
C:\USERS\LUCAS\DESKTOP\DRAXUS 0.7\IRRLICHT-1.7.2\SOURCE\OBJ\IRRRELEASE\CD3D8SHADERMATERIALRENDERER.OBJ
C:\USERS\LUCAS\DESKTOP\DRAXUS 0.7\IRRLICHT-1.7.2\SOURCE\OBJ\IRRRELEASE\CD3D8TEXTURE.OBJ
C:\USERS\LUCAS\DESKTOP\DRAXUS 0.7\IRRLICHT-1.7.2\SOURCE\OBJ\IRRRELEASE\CDEFAULTGUIELEMENTFACTORY.OBJ
C:\USERS\LUCAS\DESKTOP\DRAXUS 0.7\IRRLICHT-1.7.2\SOURCE\OBJ\IRRRELEASE\CDEFAULTSCENENODEANIMATORFACTORY.OBJ
C:\USERS\LUCAS\DESKTOP\DRAXUS 0.7\IRRLICHT-1.7.2\SOURCE\OBJ\IRRRELEASE\CDEFAULTSCENENODEFACTORY.OBJ
C:\USERS\LUCAS\DESKTOP\DRAXUS 0.7\IRRLICHT-1.7.2\SOURCE\OBJ\IRRRELEASE\CDEPTHBUFFER.OBJ
C:\USERS\LUCAS\DESKTOP\DRAXUS 0.7\IRRLICHT-1.7.2\SOURCE\OBJ\IRRRELEASE\CDMFLOADER.OBJ
C:\USERS\LUCAS\DESKTOP\DRAXUS 0.7\IRRLICHT-1.7.2\SOURCE\OBJ\IRRRELEASE\CDUMMYTRANSFORMATIONSCENENODE.OBJ
C:\USERS\LUCAS\DESKTOP\DRAXUS 0.7\IRRLICHT-1.7.2\SOURCE\OBJ\IRRRELEASE\CEMPTYSCENENODE.OBJ
C:\USERS\LUCAS\DESKTOP\DRAXUS 0.7\IRRLICHT-1.7.2\SOURCE\OBJ\IRRRELEASE\CFILELIST.OBJ
C:\USERS\LUCAS\DESKTOP\DRAXUS 0.7\IRRLICHT-1.7.2\SOURCE\OBJ\IRRRELEASE\CFILESYSTEM.OBJ
C:\USERS\LUCAS\DESKTOP\DRAXUS 0.7\IRRLICHT-1.7.2\SOURCE\OBJ\IRRRELEASE\CFPSCOUNTER.OBJ
C:\USERS\LUCAS\DESKTOP\DRAXUS 0.7\IRRLICHT-1.7.2\SOURCE\OBJ\IRRRELEASE\CGEOMETRYCREATOR.OBJ
C:\USERS\LUCAS\DESKTOP\DRAXUS 0.7\IRRLICHT-1.7.2\SOURCE\OBJ\IRRRELEASE\CGUIBUTTON.OBJ
C:\USERS\LUCAS\DESKTOP\DRAXUS 0.7\IRRLICHT-1.7.2\SOURCE\OBJ\IRRRELEASE\CGUICHECKBOX.OBJ
C:\USERS\LUCAS\DESKTOP\DRAXUS 0.7\IRRLICHT-1.7.2\SOURCE\OBJ\IRRRELEASE\CGUICOLORSELECTDIALOG.OBJ
C:\USERS\LUCAS\DESKTOP\DRAXUS 0.7\IRRLICHT-1.7.2\SOURCE\OBJ\IRRRELEASE\CGUICOMBOBOX.OBJ
C:\USERS\LUCAS\DESKTOP\DRAXUS 0.7\IRRLICHT-1.7.2\SOURCE\OBJ\IRRRELEASE\CGUICONTEXTMENU.OBJ
C:\USERS\LUCAS\DESKTOP\DRAXUS 0.7\IRRLICHT-1.7.2\SOURCE\OBJ\IRRRELEASE\CGUIEDITBOX.OBJ
C:\USERS\LUCAS\DESKTOP\DRAXUS 0.7\IRRLICHT-1.7.2\SOURCE\OBJ\IRRRELEASE\CGUIENVIRONMENT.OBJ
C:\USERS\LUCAS\DESKTOP\DRAXUS 0.7\IRRLICHT-1.7.2\SOURCE\OBJ\IRRRELEASE\CGUIFILEOPENDIALOG.OBJ
C:\USERS\LUCAS\DESKTOP\DRAXUS 0.7\IRRLICHT-1.7.2\SOURCE\OBJ\IRRRELEASE\CGUIFONT.OBJ
C:\USERS\LUCAS\DESKTOP\DRAXUS 0.7\IRRLICHT-1.7.2\SOURCE\OBJ\IRRRELEASE\CGUIIMAGE.OBJ
C:\USERS\LUCAS\DESKTOP\DRAXUS 0.7\IRRLICHT-1.7.2\SOURCE\OBJ\IRRRELEASE\CGUIIMAGELIST.OBJ
C:\USERS\LUCAS\DESKTOP\DRAXUS 0.7\IRRLICHT-1.7.2\SOURCE\OBJ\IRRRELEASE\CGUIINOUTFADER.OBJ
C:\USERS\LUCAS\DESKTOP\DRAXUS 0.7\IRRLICHT-1.7.2\SOURCE\OBJ\IRRRELEASE\CGUILISTBOX.OBJ
C:\USERS\LUCAS\DESKTOP\DRAXUS 0.7\IRRLICHT-1.7.2\SOURCE\OBJ\IRRRELEASE\CGUIMENU.OBJ
C:\USERS\LUCAS\DESKTOP\DRAXUS 0.7\IRRLICHT-1.7.2\SOURCE\OBJ\IRRRELEASE\CGUIMESHVIEWER.OBJ
C:\USERS\LUCAS\DESKTOP\DRAXUS 0.7\IRRLICHT-1.7.2\SOURCE\OBJ\IRRRELEASE\CGUIMESSAGEBOX.OBJ
C:\USERS\LUCAS\DESKTOP\DRAXUS 0.7\IRRLICHT-1.7.2\SOURCE\OBJ\IRRRELEASE\CGUIMODALSCREEN.OBJ
C:\USERS\LUCAS\DESKTOP\DRAXUS 0.7\IRRLICHT-1.7.2\SOURCE\OBJ\IRRRELEASE\CGUISCROLLBAR.OBJ
C:\USERS\LUCAS\DESKTOP\DRAXUS 0.7\IRRLICHT-1.7.2\SOURCE\OBJ\IRRRELEASE\CGUISKIN.OBJ
C:\USERS\LUCAS\DESKTOP\DRAXUS 0.7\IRRLICHT-1.7.2\SOURCE\OBJ\IRRRELEASE\CGUISPINBOX.OBJ
C:\USERS\LUCAS\DESKTOP\DRAXUS 0.7\IRRLICHT-1.7.2\SOURCE\OBJ\IRRRELEASE\CGUISPRITEBANK.OBJ
C:\USERS\LUCAS\DESKTOP\DRAXUS 0.7\IRRLICHT-1.7.2\SOURCE\OBJ\IRRRELEASE\CGUISTATICTEXT.OBJ
C:\USERS\LUCAS\DESKTOP\DRAXUS 0.7\IRRLICHT-1.7.2\SOURCE\OBJ\IRRRELEASE\CGUITABCONTROL.OBJ
C:\USERS\LUCAS\DESKTOP\DRAXUS 0.7\IRRLICHT-1.7.2\SOURCE\OBJ\IRRRELEASE\CGUITABLE.OBJ
C:\USERS\LUCAS\DESKTOP\DRAXUS 0.7\IRRLICHT-1.7.2\SOURCE\OBJ\IRRRELEASE\CGUITOOLBAR.OBJ
C:\USERS\LUCAS\DESKTOP\DRAXUS 0.7\IRRLICHT-1.7.2\SOURCE\OBJ\IRRRELEASE\CGUITREEVIEW.OBJ
C:\USERS\LUCAS\DESKTOP\DRAXUS 0.7\IRRLICHT-1.7.2\SOURCE\OBJ\IRRRELEASE\CGUIWINDOW.OBJ
C:\USERS\LUCAS\DESKTOP\DRAXUS 0.7\IRRLICHT-1.7.2\SOURCE\OBJ\IRRRELEASE\CIMAGE.OBJ
C:\USERS\LUCAS\DESKTOP\DRAXUS 0.7\IRRLICHT-1.7.2\SOURCE\OBJ\IRRRELEASE\CIMAGELOADERBMP.OBJ
C:\USERS\LUCAS\DESKTOP\DRAXUS 0.7\IRRLICHT-1.7.2\SOURCE\OBJ\IRRRELEASE\CIMAGELOADERJPG.OBJ
C:\USERS\LUCAS\DESKTOP\DRAXUS 0.7\IRRLICHT-1.7.2\SOURCE\OBJ\IRRRELEASE\CIMAGELOADERPCX.OBJ
C:\USERS\LUCAS\DESKTOP\DRAXUS 0.7\IRRLICHT-1.7.2\SOURCE\OBJ\IRRRELEASE\CIMAGELOADERPNG.OBJ
C:\USERS\LUCAS\DESKTOP\DRAXUS 0.7\IRRLICHT-1.7.2\SOURCE\OBJ\IRRRELEASE\CIMAGELOADERPPM.OBJ
C:\USERS\LUCAS\DESKTOP\DRAXUS 0.7\IRRLICHT-1.7.2\SOURCE\OBJ\IRRRELEASE\CIMAGELOADERPSD.OBJ
C:\USERS\LUCAS\DESKTOP\DRAXUS 0.7\IRRLICHT-1.7.2\SOURCE\OBJ\IRRRELEASE\CIMAGELOADERRGB.OBJ
C:\USERS\LUCAS\DESKTOP\DRAXUS 0.7\IRRLICHT-1.7.2\SOURCE\OBJ\IRRRELEASE\CIMAGELOADERTGA.OBJ
C:\USERS\LUCAS\DESKTOP\DRAXUS 0.7\IRRLICHT-1.7.2\SOURCE\OBJ\IRRRELEASE\CIMAGELOADERWAL.OBJ
C:\USERS\LUCAS\DESKTOP\DRAXUS 0.7\IRRLICHT-1.7.2\SOURCE\OBJ\IRRRELEASE\CIMAGEWRITERBMP.OBJ
C:\USERS\LUCAS\DESKTOP\DRAXUS 0.7\IRRLICHT-1.7.2\SOURCE\OBJ\IRRRELEASE\CIMAGEWRITERJPG.OBJ
C:\USERS\LUCAS\DESKTOP\DRAXUS 0.7\IRRLICHT-1.7.2\SOURCE\OBJ\IRRRELEASE\CIMAGEWRITERPCX.OBJ
C:\USERS\LUCAS\DESKTOP\DRAXUS 0.7\IRRLICHT-1.7.2\SOURCE\OBJ\IRRRELEASE\CIMAGEWRITERPNG.OBJ
C:\USERS\LUCAS\DESKTOP\DRAXUS 0.7\IRRLICHT-1.7.2\SOURCE\OBJ\IRRRELEASE\CIMAGEWRITERPPM.OBJ
C:\USERS\LUCAS\DESKTOP\DRAXUS 0.7\IRRLICHT-1.7.2\SOURCE\OBJ\IRRRELEASE\CIMAGEWRITERPSD.OBJ
C:\USERS\LUCAS\DESKTOP\DRAXUS 0.7\IRRLICHT-1.7.2\SOURCE\OBJ\IRRRELEASE\CIMAGEWRITERTGA.OBJ
C:\USERS\LUCAS\DESKTOP\DRAXUS 0.7\IRRLICHT-1.7.2\SOURCE\OBJ\IRRRELEASE\CIRRDEVICECONSOLE.OBJ
C:\USERS\LUCAS\DESKTOP\DRAXUS 0.7\IRRLICHT-1.7.2\SOURCE\OBJ\IRRRELEASE\CIRRDEVICEFB.OBJ
C:\USERS\LUCAS\DESKTOP\DRAXUS 0.7\IRRLICHT-1.7.2\SOURCE\OBJ\IRRRELEASE\CIRRDEVICELINUX.OBJ
C:\USERS\LUCAS\DESKTOP\DRAXUS 0.7\IRRLICHT-1.7.2\SOURCE\OBJ\IRRRELEASE\CIRRDEVICESDL.OBJ
C:\USERS\LUCAS\DESKTOP\DRAXUS 0.7\IRRLICHT-1.7.2\SOURCE\OBJ\IRRRELEASE\CIRRDEVICESTUB.OBJ
C:\USERS\LUCAS\DESKTOP\DRAXUS 0.7\IRRLICHT-1.7.2\SOURCE\OBJ\IRRRELEASE\CIRRDEVICEWIN32.OBJ
C:\USERS\LUCAS\DESKTOP\DRAXUS 0.7\IRRLICHT-1.7.2\SOURCE\OBJ\IRRRELEASE\CIRRDEVICEWINCE.OBJ
C:\USERS\LUCAS\DESKTOP\DRAXUS 0.7\IRRLICHT-1.7.2\SOURCE\OBJ\IRRRELEASE\CIRRMESHFILELOADER.OBJ
C:\USERS\LUCAS\DESKTOP\DRAXUS 0.7\IRRLICHT-1.7.2\SOURCE\OBJ\IRRRELEASE\CIRRMESHWRITER.OBJ
C:\USERS\LUCAS\DESKTOP\DRAXUS 0.7\IRRLICHT-1.7.2\SOURCE\OBJ\IRRRELEASE\CLIGHTSCENENODE.OBJ
C:\USERS\LUCAS\DESKTOP\DRAXUS 0.7\IRRLICHT-1.7.2\SOURCE\OBJ\IRRRELEASE\CLIMITREADFILE.OBJ
C:\USERS\LUCAS\DESKTOP\DRAXUS 0.7\IRRLICHT-1.7.2\SOURCE\OBJ\IRRRELEASE\CLMTSMESHFILELOADER.OBJ
C:\USERS\LUCAS\DESKTOP\DRAXUS 0.7\IRRLICHT-1.7.2\SOURCE\OBJ\IRRRELEASE\CLOGGER.OBJ
C:\USERS\LUCAS\DESKTOP\DRAXUS 0.7\IRRLICHT-1.7.2\SOURCE\OBJ\IRRRELEASE\CLWOMESHFILELOADER.OBJ
C:\USERS\LUCAS\DESKTOP\DRAXUS 0.7\IRRLICHT-1.7.2\SOURCE\OBJ\IRRRELEASE\CMD2MESHFILELOADER.OBJ
C:\USERS\LUCAS\DESKTOP\DRAXUS 0.7\IRRLICHT-1.7.2\SOURCE\OBJ\IRRRELEASE\CMD3MESHFILELOADER.OBJ
C:\USERS\LUCAS\DESKTOP\DRAXUS 0.7\IRRLICHT-1.7.2\SOURCE\OBJ\IRRRELEASE\CMEMORYFILE.OBJ
C:\USERS\LUCAS\DESKTOP\DRAXUS 0.7\IRRLICHT-1.7.2\SOURCE\OBJ\IRRRELEASE\CMESHCACHE.OBJ
C:\USERS\LUCAS\DESKTOP\DRAXUS 0.7\IRRLICHT-1.7.2\SOURCE\OBJ\IRRRELEASE\CMESHMANIPULATOR.OBJ
C:\USERS\LUCAS\DESKTOP\DRAXUS 0.7\IRRLICHT-1.7.2\SOURCE\OBJ\IRRRELEASE\CMESHSCENENODE.OBJ
C:\USERS\LUCAS\DESKTOP\DRAXUS 0.7\IRRLICHT-1.7.2\SOURCE\OBJ\IRRRELEASE\CMETATRIANGLESELECTOR.OBJ
C:\USERS\LUCAS\DESKTOP\DRAXUS 0.7\IRRLICHT-1.7.2\SOURCE\OBJ\IRRRELEASE\CMOUNTPOINTREADER.OBJ
C:\USERS\LUCAS\DESKTOP\DRAXUS 0.7\IRRLICHT-1.7.2\SOURCE\OBJ\IRRRELEASE\CMS3DMESHFILELOADER.OBJ
C:\USERS\LUCAS\DESKTOP\DRAXUS 0.7\IRRLICHT-1.7.2\SOURCE\OBJ\IRRRELEASE\CMY3DMESHFILELOADER.OBJ
C:\USERS\LUCAS\DESKTOP\DRAXUS 0.7\IRRLICHT-1.7.2\SOURCE\OBJ\IRRRELEASE\CNPKREADER.OBJ
C:\USERS\LUCAS\DESKTOP\DRAXUS 0.7\IRRLICHT-1.7.2\SOURCE\OBJ\IRRRELEASE\CNULLDRIVER.OBJ
C:\USERS\LUCAS\DESKTOP\DRAXUS 0.7\IRRLICHT-1.7.2\SOURCE\OBJ\IRRRELEASE\COBJMESHFILELOADER.OBJ
C:\USERS\LUCAS\DESKTOP\DRAXUS 0.7\IRRLICHT-1.7.2\SOURCE\OBJ\IRRRELEASE\COBJMESHWRITER.OBJ
C:\USERS\LUCAS\DESKTOP\DRAXUS 0.7\IRRLICHT-1.7.2\SOURCE\OBJ\IRRRELEASE\COCTLOADER.OBJ
C:\USERS\LUCAS\DESKTOP\DRAXUS 0.7\IRRLICHT-1.7.2\SOURCE\OBJ\IRRRELEASE\COCTREESCENENODE.OBJ
C:\USERS\LUCAS\DESKTOP\DRAXUS 0.7\IRRLICHT-1.7.2\SOURCE\OBJ\IRRRELEASE\COCTREETRIANGLESELECTOR.OBJ
C:\USERS\LUCAS\DESKTOP\DRAXUS 0.7\IRRLICHT-1.7.2\SOURCE\OBJ\IRRRELEASE\COGREMESHFILELOADER.OBJ
C:\USERS\LUCAS\DESKTOP\DRAXUS 0.7\IRRLICHT-1.7.2\SOURCE\OBJ\IRRRELEASE\COPENGLDRIVER.OBJ
C:\USERS\LUCAS\DESKTOP\DRAXUS 0.7\IRRLICHT-1.7.2\SOURCE\OBJ\IRRRELEASE\COPENGLEXTENSIONHANDLER.OBJ
C:\USERS\LUCAS\DESKTOP\DRAXUS 0.7\IRRLICHT-1.7.2\SOURCE\OBJ\IRRRELEASE\COPENGLNORMALMAPRENDERER.OBJ
C:\USERS\LUCAS\DESKTOP\DRAXUS 0.7\IRRLICHT-1.7.2\SOURCE\OBJ\IRRRELEASE\COPENGLPARALLAXMAPRENDERER.OBJ
C:\USERS\LUCAS\DESKTOP\DRAXUS 0.7\IRRLICHT-1.7.2\SOURCE\OBJ\IRRRELEASE\COPENGLSHADERMATERIALRENDERER.OBJ
C:\USERS\LUCAS\DESKTOP\DRAXUS 0.7\IRRLICHT-1.7.2\SOURCE\OBJ\IRRRELEASE\COPENGLSLMATERIALRENDERER.OBJ
C:\USERS\LUCAS\DESKTOP\DRAXUS 0.7\IRRLICHT-1.7.2\SOURCE\OBJ\IRRRELEASE\COPENGLTEXTURE.OBJ
C:\USERS\LUCAS\DESKTOP\DRAXUS 0.7\IRRLICHT-1.7.2\SOURCE\OBJ\IRRRELEASE\COSOPERATOR.OBJ
C:\USERS\LUCAS\DESKTOP\DRAXUS 0.7\IRRLICHT-1.7.2\SOURCE\OBJ\IRRRELEASE\CPAKREADER.OBJ
C:\USERS\LUCAS\DESKTOP\DRAXUS 0.7\IRRLICHT-1.7.2\SOURCE\OBJ\IRRRELEASE\CPARTICLEANIMATEDMESHSCENENODEEMITTER.OBJ
C:\USERS\LUCAS\DESKTOP\DRAXUS 0.7\IRRLICHT-1.7.2\SOURCE\OBJ\IRRRELEASE\CPARTICLEATTRACTIONAFFECTOR.OBJ
C:\USERS\LUCAS\DESKTOP\DRAXUS 0.7\IRRLICHT-1.7.2\SOURCE\OBJ\IRRRELEASE\CPARTICLEBOXEMITTER.OBJ
C:\USERS\LUCAS\DESKTOP\DRAXUS 0.7\IRRLICHT-1.7.2\SOURCE\OBJ\IRRRELEASE\CPARTICLECYLINDEREMITTER.OBJ
C:\USERS\LUCAS\DESKTOP\DRAXUS 0.7\IRRLICHT-1.7.2\SOURCE\OBJ\IRRRELEASE\CPARTICLEFADEOUTAFFECTOR.OBJ
C:\USERS\LUCAS\DESKTOP\DRAXUS 0.7\IRRLICHT-1.7.2\SOURCE\OBJ\IRRRELEASE\CPARTICLEGRAVITYAFFECTOR.OBJ
C:\USERS\LUCAS\DESKTOP\DRAXUS 0.7\IRRLICHT-1.7.2\SOURCE\OBJ\IRRRELEASE\CPARTICLEMESHEMITTER.OBJ
C:\USERS\LUCAS\DESKTOP\DRAXUS 0.7\IRRLICHT-1.7.2\SOURCE\OBJ\IRRRELEASE\CPARTICLEPOINTEMITTER.OBJ
C:\USERS\LUCAS\DESKTOP\DRAXUS 0.7\IRRLICHT-1.7.2\SOURCE\OBJ\IRRRELEASE\CPARTICLERINGEMITTER.OBJ
C:\USERS\LUCAS\DESKTOP\DRAXUS 0.7\IRRLICHT-1.7.2\SOURCE\OBJ\IRRRELEASE\CPARTICLEROTATIONAFFECTOR.OBJ
C:\USERS\LUCAS\DESKTOP\DRAXUS 0.7\IRRLICHT-1.7.2\SOURCE\OBJ\IRRRELEASE\CPARTICLESCALEAFFECTOR.OBJ
C:\USERS\LUCAS\DESKTOP\DRAXUS 0.7\IRRLICHT-1.7.2\SOURCE\OBJ\IRRRELEASE\CPARTICLESPHEREEMITTER.OBJ
C:\USERS\LUCAS\DESKTOP\DRAXUS 0.7\IRRLICHT-1.7.2\SOURCE\OBJ\IRRRELEASE\CPARTICLESYSTEMSCENENODE.OBJ
C:\USERS\LUCAS\DESKTOP\DRAXUS 0.7\IRRLICHT-1.7.2\SOURCE\OBJ\IRRRELEASE\CPLYMESHFILELOADER.OBJ
C:\USERS\LUCAS\DESKTOP\DRAXUS 0.7\IRRLICHT-1.7.2\SOURCE\OBJ\IRRRELEASE\CPLYMESHWRITER.OBJ
C:\USERS\LUCAS\DESKTOP\DRAXUS 0.7\IRRLICHT-1.7.2\SOURCE\OBJ\IRRRELEASE\CQ3LEVELMESH.OBJ
C:\USERS\LUCAS\DESKTOP\DRAXUS 0.7\IRRLICHT-1.7.2\SOURCE\OBJ\IRRRELEASE\CQUAKE3SHADERSCENENODE.OBJ
C:\USERS\LUCAS\DESKTOP\DRAXUS 0.7\IRRLICHT-1.7.2\SOURCE\OBJ\IRRRELEASE\CREADFILE.OBJ
C:\USERS\LUCAS\DESKTOP\DRAXUS 0.7\IRRLICHT-1.7.2\SOURCE\OBJ\IRRRELEASE\CSCENECOLLISIONMANAGER.OBJ
C:\USERS\LUCAS\DESKTOP\DRAXUS 0.7\IRRLICHT-1.7.2\SOURCE\OBJ\IRRRELEASE\CSCENEMANAGER.OBJ
C:\USERS\LUCAS\DESKTOP\DRAXUS 0.7\IRRLICHT-1.7.2\SOURCE\OBJ\IRRRELEASE\CSCENENODEANIMATORCAMERAFPS.OBJ
C:\USERS\LUCAS\DESKTOP\DRAXUS 0.7\IRRLICHT-1.7.2\SOURCE\OBJ\IRRRELEASE\CSCENENODEANIMATORCAMERAMAYA.OBJ
C:\USERS\LUCAS\DESKTOP\DRAXUS 0.7\IRRLICHT-1.7.2\SOURCE\OBJ\IRRRELEASE\CSCENENODEANIMATORCOLLISIONRESPONSE.OBJ
C:\USERS\LUCAS\DESKTOP\DRAXUS 0.7\IRRLICHT-1.7.2\SOURCE\OBJ\IRRRELEASE\CSCENENODEANIMATORDELETE.OBJ
C:\USERS\LUCAS\DESKTOP\DRAXUS 0.7\IRRLICHT-1.7.2\SOURCE\OBJ\IRRRELEASE\CSCENENODEANIMATORFLYCIRCLE.OBJ
C:\USERS\LUCAS\DESKTOP\DRAXUS 0.7\IRRLICHT-1.7.2\SOURCE\OBJ\IRRRELEASE\CSCENENODEANIMATORFLYSTRAIGHT.OBJ
C:\USERS\LUCAS\DESKTOP\DRAXUS 0.7\IRRLICHT-1.7.2\SOURCE\OBJ\IRRRELEASE\CSCENENODEANIMATORFOLLOWSPLINE.OBJ
C:\USERS\LUCAS\DESKTOP\DRAXUS 0.7\IRRLICHT-1.7.2\SOURCE\OBJ\IRRRELEASE\CSCENENODEANIMATORROTATION.OBJ
C:\USERS\LUCAS\DESKTOP\DRAXUS 0.7\IRRLICHT-1.7.2\SOURCE\OBJ\IRRRELEASE\CSCENENODEANIMATORTEXTURE.OBJ
C:\USERS\LUCAS\DESKTOP\DRAXUS 0.7\IRRLICHT-1.7.2\SOURCE\OBJ\IRRRELEASE\CSHADOWVOLUMESCENENODE.OBJ
C:\USERS\LUCAS\DESKTOP\DRAXUS 0.7\IRRLICHT-1.7.2\SOURCE\OBJ\IRRRELEASE\CSKINNEDMESH.OBJ
C:\USERS\LUCAS\DESKTOP\DRAXUS 0.7\IRRLICHT-1.7.2\SOURCE\OBJ\IRRRELEASE\CSKYBOXSCENENODE.OBJ
C:\USERS\LUCAS\DESKTOP\DRAXUS 0.7\IRRLICHT-1.7.2\SOURCE\OBJ\IRRRELEASE\CSKYDOMESCENENODE.OBJ
C:\USERS\LUCAS\DESKTOP\DRAXUS 0.7\IRRLICHT-1.7.2\SOURCE\OBJ\IRRRELEASE\CSOFTWAREDRIVER.OBJ
C:\USERS\LUCAS\DESKTOP\DRAXUS 0.7\IRRLICHT-1.7.2\SOURCE\OBJ\IRRRELEASE\CSOFTWAREDRIVER2.OBJ
C:\USERS\LUCAS\DESKTOP\DRAXUS 0.7\IRRLICHT-1.7.2\SOURCE\OBJ\IRRRELEASE\CSOFTWARETEXTURE.OBJ
C:\USERS\LUCAS\DESKTOP\DRAXUS 0.7\IRRLICHT-1.7.2\SOURCE\OBJ\IRRRELEASE\CSOFTWARETEXTURE2.OBJ
C:\USERS\LUCAS\DESKTOP\DRAXUS 0.7\IRRLICHT-1.7.2\SOURCE\OBJ\IRRRELEASE\CSPHERESCENENODE.OBJ
C:\USERS\LUCAS\DESKTOP\DRAXUS 0.7\IRRLICHT-1.7.2\SOURCE\OBJ\IRRRELEASE\CSTLMESHFILELOADER.OBJ
C:\USERS\LUCAS\DESKTOP\DRAXUS 0.7\IRRLICHT-1.7.2\SOURCE\OBJ\IRRRELEASE\CSTLMESHWRITER.OBJ
C:\USERS\LUCAS\DESKTOP\DRAXUS 0.7\IRRLICHT-1.7.2\SOURCE\OBJ\IRRRELEASE\CTARREADER.OBJ
C:\USERS\LUCAS\DESKTOP\DRAXUS 0.7\IRRLICHT-1.7.2\SOURCE\OBJ\IRRRELEASE\CTERRAINSCENENODE.OBJ
C:\USERS\LUCAS\DESKTOP\DRAXUS 0.7\IRRLICHT-1.7.2\SOURCE\OBJ\IRRRELEASE\CTERRAINTRIANGLESELECTOR.OBJ
C:\USERS\LUCAS\DESKTOP\DRAXUS 0.7\IRRLICHT-1.7.2\SOURCE\OBJ\IRRRELEASE\CTEXTSCENENODE.OBJ
C:\USERS\LUCAS\DESKTOP\DRAXUS 0.7\IRRLICHT-1.7.2\SOURCE\OBJ\IRRRELEASE\CTRFLAT.OBJ
C:\USERS\LUCAS\DESKTOP\DRAXUS 0.7\IRRLICHT-1.7.2\SOURCE\OBJ\IRRRELEASE\CTRFLATWIRE.OBJ
C:\USERS\LUCAS\DESKTOP\DRAXUS 0.7\IRRLICHT-1.7.2\SOURCE\OBJ\IRRRELEASE\CTRGOURAUD.OBJ
C:\USERS\LUCAS\DESKTOP\DRAXUS 0.7\IRRLICHT-1.7.2\SOURCE\OBJ\IRRRELEASE\CTRGOURAUD2.OBJ
C:\USERS\LUCAS\DESKTOP\DRAXUS 0.7\IRRLICHT-1.7.2\SOURCE\OBJ\IRRRELEASE\CTRGOURAUDALPHA2.OBJ
C:\USERS\LUCAS\DESKTOP\DRAXUS 0.7\IRRLICHT-1.7.2\SOURCE\OBJ\IRRRELEASE\CTRGOURAUDALPHANOZ2.OBJ
C:\USERS\LUCAS\DESKTOP\DRAXUS 0.7\IRRLICHT-1.7.2\SOURCE\OBJ\IRRRELEASE\CTRGOURAUDWIRE.OBJ
C:\USERS\LUCAS\DESKTOP\DRAXUS 0.7\IRRLICHT-1.7.2\SOURCE\OBJ\IRRRELEASE\CTRIANGLEBBSELECTOR.OBJ
C:\USERS\LUCAS\DESKTOP\DRAXUS 0.7\IRRLICHT-1.7.2\SOURCE\OBJ\IRRRELEASE\CTRIANGLESELECTOR.OBJ
C:\USERS\LUCAS\DESKTOP\DRAXUS 0.7\IRRLICHT-1.7.2\SOURCE\OBJ\IRRRELEASE\CTRTEXTUREBLEND.OBJ
C:\USERS\LUCAS\DESKTOP\DRAXUS 0.7\IRRLICHT-1.7.2\SOURCE\OBJ\IRRRELEASE\CTRTEXTUREDETAILMAP2.OBJ
C:\USERS\LUCAS\DESKTOP\DRAXUS 0.7\IRRLICHT-1.7.2\SOURCE\OBJ\IRRRELEASE\CTRTEXTUREFLAT.OBJ
C:\USERS\LUCAS\DESKTOP\DRAXUS 0.7\IRRLICHT-1.7.2\SOURCE\OBJ\IRRRELEASE\CTRTEXTUREFLATWIRE.OBJ
C:\USERS\LUCAS\DESKTOP\DRAXUS 0.7\IRRLICHT-1.7.2\SOURCE\OBJ\IRRRELEASE\CTRTEXTUREGOURAUD.OBJ
C:\USERS\LUCAS\DESKTOP\DRAXUS 0.7\IRRLICHT-1.7.2\SOURCE\OBJ\IRRRELEASE\CTRTEXTUREGOURAUD2.OBJ
C:\USERS\LUCAS\DESKTOP\DRAXUS 0.7\IRRLICHT-1.7.2\SOURCE\OBJ\IRRRELEASE\CTRTEXTUREGOURAUDADD.OBJ
C:\USERS\LUCAS\DESKTOP\DRAXUS 0.7\IRRLICHT-1.7.2\SOURCE\OBJ\IRRRELEASE\CTRTEXTUREGOURAUDADD2.OBJ
C:\USERS\LUCAS\DESKTOP\DRAXUS 0.7\IRRLICHT-1.7.2\SOURCE\OBJ\IRRRELEASE\CTRTEXTUREGOURAUDADDNOZ2.OBJ
C:\USERS\LUCAS\DESKTOP\DRAXUS 0.7\IRRLICHT-1.7.2\SOURCE\OBJ\IRRRELEASE\CTRTEXTUREGOURAUDALPHA.OBJ
C:\USERS\LUCAS\DESKTOP\DRAXUS 0.7\IRRLICHT-1.7.2\SOURCE\OBJ\IRRRELEASE\CTRTEXTUREGOURAUDALPHANOZ.OBJ
C:\USERS\LUCAS\DESKTOP\DRAXUS 0.7\IRRLICHT-1.7.2\SOURCE\OBJ\IRRRELEASE\CTRTEXTUREGOURAUDNOZ.OBJ
C:\USERS\LUCAS\DESKTOP\DRAXUS 0.7\IRRLICHT-1.7.2\SOURCE\OBJ\IRRRELEASE\CTRTEXTUREGOURAUDNOZ2.OBJ
C:\USERS\LUCAS\DESKTOP\DRAXUS 0.7\IRRLICHT-1.7.2\SOURCE\OBJ\IRRRELEASE\CTRTEXTUREGOURAUDVERTEXALPHA2.OBJ
C:\USERS\LUCAS\DESKTOP\DRAXUS 0.7\IRRLICHT-1.7.2\SOURCE\OBJ\IRRRELEASE\CTRTEXTUREGOURAUDWIRE.OBJ
C:\USERS\LUCAS\DESKTOP\DRAXUS 0.7\IRRLICHT-1.7.2\SOURCE\OBJ\IRRRELEASE\CTRTEXTURELIGHTMAP2_ADD.OBJ
C:\USERS\LUCAS\DESKTOP\DRAXUS 0.7\IRRLICHT-1.7.2\SOURCE\OBJ\IRRRELEASE\CTRTEXTURELIGHTMAP2_M1.OBJ
C:\USERS\LUCAS\DESKTOP\DRAXUS 0.7\IRRLICHT-1.7.2\SOURCE\OBJ\IRRRELEASE\CTRTEXTURELIGHTMAP2_M2.OBJ
C:\USERS\LUCAS\DESKTOP\DRAXUS 0.7\IRRLICHT-1.7.2\SOURCE\OBJ\IRRRELEASE\CTRTEXTURELIGHTMAP2_M4.OBJ
C:\USERS\LUCAS\DESKTOP\DRAXUS 0.7\IRRLICHT-1.7.2\SOURCE\OBJ\IRRRELEASE\CTRTEXTURELIGHTMAPGOURAUD2_M4.OBJ
C:\USERS\LUCAS\DESKTOP\DRAXUS 0.7\IRRLICHT-1.7.2\SOURCE\OBJ\IRRRELEASE\CTRTEXTUREWIRE2.OBJ
C:\USERS\LUCAS\DESKTOP\DRAXUS 0.7\IRRLICHT-1.7.2\SOURCE\OBJ\IRRRELEASE\CVIDEOMODELIST.OBJ
C:\USERS\LUCAS\DESKTOP\DRAXUS 0.7\IRRLICHT-1.7.2\SOURCE\OBJ\IRRRELEASE\CVOLUMELIGHTSCENENODE.OBJ
C:\USERS\LUCAS\DESKTOP\DRAXUS 0.7\IRRLICHT-1.7.2\SOURCE\OBJ\IRRRELEASE\CWATERSURFACESCENENODE.OBJ
C:\USERS\LUCAS\DESKTOP\DRAXUS 0.7\IRRLICHT-1.7.2\SOURCE\OBJ\IRRRELEASE\CWRITEFILE.OBJ
C:\USERS\LUCAS\DESKTOP\DRAXUS 0.7\IRRLICHT-1.7.2\SOURCE\OBJ\IRRRELEASE\CXMESHFILELOADER.OBJ
C:\USERS\LUCAS\DESKTOP\DRAXUS 0.7\IRRLICHT-1.7.2\SOURCE\OBJ\IRRRELEASE\CXMLREADER.OBJ
C:\USERS\LUCAS\DESKTOP\DRAXUS 0.7\IRRLICHT-1.7.2\SOURCE\OBJ\IRRRELEASE\CXMLWRITER.OBJ
C:\USERS\LUCAS\DESKTOP\DRAXUS 0.7\IRRLICHT-1.7.2\SOURCE\OBJ\IRRRELEASE\CZBUFFER.OBJ
C:\USERS\LUCAS\DESKTOP\DRAXUS 0.7\IRRLICHT-1.7.2\SOURCE\OBJ\IRRRELEASE\CZIPREADER.OBJ
C:\USERS\LUCAS\DESKTOP\DRAXUS 0.7\IRRLICHT-1.7.2\SOURCE\OBJ\IRRRELEASE\FILEENC.OBJ
C:\USERS\LUCAS\DESKTOP\DRAXUS 0.7\IRRLICHT-1.7.2\SOURCE\OBJ\IRRRELEASE\HMAC.OBJ
C:\USERS\LUCAS\DESKTOP\DRAXUS 0.7\IRRLICHT-1.7.2\SOURCE\OBJ\IRRRELEASE\IBURNINGSHADER.OBJ
C:\USERS\LUCAS\DESKTOP\DRAXUS 0.7\IRRLICHT-1.7.2\SOURCE\OBJ\IRRRELEASE\IRRLICHT.OBJ
C:\USERS\LUCAS\DESKTOP\DRAXUS 0.7\IRRLICHT-1.7.2\SOURCE\OBJ\IRRRELEASE\IRRXML.OBJ
C:\USERS\LUCAS\DESKTOP\DRAXUS 0.7\IRRLICHT-1.7.2\SOURCE\OBJ\IRRRELEASE\OS.OBJ
C:\USERS\LUCAS\DESKTOP\DRAXUS 0.7\IRRLICHT-1.7.2\SOURCE\OBJ\IRRRELEASE\PRNG.OBJ
C:\USERS\LUCAS\DESKTOP\DRAXUS 0.7\IRRLICHT-1.7.2\SOURCE\OBJ\IRRRELEASE\PWD2KEY.OBJ
C:\USERS\LUCAS\DESKTOP\DRAXUS 0.7\IRRLICHT-1.7.2\SOURCE\OBJ\IRRRELEASE\SHA1.OBJ
C:\USERS\LUCAS\DESKTOP\DRAXUS 0.7\IRRLICHT-1.7.2\SOURCE\OBJ\IRRRELEASE\SHA2.OBJ
