Build started 05/09/2012 16:12:30.
     1>Project "D:\CLib\v2012\irrlicht-1.7.2\source\Irrlicht\Irrlicht9.0.vcxproj" on node 2 (build target(s)).
     1>InitializeBuildStatus:
         Creating "obj\Release\Irrlicht.unsuccessfulbuild" because "AlwaysCreate" was specified.
       ClCompile:
         c:\Program Files (x86)\Microsoft Visual Studio 10.0\VC\bin\CL.exe /c /I"C:\Program Files (x86)\Microsoft DirectX SDK (June 2010)\Include" /I..\..\include /Izlib /nologo /W3 /WX- /O2 /Ob1 /Oy- /GL /D WIN32 /D NDEBUG /D _WINDOWS /D _USRDLL /D IRRLICHT_EXPORTS /D _CRT_SECURE_NO_DEPRECATE /D _VC80_UPGRADE=0x0710 /D _WINDLL /D _MBCS /GF /Gm- /MT /GS- /Gy /fp:precise /Zc:wchar_t /Zc:forScope /Fo".\..\obj\IrrRelease/" /Fd".\..\obj\IrrRelease/" /Gd /TP /analyze- /errorReport:prompt C3DSMeshFileLoader.cpp CAnimatedMeshMD2.cpp CAnimatedMeshMD3.cpp CAnimatedMeshSceneNode.cpp CAttributes.cpp CB3DMeshFileLoader.cpp CBSPMeshFileLoader.cpp CBillboardSceneNode.cpp CBoneSceneNode.cpp CBurningShader_Raster_Reference.cpp CCSMLoader.cpp CCameraSceneNode.cpp CColladaFileLoader.cpp CColladaMeshWriter.cpp CColorConverter.cpp CCubeSceneNode.cpp CD3D8Driver.cpp CD3D8NormalMapRenderer.cpp CD3D8ParallaxMapRenderer.cpp CD3D8ShaderMaterialRenderer.cpp CD3D8Texture.cpp CD3D9Driver.cpp CD3D9HLSLMaterialRenderer.cpp CD3D9NormalMapRenderer.cpp CD3D9ParallaxMapRenderer.cpp CD3D9ShaderMaterialRenderer.cpp CD3D9Texture.cpp CDMFLoader.cpp CDefaultGUIElementFactory.cpp CDefaultSceneNodeAnimatorFactory.cpp CDefaultSceneNodeFactory.cpp CDepthBuffer.cpp CDummyTransformationSceneNode.cpp CEmptySceneNode.cpp CFPSCounter.cpp CFileList.cpp CFileSystem.cpp CGUIButton.cpp CGUICheckbox.cpp CGUIColorSelectDialog.cpp CGUIComboBox.cpp CGUIContextMenu.cpp CGUIEditBox.cpp CGUIEnvironment.cpp CGUIFileOpenDialog.cpp CGUIFont.cpp CGUIImage.cpp CGUIImageList.cpp CGUIInOutFader.cpp CGUIListBox.cpp CGUIMenu.cpp CGUIMeshViewer.cpp CGUIMessageBox.cpp CGUIModalScreen.cpp CGUIScrollBar.cpp CGUISkin.cpp CGUISpinBox.cpp CGUISpriteBank.cpp CGUIStaticText.cpp CGUITabControl.cpp CGUITable.cpp CGUIToolBar.cpp CGUITreeView.cpp CGUIWindow.cpp CGeometryCreator.cpp CImage.cpp CImageLoaderBMP.cpp CImageLoaderJPG.cpp CImageLoaderPCX.cpp CImageLoaderPNG.cpp CImageLoaderPPM.cpp CImageLoaderPSD.cpp CImageLoaderRGB.cpp CImageLoaderTGA.cpp CImageLoaderWAL.cpp CImageWriterBMP.cpp CImageWriterJPG.cpp CImageWriterPCX.cpp CImageWriterPNG.cpp CImageWriterPPM.cpp CImageWriterPSD.cpp CImageWriterTGA.cpp CIrrDeviceConsole.cpp CIrrDeviceFB.cpp CIrrDeviceLinux.cpp CIrrDeviceSDL.cpp CIrrDeviceStub.cpp CIrrDeviceWin32.cpp CIrrDeviceWinCE.cpp CIrrMeshFileLoader.cpp CIrrMeshWriter.cpp CLMTSMeshFileLoader.cpp CLWOMeshFileLoader.cpp CLightSceneNode.cpp CLimitReadFile.cpp CLogger.cpp CMD2MeshFileLoader.cpp CMD3MeshFileLoader.cpp CMS3DMeshFileLoader.cpp CMY3DMeshFileLoader.cpp CMemoryFile.cpp CMeshCache.cpp CMeshManipulator.cpp CMeshSceneNode.cpp CMetaTriangleSelector.cpp CMountPointReader.cpp CNPKReader.cpp CNullDriver.cpp COBJMeshFileLoader.cpp COBJMeshWriter.cpp COCTLoader.cpp COSOperator.cpp COctreeSceneNode.cpp COctreeTriangleSelector.cpp COgreMeshFileLoader.cpp COpenGLDriver.cpp COpenGLExtensionHandler.cpp COpenGLNormalMapRenderer.cpp COpenGLParallaxMapRenderer.cpp COpenGLSLMaterialRenderer.cpp COpenGLShaderMaterialRenderer.cpp COpenGLTexture.cpp CPLYMeshFileLoader.cpp CPLYMeshWriter.cpp CPakReader.cpp CParticleAnimatedMeshSceneNodeEmitter.cpp CParticleAttractionAffector.cpp CParticleBoxEmitter.cpp CParticleCylinderEmitter.cpp CParticleFadeOutAffector.cpp CParticleGravityAffector.cpp CParticleMeshEmitter.cpp CParticlePointEmitter.cpp CParticleRingEmitter.cpp CParticleRotationAffector.cpp CParticleScaleAffector.cpp CParticleSphereEmitter.cpp CParticleSystemSceneNode.cpp CQ3LevelMesh.cpp CQuake3ShaderSceneNode.cpp CReadFile.cpp CSTLMeshFileLoader.cpp CSTLMeshWriter.cpp CSceneCollisionManager.cpp CSceneManager.cpp CSceneNodeAnimatorCameraFPS.cpp CSceneNodeAnimatorCameraMaya.cpp CSceneNodeAnimatorCollisionResponse.cpp CSceneNodeAnimatorDelete.cpp CSceneNodeAnimatorFlyCircle.cpp CSceneNodeAnimatorFlyStraight.cpp CSceneNodeAnimatorFollowSpline.cpp CSceneNodeAnimatorRotation.cpp CSceneNodeAnimatorTexture.cpp CShadowVolumeSceneNode.cpp CSkinnedMesh.cpp CSkyBoxSceneNode.cpp CSkyDomeSceneNode.cpp CSoftwareDriver.cpp CSoftwareDriver2.cpp CSoftwareTexture.cpp CSoftwareTexture2.cpp CSphereSceneNode.cpp CTRFlat.cpp CTRFlatWire.cpp CTRGouraud.cpp CTRGouraud2.cpp CTRGouraudAlpha2.cpp CTRGouraudAlphaNoZ2.cpp CTRGouraudWire.cpp CTRTextureBlend.cpp CTRTextureDetailMap2.cpp CTRTextureFlat.cpp CTRTextureFlatWire.cpp CTRTextureGouraud.cpp CTRTextureGouraud2.cpp CTRTextureGouraudAdd.cpp CTRTextureGouraudAdd2.cpp CTRTextureGouraudAddNoZ2.cpp CTRTextureGouraudAlpha.cpp CTRTextureGouraudAlphaNoZ.cpp CTRTextureGouraudNoZ.cpp CTRTextureGouraudNoZ2.cpp CTRTextureGouraudVertexAlpha2.cpp CTRTextureGouraudWire.cpp CTRTextureLightMap2_Add.cpp CTRTextureLightMap2_M1.cpp CTRTextureLightMap2_M2.cpp CTRTextureLightMap2_M4.cpp CTRTextureLightMapGouraud2_M4.cpp CTRTextureWire2.cpp CTarReader.cpp CTerrainSceneNode.cpp CTerrainTriangleSelector.cpp CTextSceneNode.cpp CTriangleBBSelector.cpp CTriangleSelector.cpp CVideoModeList.cpp CVolumeLightSceneNode.cpp CWaterSurfaceSceneNode.cpp CWriteFile.cpp CXMLReader.cpp CXMLWriter.cpp CXMeshFileLoader.cpp CZBuffer.cpp CZipReader.cpp IBurningShader.cpp Irrlicht.cpp aesGladman\aescrypt.cpp aesGladman\aeskey.cpp aesGladman\aestab.cpp aesGladman\fileenc.cpp aesGladman\sha1.cpp aesGladman\sha2.cpp irrXML.cpp os.cpp
         C3DSMeshFileLoader.cpp
         CAnimatedMeshMD2.cpp
         CAnimatedMeshMD3.cpp
         CAnimatedMeshSceneNode.cpp
         CAttributes.cpp
         CB3DMeshFileLoader.cpp
         CBSPMeshFileLoader.cpp
         CBillboardSceneNode.cpp
         CBoneSceneNode.cpp
         CBurningShader_Raster_Reference.cpp
         CCSMLoader.cpp
         CCameraSceneNode.cpp
         CColladaFileLoader.cpp
         CColladaMeshWriter.cpp
         CColorConverter.cpp
         CCubeSceneNode.cpp
         CD3D8Driver.cpp
         CD3D8NormalMapRenderer.cpp
         CD3D8ParallaxMapRenderer.cpp
         CD3D8ShaderMaterialRenderer.cpp
         Compiling...
         CD3D8Texture.cpp
         CD3D9Driver.cpp
         CD3D9HLSLMaterialRenderer.cpp
         CD3D9NormalMapRenderer.cpp
         CD3D9ParallaxMapRenderer.cpp
         CD3D9ShaderMaterialRenderer.cpp
         CD3D9Texture.cpp
         CDMFLoader.cpp
         CDefaultGUIElementFactory.cpp
         CDefaultSceneNodeAnimatorFactory.cpp
         CDefaultSceneNodeFactory.cpp
         CDepthBuffer.cpp
         CDummyTransformationSceneNode.cpp
         CEmptySceneNode.cpp
         CFPSCounter.cpp
         CFileList.cpp
         CFileSystem.cpp
         CGUIButton.cpp
         CGUICheckbox.cpp
         CGUIColorSelectDialog.cpp
         Compiling...
         CGUIComboBox.cpp
         CGUIContextMenu.cpp
         CGUIEditBox.cpp
         CGUIEnvironment.cpp
         CGUIFileOpenDialog.cpp
         CGUIFont.cpp
         CGUIImage.cpp
         CGUIImageList.cpp
         CGUIInOutFader.cpp
         CGUIListBox.cpp
         CGUIMenu.cpp
         CGUIMeshViewer.cpp
         CGUIMessageBox.cpp
         CGUIModalScreen.cpp
         CGUIScrollBar.cpp
         CGUISkin.cpp
         CGUISpinBox.cpp
         CGUISpriteBank.cpp
         CGUIStaticText.cpp
         CGUITabControl.cpp
         Compiling...
         CGUITable.cpp
         CGUIToolBar.cpp
         CGUITreeView.cpp
         CGUIWindow.cpp
         CGeometryCreator.cpp
         CImage.cpp
         CImageLoaderBMP.cpp
         CImageLoaderJPG.cpp
         CImageLoaderPCX.cpp
         CImageLoaderPNG.cpp
         CImageLoaderPPM.cpp
         CImageLoaderPSD.cpp
         CImageLoaderRGB.cpp
         CImageLoaderTGA.cpp
         CImageLoaderWAL.cpp
         CImageWriterBMP.cpp
         CImageWriterJPG.cpp
         CImageWriterPCX.cpp
         CImageWriterPNG.cpp
         CImageWriterPPM.cpp
         Compiling...
         CImageWriterPSD.cpp
         CImageWriterTGA.cpp
         CIrrDeviceConsole.cpp
         CIrrDeviceFB.cpp
         CIrrDeviceLinux.cpp
         CIrrDeviceSDL.cpp
         CIrrDeviceStub.cpp
         CIrrDeviceWin32.cpp
         CIrrDeviceWinCE.cpp
         CIrrMeshFileLoader.cpp
         CIrrMeshWriter.cpp
         CLMTSMeshFileLoader.cpp
         CLWOMeshFileLoader.cpp
         CLightSceneNode.cpp
         CLimitReadFile.cpp
         CLogger.cpp
         CMD2MeshFileLoader.cpp
         CMD3MeshFileLoader.cpp
         CMS3DMeshFileLoader.cpp
         CMY3DMeshFileLoader.cpp
         Compiling...
         CMemoryFile.cpp
         CMeshCache.cpp
         CMeshManipulator.cpp
         CMeshSceneNode.cpp
         CMetaTriangleSelector.cpp
         CMountPointReader.cpp
         CNPKReader.cpp
         CNullDriver.cpp
         COBJMeshFileLoader.cpp
         COBJMeshWriter.cpp
         COCTLoader.cpp
         COSOperator.cpp
         COctreeSceneNode.cpp
         COctreeTriangleSelector.cpp
         COgreMeshFileLoader.cpp
         COpenGLDriver.cpp
         COpenGLExtensionHandler.cpp
         COpenGLNormalMapRenderer.cpp
         COpenGLParallaxMapRenderer.cpp
         COpenGLSLMaterialRenderer.cpp
         Compiling...
         COpenGLShaderMaterialRenderer.cpp
         COpenGLTexture.cpp
         CPLYMeshFileLoader.cpp
         CPLYMeshWriter.cpp
         CPakReader.cpp
         CParticleAnimatedMeshSceneNodeEmitter.cpp
         CParticleAttractionAffector.cpp
         CParticleBoxEmitter.cpp
         CParticleCylinderEmitter.cpp
         CParticleFadeOutAffector.cpp
         CParticleGravityAffector.cpp
         CParticleMeshEmitter.cpp
         CParticlePointEmitter.cpp
         CParticleRingEmitter.cpp
         CParticleRotationAffector.cpp
         CParticleScaleAffector.cpp
         CParticleSphereEmitter.cpp
         CParticleSystemSceneNode.cpp
         CQ3LevelMesh.cpp
         CQuake3ShaderSceneNode.cpp
         Compiling...
         CReadFile.cpp
         CSTLMeshFileLoader.cpp
         CSTLMeshWriter.cpp
         CSceneCollisionManager.cpp
         CSceneManager.cpp
         CSceneNodeAnimatorCameraFPS.cpp
         CSceneNodeAnimatorCameraMaya.cpp
         CSceneNodeAnimatorCollisionResponse.cpp
         CSceneNodeAnimatorDelete.cpp
         CSceneNodeAnimatorFlyCircle.cpp
         CSceneNodeAnimatorFlyStraight.cpp
         CSceneNodeAnimatorFollowSpline.cpp
         CSceneNodeAnimatorRotation.cpp
         CSceneNodeAnimatorTexture.cpp
         CShadowVolumeSceneNode.cpp
         CSkinnedMesh.cpp
         CSkyBoxSceneNode.cpp
         CSkyDomeSceneNode.cpp
         CSoftwareDriver.cpp
         CSoftwareDriver2.cpp
         Compiling...
         CSoftwareTexture.cpp
         CSoftwareTexture2.cpp
         CSphereSceneNode.cpp
         CTRFlat.cpp
         CTRFlatWire.cpp
         CTRGouraud.cpp
         CTRGouraud2.cpp
         CTRGouraudAlpha2.cpp
         CTRGouraudAlphaNoZ2.cpp
         CTRGouraudWire.cpp
         CTRTextureBlend.cpp
         CTRTextureDetailMap2.cpp
         CTRTextureFlat.cpp
         CTRTextureFlatWire.cpp
         CTRTextureGouraud.cpp
         CTRTextureGouraud2.cpp
         CTRTextureGouraudAdd.cpp
         CTRTextureGouraudAdd2.cpp
         CTRTextureGouraudAddNoZ2.cpp
         CTRTextureGouraudAlpha.cpp
         Compiling...
         CTRTextureGouraudAlphaNoZ.cpp
         CTRTextureGouraudNoZ.cpp
         CTRTextureGouraudNoZ2.cpp
         CTRTextureGouraudVertexAlpha2.cpp
         CTRTextureGouraudWire.cpp
         CTRTextureLightMap2_Add.cpp
         CTRTextureLightMap2_M1.cpp
         CTRTextureLightMap2_M2.cpp
         CTRTextureLightMap2_M4.cpp
         CTRTextureLightMapGouraud2_M4.cpp
         CTRTextureWire2.cpp
         CTarReader.cpp
         CTerrainSceneNode.cpp
         CTerrainTriangleSelector.cpp
         CTextSceneNode.cpp
         CTriangleBBSelector.cpp
         CTriangleSelector.cpp
         CVideoModeList.cpp
         CVolumeLightSceneNode.cpp
         CWaterSurfaceSceneNode.cpp
         Compiling...
         CWriteFile.cpp
         CXMLReader.cpp
         CXMLWriter.cpp
         CXMeshFileLoader.cpp
         CZBuffer.cpp
         CZipReader.cpp
         IBurningShader.cpp
         Irrlicht.cpp
         aescrypt.cpp
         aeskey.cpp
         aestab.cpp
         fileenc.cpp
         sha1.cpp
         sha2.cpp
         irrXML.cpp
         os.cpp
         All outputs are up-to-date.
     1>C:\Program Files (x86)\MSBuild\Microsoft.Cpp\v4.0\Microsoft.CppBuild.targets(990,5): warning MSB8012: TargetPath(D:\CLib\v2012\irrlicht-1.7.2\source\Irrlicht\obj\Release\Irrlicht.dll) does not match the Linker's OutputFile property value (D:\CLib\v2012\irrlicht-1.7.2\bin\Win32 Release-visualstudio\Irrlicht.dll). This may cause your project to build incorrectly. To correct this, please make sure that $(OutDir), $(TargetName) and $(TargetExt) property values match the value specified in %(Link.OutputFile).
       Link:
         c:\Program Files (x86)\Microsoft Visual Studio 10.0\VC\bin\link.exe /ERRORREPORT:PROMPT /OUT:"..\..\bin\Win32 Release-visualstudio\Irrlicht.dll" /INCREMENTAL:NO /NOLOGO kernel32.lib user32.lib gdi32.lib opengl32.lib winmm.lib kernel32.lib user32.lib gdi32.lib winspool.lib comdlg32.lib advapi32.lib shell32.lib ole32.lib oleaut32.lib uuid.lib odbc32.lib odbccp32.lib /NODEFAULTLIB:libci.lib /MANIFEST /ManifestFile:"obj\Release\Irrlicht.dll.intermediate.manifest" /MANIFESTUAC:"level='asInvoker' uiAccess='false'" /PDB:"..\obj\IrrRelease\Irrlicht.pdb" /LTCG /TLBID:1 /DYNAMICBASE:NO /IMPLIB:"..\..\lib\Win32 Release-visualstudio\Irrlicht.lib" /MACHINE:X86 /DLL .\..\obj\IrrRelease/CDefaultSceneNodeAnimatorFactory.obj
         .\..\obj\IrrRelease/CDefaultSceneNodeFactory.obj
         .\..\obj\IrrRelease/CGeometryCreator.obj
         .\..\obj\IrrRelease/CMeshCache.obj
         .\..\obj\IrrRelease/CMeshManipulator.obj
         .\..\obj\IrrRelease/CSceneManager.obj
         .\..\obj\IrrRelease/C3DSMeshFileLoader.obj
         .\..\obj\IrrRelease/CAnimatedMeshMD2.obj
         .\..\obj\IrrRelease/CAnimatedMeshMD3.obj
         .\..\obj\IrrRelease/CB3DMeshFileLoader.obj
         .\..\obj\IrrRelease/CBSPMeshFileLoader.obj
         .\..\obj\IrrRelease/CColladaFileLoader.obj
         .\..\obj\IrrRelease/CCSMLoader.obj
         .\..\obj\IrrRelease/CDMFLoader.obj
         .\..\obj\IrrRelease/CIrrMeshFileLoader.obj
         .\..\obj\IrrRelease/CLMTSMeshFileLoader.obj
         .\..\obj\IrrRelease/CLWOMeshFileLoader.obj
         .\..\obj\IrrRelease/CMD2MeshFileLoader.obj
         .\..\obj\IrrRelease/CMD3MeshFileLoader.obj
         .\..\obj\IrrRelease/CMS3DMeshFileLoader.obj
         .\..\obj\IrrRelease/CMY3DMeshFileLoader.obj
         .\..\obj\IrrRelease/COBJMeshFileLoader.obj
         .\..\obj\IrrRelease/COCTLoader.obj
         .\..\obj\IrrRelease/COgreMeshFileLoader.obj
         .\..\obj\IrrRelease/CPLYMeshFileLoader.obj
         .\..\obj\IrrRelease/CQ3LevelMesh.obj
         .\..\obj\IrrRelease/CSkinnedMesh.obj
         .\..\obj\IrrRelease/CSTLMeshFileLoader.obj
         .\..\obj\IrrRelease/CXMeshFileLoader.obj
         .\..\obj\IrrRelease/CAnimatedMeshSceneNode.obj
         .\..\obj\IrrRelease/CBillboardSceneNode.obj
         .\..\obj\IrrRelease/CBoneSceneNode.obj
         .\..\obj\IrrRelease/CCameraSceneNode.obj
         .\..\obj\IrrRelease/CCubeSceneNode.obj
         .\..\obj\IrrRelease/CDummyTransformationSceneNode.obj
         .\..\obj\IrrRelease/CEmptySceneNode.obj
         .\..\obj\IrrRelease/CLightSceneNode.obj
         .\..\obj\IrrRelease/CMeshSceneNode.obj
         .\..\obj\IrrRelease/COctreeSceneNode.obj
         .\..\obj\IrrRelease/CQuake3ShaderSceneNode.obj
         .\..\obj\IrrRelease/CShadowVolumeSceneNode.obj
         .\..\obj\IrrRelease/CSkyBoxSceneNode.obj
         .\..\obj\IrrRelease/CSkyDomeSceneNode.obj
         .\..\obj\IrrRelease/CSphereSceneNode.obj
         .\..\obj\IrrRelease/CTerrainSceneNode.obj
         .\..\obj\IrrRelease/CTextSceneNode.obj
         .\..\obj\IrrRelease/CVolumeLightSceneNode.obj
         .\..\obj\IrrRelease/CWaterSurfaceSceneNode.obj
         .\..\obj\IrrRelease/CParticleAnimatedMeshSceneNodeEmitter.obj
         .\..\obj\IrrRelease/CParticleAttractionAffector.obj
         .\..\obj\IrrRelease/CParticleBoxEmitter.obj
         .\..\obj\IrrRelease/CParticleCylinderEmitter.obj
         .\..\obj\IrrRelease/CParticleFadeOutAffector.obj
         .\..\obj\IrrRelease/CParticleGravityAffector.obj
         .\..\obj\IrrRelease/CParticleMeshEmitter.obj
         .\..\obj\IrrRelease/CParticlePointEmitter.obj
         .\..\obj\IrrRelease/CParticleRingEmitter.obj
         .\..\obj\IrrRelease/CParticleRotationAffector.obj
         .\..\obj\IrrRelease/CParticleScaleAffector.obj
         .\..\obj\IrrRelease/CParticleSphereEmitter.obj
         .\..\obj\IrrRelease/CParticleSystemSceneNode.obj
         .\..\obj\IrrRelease/CMetaTriangleSelector.obj
         .\..\obj\IrrRelease/COctreeTriangleSelector.obj
         .\..\obj\IrrRelease/CSceneCollisionManager.obj
         .\..\obj\IrrRelease/CTerrainTriangleSelector.obj
         .\..\obj\IrrRelease/CTriangleBBSelector.obj
         .\..\obj\IrrRelease/CTriangleSelector.obj
         .\..\obj\IrrRelease/CSceneNodeAnimatorCameraFPS.obj
         .\..\obj\IrrRelease/CSceneNodeAnimatorCameraMaya.obj
         .\..\obj\IrrRelease/CSceneNodeAnimatorCollisionResponse.obj
         .\..\obj\IrrRelease/CSceneNodeAnimatorDelete.obj
         .\..\obj\IrrRelease/CSceneNodeAnimatorFlyCircle.obj
         .\..\obj\IrrRelease/CSceneNodeAnimatorFlyStraight.obj
         .\..\obj\IrrRelease/CSceneNodeAnimatorFollowSpline.obj
         .\..\obj\IrrRelease/CSceneNodeAnimatorRotation.obj
         .\..\obj\IrrRelease/CSceneNodeAnimatorTexture.obj
         .\..\obj\IrrRelease/CColladaMeshWriter.obj
         .\..\obj\IrrRelease/CIrrMeshWriter.obj
         .\..\obj\IrrRelease/COBJMeshWriter.obj
         .\..\obj\IrrRelease/CPLYMeshWriter.obj
         .\..\obj\IrrRelease/CSTLMeshWriter.obj
         .\..\obj\IrrRelease/CVideoModeList.obj
         .\..\obj\IrrRelease/CSoftwareDriver.obj
         .\..\obj\IrrRelease/CSoftwareTexture.obj
         .\..\obj\IrrRelease/CTRFlat.obj
         .\..\obj\IrrRelease/CTRFlatWire.obj
         .\..\obj\IrrRelease/CTRGouraud.obj
         .\..\obj\IrrRelease/CTRGouraudWire.obj
         .\..\obj\IrrRelease/CTRTextureFlat.obj
         .\..\obj\IrrRelease/CTRTextureFlatWire.obj
         .\..\obj\IrrRelease/CTRTextureGouraud.obj
         .\..\obj\IrrRelease/CTRTextureGouraudAdd.obj
         .\..\obj\IrrRelease/CTRTextureGouraudNoZ.obj
         .\..\obj\IrrRelease/CTRTextureGouraudWire.obj
         .\..\obj\IrrRelease/CZBuffer.obj
         .\..\obj\IrrRelease/COpenGLDriver.obj
         .\..\obj\IrrRelease/COpenGLExtensionHandler.obj
         .\..\obj\IrrRelease/COpenGLNormalMapRenderer.obj
         .\..\obj\IrrRelease/COpenGLParallaxMapRenderer.obj
         .\..\obj\IrrRelease/COpenGLShaderMaterialRenderer.obj
         .\..\obj\IrrRelease/COpenGLSLMaterialRenderer.obj
         .\..\obj\IrrRelease/COpenGLTexture.obj
         .\..\obj\IrrRelease/CD3D8Driver.obj
         .\..\obj\IrrRelease/CD3D8NormalMapRenderer.obj
         .\..\obj\IrrRelease/CD3D8ParallaxMapRenderer.obj
         .\..\obj\IrrRelease/CD3D8ShaderMaterialRenderer.obj
         .\..\obj\IrrRelease/CD3D8Texture.obj
         .\..\obj\IrrRelease/CColorConverter.obj
         .\..\obj\IrrRelease/CFPSCounter.obj
         .\..\obj\IrrRelease/CImage.obj
         .\..\obj\IrrRelease/CNullDriver.obj
         .\..\obj\IrrRelease/CImageWriterBMP.obj
         .\..\obj\IrrRelease/CImageWriterJPG.obj
         .\..\obj\IrrRelease/CImageWriterPCX.obj
         .\..\obj\IrrRelease/CImageWriterPNG.obj
         .\..\obj\IrrRelease/CImageWriterPPM.obj
         .\..\obj\IrrRelease/CImageWriterPSD.obj
         .\..\obj\IrrRelease/CImageWriterTGA.obj
         .\..\obj\IrrRelease/CImageLoaderBMP.obj
         .\..\obj\IrrRelease/CImageLoaderJPG.obj
         .\..\obj\IrrRelease/CImageLoaderPCX.obj
         .\..\obj\IrrRelease/CImageLoaderPNG.obj
         .\..\obj\IrrRelease/CImageLoaderPPM.obj
         .\..\obj\IrrRelease/CImageLoaderPSD.obj
         .\..\obj\IrrRelease/CImageLoaderRGB.obj
         .\..\obj\IrrRelease/CImageLoaderTGA.obj
         .\..\obj\IrrRelease/CImageLoaderWAL.obj
         .\..\obj\IrrRelease/CD3D9Driver.obj
         .\..\obj\IrrRelease/CD3D9HLSLMaterialRenderer.obj
         .\..\obj\IrrRelease/CD3D9NormalMapRenderer.obj
         .\..\obj\IrrRelease/CD3D9ParallaxMapRenderer.obj
         .\..\obj\IrrRelease/CD3D9ShaderMaterialRenderer.obj
         .\..\obj\IrrRelease/CD3D9Texture.obj
         .\..\obj\IrrRelease/CBurningShader_Raster_Reference.obj
         .\..\obj\IrrRelease/CDepthBuffer.obj
         .\..\obj\IrrRelease/CSoftwareDriver2.obj
         .\..\obj\IrrRelease/CSoftwareTexture2.obj
         .\..\obj\IrrRelease/CTRGouraud2.obj
         .\..\obj\IrrRelease/CTRGouraudAlpha2.obj
         .\..\obj\IrrRelease/CTRGouraudAlphaNoZ2.obj
         .\..\obj\IrrRelease/CTRTextureBlend.obj
         .\..\obj\IrrRelease/CTRTextureDetailMap2.obj
         .\..\obj\IrrRelease/CTRTextureGouraud2.obj
         .\..\obj\IrrRelease/CTRTextureGouraudAdd2.obj
         .\..\obj\IrrRelease/CTRTextureGouraudAddNoZ2.obj
         .\..\obj\IrrRelease/CTRTextureGouraudAlpha.obj
         .\..\obj\IrrRelease/CTRTextureGouraudAlphaNoZ.obj
         .\..\obj\IrrRelease/CTRTextureGouraudNoZ2.obj
         .\..\obj\IrrRelease/CTRTextureGouraudVertexAlpha2.obj
         .\..\obj\IrrRelease/CTRTextureLightMap2_Add.obj
         .\..\obj\IrrRelease/CTRTextureLightMap2_M1.obj
         .\..\obj\IrrRelease/CTRTextureLightMap2_M2.obj
         .\..\obj\IrrRelease/CTRTextureLightMap2_M4.obj
         .\..\obj\IrrRelease/CTRTextureLightMapGouraud2_M4.obj
         .\..\obj\IrrRelease/CTRTextureWire2.obj
         .\..\obj\IrrRelease/IBurningShader.obj
         .\..\obj\IrrRelease/CLogger.obj
         .\..\obj\IrrRelease/COSOperator.obj
         .\..\obj\IrrRelease/Irrlicht.obj
         .\..\obj\IrrRelease/os.obj
         .\..\obj\IrrRelease/LzmaDec.obj
         .\..\obj\IrrRelease/adler32.obj
         .\..\obj\IrrRelease/compress.obj
         .\..\obj\IrrRelease/crc32.obj
         .\..\obj\IrrRelease/deflate.obj
         .\..\obj\IrrRelease/inffast.obj
         .\..\obj\IrrRelease/inflate.obj
         .\..\obj\IrrRelease/inftrees.obj
         .\..\obj\IrrRelease/trees.obj
         .\..\obj\IrrRelease/uncompr.obj
         .\..\obj\IrrRelease/zutil.obj
         .\..\obj\IrrRelease/jaricom.obj
         .\..\obj\IrrRelease/jcapimin.obj
         .\..\obj\IrrRelease/jcapistd.obj
         .\..\obj\IrrRelease/jcarith.obj
         .\..\obj\IrrRelease/jccoefct.obj
         .\..\obj\IrrRelease/jccolor.obj
         .\..\obj\IrrRelease/jcdctmgr.obj
         .\..\obj\IrrRelease/jchuff.obj
         .\..\obj\IrrRelease/jcinit.obj
         .\..\obj\IrrRelease/jcmainct.obj
         .\..\obj\IrrRelease/jcmarker.obj
         .\..\obj\IrrRelease/jcmaster.obj
         .\..\obj\IrrRelease/jcomapi.obj
         .\..\obj\IrrRelease/jcparam.obj
         .\..\obj\IrrRelease/jcprepct.obj
         .\..\obj\IrrRelease/jcsample.obj
         .\..\obj\IrrRelease/jctrans.obj
         .\..\obj\IrrRelease/jdapimin.obj
         .\..\obj\IrrRelease/jdapistd.obj
         .\..\obj\IrrRelease/jdarith.obj
         .\..\obj\IrrRelease/jdatadst.obj
         .\..\obj\IrrRelease/jdatasrc.obj
         .\..\obj\IrrRelease/jdcoefct.obj
         .\..\obj\IrrRelease/jdcolor.obj
         .\..\obj\IrrRelease/jddctmgr.obj
         .\..\obj\IrrRelease/jdhuff.obj
         .\..\obj\IrrRelease/jdinput.obj
         .\..\obj\IrrRelease/jdmainct.obj
         .\..\obj\IrrRelease/jdmarker.obj
         .\..\obj\IrrRelease/jdmaster.obj
         .\..\obj\IrrRelease/jdmerge.obj
         .\..\obj\IrrRelease/jdpostct.obj
         .\..\obj\IrrRelease/jdsample.obj
         .\..\obj\IrrRelease/jdtrans.obj
         .\..\obj\IrrRelease/jerror.obj
         .\..\obj\IrrRelease/jfdctflt.obj
         .\..\obj\IrrRelease/jfdctfst.obj
         .\..\obj\IrrRelease/jfdctint.obj
         .\..\obj\IrrRelease/jidctflt.obj
         .\..\obj\IrrRelease/jidctfst.obj
         .\..\obj\IrrRelease/jidctint.obj
         .\..\obj\IrrRelease/jmemmgr.obj
         .\..\obj\IrrRelease/jmemnobs.obj
         .\..\obj\IrrRelease/jquant1.obj
         .\..\obj\IrrRelease/jquant2.obj
         .\..\obj\IrrRelease/jutils.obj
         .\..\obj\IrrRelease/png.obj
         .\..\obj\IrrRelease/pngerror.obj
         .\..\obj\IrrRelease/pngget.obj
         .\..\obj\IrrRelease/pngmem.obj
         .\..\obj\IrrRelease/pngpread.obj
         .\..\obj\IrrRelease/pngread.obj
         .\..\obj\IrrRelease/pngrio.obj
         .\..\obj\IrrRelease/pngrtran.obj
         .\..\obj\IrrRelease/pngrutil.obj
         .\..\obj\IrrRelease/pngset.obj
         .\..\obj\IrrRelease/pngtrans.obj
         .\..\obj\IrrRelease/pngwio.obj
         .\..\obj\IrrRelease/pngwrite.obj
         .\..\obj\IrrRelease/pngwtran.obj
         .\..\obj\IrrRelease/pngwutil.obj
         .\..\obj\IrrRelease/aescrypt.obj
         .\..\obj\IrrRelease/aeskey.obj
         .\..\obj\IrrRelease/aestab.obj
         .\..\obj\IrrRelease/fileenc.obj
         .\..\obj\IrrRelease/hmac.obj
         .\..\obj\IrrRelease/prng.obj
         .\..\obj\IrrRelease/pwd2key.obj
         .\..\obj\IrrRelease/sha1.obj
         .\..\obj\IrrRelease/sha2.obj
         .\..\obj\IrrRelease/blocksort.obj
         .\..\obj\IrrRelease/bzcompress.obj
         .\..\obj\IrrRelease/bzlib.obj
         .\..\obj\IrrRelease/crctable.obj
         .\..\obj\IrrRelease/decompress.obj
         .\..\obj\IrrRelease/huffman.obj
         .\..\obj\IrrRelease/randtable.obj
         .\..\obj\IrrRelease/CIrrDeviceConsole.obj
         .\..\obj\IrrRelease/CIrrDeviceFB.obj
         .\..\obj\IrrRelease/CIrrDeviceLinux.obj
         .\..\obj\IrrRelease/CIrrDeviceSDL.obj
         .\..\obj\IrrRelease/CIrrDeviceStub.obj
         .\..\obj\IrrRelease/CIrrDeviceWin32.obj
         .\..\obj\IrrRelease/CIrrDeviceWinCE.obj
         .\..\obj\IrrRelease/CAttributes.obj
         .\..\obj\IrrRelease/CFileList.obj
         .\..\obj\IrrRelease/CFileSystem.obj
         .\..\obj\IrrRelease/CLimitReadFile.obj
         .\..\obj\IrrRelease/CMemoryFile.obj
         .\..\obj\IrrRelease/CMountPointReader.obj
         .\..\obj\IrrRelease/CNPKReader.obj
         .\..\obj\IrrRelease/CPakReader.obj
         .\..\obj\IrrRelease/CReadFile.obj
         .\..\obj\IrrRelease/CTarReader.obj
         .\..\obj\IrrRelease/CWriteFile.obj
         .\..\obj\IrrRelease/CXMLReader.obj
         .\..\obj\IrrRelease/CXMLWriter.obj
         .\..\obj\IrrRelease/CZipReader.obj
         .\..\obj\IrrRelease/irrXML.obj
         .\..\obj\IrrRelease/CDefaultGUIElementFactory.obj
         .\..\obj\IrrRelease/CGUIButton.obj
         .\..\obj\IrrRelease/CGUICheckbox.obj
         .\..\obj\IrrRelease/CGUIColorSelectDialog.obj
         .\..\obj\IrrRelease/CGUIComboBox.obj
         .\..\obj\IrrRelease/CGUIContextMenu.obj
         .\..\obj\IrrRelease/CGUIEditBox.obj
         .\..\obj\IrrRelease/CGUIEnvironment.obj
         .\..\obj\IrrRelease/CGUIFileOpenDialog.obj
         .\..\obj\IrrRelease/CGUIFont.obj
         .\..\obj\IrrRelease/CGUIImage.obj
         .\..\obj\IrrRelease/CGUIImageList.obj
         .\..\obj\IrrRelease/CGUIInOutFader.obj
         .\..\obj\IrrRelease/CGUIListBox.obj
         .\..\obj\IrrRelease/CGUIMenu.obj
         .\..\obj\IrrRelease/CGUIMeshViewer.obj
         .\..\obj\IrrRelease/CGUIMessageBox.obj
         .\..\obj\IrrRelease/CGUIModalScreen.obj
         .\..\obj\IrrRelease/CGUIScrollBar.obj
         .\..\obj\IrrRelease/CGUISkin.obj
         .\..\obj\IrrRelease/CGUISpinBox.obj
         .\..\obj\IrrRelease/CGUISpriteBank.obj
         .\..\obj\IrrRelease/CGUIStaticText.obj
         .\..\obj\IrrRelease/CGUITabControl.obj
         .\..\obj\IrrRelease/CGUITable.obj
         .\..\obj\IrrRelease/CGUIToolBar.obj
         .\..\obj\IrrRelease/CGUITreeView.obj
         .\..\obj\IrrRelease/CGUIWindow.obj /MACHINE:I386 
            Creating library ..\..\lib\Win32 Release-visualstudio\Irrlicht.lib and object ..\..\lib\Win32 Release-visualstudio\Irrlicht.exp
         Generating code
         Finished generating code
         Irrlicht9.0.vcxproj -> D:\CLib\v2012\irrlicht-1.7.2\source\Irrlicht\obj\Release\Irrlicht.dll
       Manifest:
         C:\Program Files (x86)\Microsoft SDKs\Windows\v7.0A\bin\mt.exe /nologo /verbose /outputresource:"..\..\bin\Win32 Release-visualstudio\Irrlicht.dll;#2" /manifest obj\Release\Irrlicht.dll.intermediate.manifest
       FinalizeBuildStatus:
         Deleting file "obj\Release\Irrlicht.unsuccessfulbuild".
         Touching "obj\Release\Irrlicht.lastbuildstate".
     1>Done Building Project "D:\CLib\v2012\irrlicht-1.7.2\source\Irrlicht\Irrlicht9.0.vcxproj" (build target(s)).

Build succeeded.

Time Elapsed 00:02:03.36
