C:\USERS\LUCAS\DESKTOP\DRAXUS 0.7\IRRLICHT-1.7.2\BIN\WIN32D-VISUALSTUDIO\IRRLICHT.DLL
C:\USERS\LUCAS\DESKTOP\DRAXUS 0.7\IRRLICHT-1.7.2\BIN\WIN32D-VISUALSTUDIO\IRRLICHT.ILK
C:\Users\Lucas\Desktop\Draxus 0.7\irrlicht-1.7.2\lib\Win32-visualstudio\Irrlicht.exp
C:\Users\Lucas\Desktop\Draxus 0.7\irrlicht-1.7.2\lib\Win32-visualstudio\Irrlicht.lib
C:\Users\Lucas\Desktop\Draxus 0.7\irrlicht-1.7.2\source\Irrlicht\obj\Debug\cl.command.1.tlog
C:\Users\Lucas\Desktop\Draxus 0.7\irrlicht-1.7.2\source\Irrlicht\obj\Debug\CL.read.1.tlog
C:\Users\Lucas\Desktop\Draxus 0.7\irrlicht-1.7.2\source\Irrlicht\obj\Debug\CL.write.1.tlog
C:\USERS\LUCAS\DESKTOP\DRAXUS 0.7\IRRLICHT-1.7.2\SOURCE\IRRLICHT\OBJ\DEBUG\IRRLICHT.DLL.EMBED.MANIFEST
C:\USERS\LUCAS\DESKTOP\DRAXUS 0.7\IRRLICHT-1.7.2\SOURCE\IRRLICHT\OBJ\DEBUG\IRRLICHT.DLL.EMBED.MANIFEST.RES
C:\USERS\LUCAS\DESKTOP\DRAXUS 0.7\IRRLICHT-1.7.2\SOURCE\IRRLICHT\OBJ\DEBUG\IRRLICHT.DLL.INTERMEDIATE.MANIFEST
C:\Users\Lucas\Desktop\Draxus 0.7\irrlicht-1.7.2\source\Irrlicht\obj\Debug\Irrlicht.write.1.tlog
C:\Users\Lucas\Desktop\Draxus 0.7\irrlicht-1.7.2\source\Irrlicht\obj\Debug\Irrlicht_manifest.rc
C:\Users\Lucas\Desktop\Draxus 0.7\irrlicht-1.7.2\source\Irrlicht\obj\Debug\link.2564.read.1.tlog
C:\Users\Lucas\Desktop\Draxus 0.7\irrlicht-1.7.2\source\Irrlicht\obj\Debug\link.2564.write.1.tlog
C:\Users\Lucas\Desktop\Draxus 0.7\irrlicht-1.7.2\source\Irrlicht\obj\Debug\link.2564-cvtres.read.1.tlog
C:\Users\Lucas\Desktop\Draxus 0.7\irrlicht-1.7.2\source\Irrlicht\obj\Debug\link.2564-cvtres.write.1.tlog
C:\Users\Lucas\Desktop\Draxus 0.7\irrlicht-1.7.2\source\Irrlicht\obj\Debug\link.4260.read.1.tlog
C:\Users\Lucas\Desktop\Draxus 0.7\irrlicht-1.7.2\source\Irrlicht\obj\Debug\link.4260.write.1.tlog
C:\Users\Lucas\Desktop\Draxus 0.7\irrlicht-1.7.2\source\Irrlicht\obj\Debug\link.4260-cvtres.read.1.tlog
C:\Users\Lucas\Desktop\Draxus 0.7\irrlicht-1.7.2\source\Irrlicht\obj\Debug\link.4260-cvtres.write.1.tlog
C:\Users\Lucas\Desktop\Draxus 0.7\irrlicht-1.7.2\source\Irrlicht\obj\Debug\link.command.1.tlog
C:\Users\Lucas\Desktop\Draxus 0.7\irrlicht-1.7.2\source\Irrlicht\obj\Debug\link.read.1.tlog
C:\Users\Lucas\Desktop\Draxus 0.7\irrlicht-1.7.2\source\Irrlicht\obj\Debug\link.write.1.tlog
C:\Users\Lucas\Desktop\Draxus 0.7\irrlicht-1.7.2\source\Irrlicht\obj\Debug\link-cvtres.read.1.tlog
C:\Users\Lucas\Desktop\Draxus 0.7\irrlicht-1.7.2\source\Irrlicht\obj\Debug\link-cvtres.write.1.tlog
C:\Users\Lucas\Desktop\Draxus 0.7\irrlicht-1.7.2\source\Irrlicht\obj\Debug\mt.command.1.tlog
C:\Users\Lucas\Desktop\Draxus 0.7\irrlicht-1.7.2\source\Irrlicht\obj\Debug\mt.read.1.tlog
C:\Users\Lucas\Desktop\Draxus 0.7\irrlicht-1.7.2\source\Irrlicht\obj\Debug\mt.write.1.tlog
C:\Users\Lucas\Desktop\Draxus 0.7\irrlicht-1.7.2\source\Irrlicht\obj\Debug\rc.command.1.tlog
C:\Users\Lucas\Desktop\Draxus 0.7\irrlicht-1.7.2\source\Irrlicht\obj\Debug\rc.read.1.tlog
C:\Users\Lucas\Desktop\Draxus 0.7\irrlicht-1.7.2\source\Irrlicht\obj\Debug\rc.write.1.tlog
C:\USERS\LUCAS\DESKTOP\DRAXUS 0.7\IRRLICHT-1.7.2\SOURCE\OBJ\IRRDEBUG\ADLER32.OBJ
C:\USERS\LUCAS\DESKTOP\DRAXUS 0.7\IRRLICHT-1.7.2\SOURCE\OBJ\IRRDEBUG\AESCRYPT.OBJ
C:\USERS\LUCAS\DESKTOP\DRAXUS 0.7\IRRLICHT-1.7.2\SOURCE\OBJ\IRRDEBUG\AESKEY.OBJ
C:\USERS\LUCAS\DESKTOP\DRAXUS 0.7\IRRLICHT-1.7.2\SOURCE\OBJ\IRRDEBUG\AESTAB.OBJ
C:\USERS\LUCAS\DESKTOP\DRAXUS 0.7\IRRLICHT-1.7.2\SOURCE\OBJ\IRRDEBUG\BLOCKSORT.OBJ
C:\USERS\LUCAS\DESKTOP\DRAXUS 0.7\IRRLICHT-1.7.2\SOURCE\OBJ\IRRDEBUG\BZCOMPRESS.OBJ
C:\USERS\LUCAS\DESKTOP\DRAXUS 0.7\IRRLICHT-1.7.2\SOURCE\OBJ\IRRDEBUG\BZLIB.OBJ
C:\USERS\LUCAS\DESKTOP\DRAXUS 0.7\IRRLICHT-1.7.2\SOURCE\OBJ\IRRDEBUG\C3DSMESHFILELOADER.OBJ
C:\USERS\LUCAS\DESKTOP\DRAXUS 0.7\IRRLICHT-1.7.2\SOURCE\OBJ\IRRDEBUG\CANIMATEDMESHMD2.OBJ
C:\USERS\LUCAS\DESKTOP\DRAXUS 0.7\IRRLICHT-1.7.2\SOURCE\OBJ\IRRDEBUG\CANIMATEDMESHMD3.OBJ
C:\USERS\LUCAS\DESKTOP\DRAXUS 0.7\IRRLICHT-1.7.2\SOURCE\OBJ\IRRDEBUG\CANIMATEDMESHSCENENODE.OBJ
C:\USERS\LUCAS\DESKTOP\DRAXUS 0.7\IRRLICHT-1.7.2\SOURCE\OBJ\IRRDEBUG\CATTRIBUTES.OBJ
C:\USERS\LUCAS\DESKTOP\DRAXUS 0.7\IRRLICHT-1.7.2\SOURCE\OBJ\IRRDEBUG\CB3DMESHFILELOADER.OBJ
C:\USERS\LUCAS\DESKTOP\DRAXUS 0.7\IRRLICHT-1.7.2\SOURCE\OBJ\IRRDEBUG\CBILLBOARDSCENENODE.OBJ
C:\USERS\LUCAS\DESKTOP\DRAXUS 0.7\IRRLICHT-1.7.2\SOURCE\OBJ\IRRDEBUG\CBONESCENENODE.OBJ
C:\USERS\LUCAS\DESKTOP\DRAXUS 0.7\IRRLICHT-1.7.2\SOURCE\OBJ\IRRDEBUG\CBSPMESHFILELOADER.OBJ
C:\USERS\LUCAS\DESKTOP\DRAXUS 0.7\IRRLICHT-1.7.2\SOURCE\OBJ\IRRDEBUG\CBURNINGSHADER_RASTER_REFERENCE.OBJ
C:\USERS\LUCAS\DESKTOP\DRAXUS 0.7\IRRLICHT-1.7.2\SOURCE\OBJ\IRRDEBUG\CCAMERASCENENODE.OBJ
C:\USERS\LUCAS\DESKTOP\DRAXUS 0.7\IRRLICHT-1.7.2\SOURCE\OBJ\IRRDEBUG\CCOLLADAFILELOADER.OBJ
C:\USERS\LUCAS\DESKTOP\DRAXUS 0.7\IRRLICHT-1.7.2\SOURCE\OBJ\IRRDEBUG\CCOLLADAMESHWRITER.OBJ
C:\USERS\LUCAS\DESKTOP\DRAXUS 0.7\IRRLICHT-1.7.2\SOURCE\OBJ\IRRDEBUG\CCOLORCONVERTER.OBJ
C:\USERS\LUCAS\DESKTOP\DRAXUS 0.7\IRRLICHT-1.7.2\SOURCE\OBJ\IRRDEBUG\CCSMLOADER.OBJ
C:\USERS\LUCAS\DESKTOP\DRAXUS 0.7\IRRLICHT-1.7.2\SOURCE\OBJ\IRRDEBUG\CCUBESCENENODE.OBJ
C:\USERS\LUCAS\DESKTOP\DRAXUS 0.7\IRRLICHT-1.7.2\SOURCE\OBJ\IRRDEBUG\CD3D8DRIVER.OBJ
C:\USERS\LUCAS\DESKTOP\DRAXUS 0.7\IRRLICHT-1.7.2\SOURCE\OBJ\IRRDEBUG\CD3D8NORMALMAPRENDERER.OBJ
C:\USERS\LUCAS\DESKTOP\DRAXUS 0.7\IRRLICHT-1.7.2\SOURCE\OBJ\IRRDEBUG\CD3D8PARALLAXMAPRENDERER.OBJ
C:\USERS\LUCAS\DESKTOP\DRAXUS 0.7\IRRLICHT-1.7.2\SOURCE\OBJ\IRRDEBUG\CD3D8SHADERMATERIALRENDERER.OBJ
C:\USERS\LUCAS\DESKTOP\DRAXUS 0.7\IRRLICHT-1.7.2\SOURCE\OBJ\IRRDEBUG\CD3D8TEXTURE.OBJ
C:\USERS\LUCAS\DESKTOP\DRAXUS 0.7\IRRLICHT-1.7.2\SOURCE\OBJ\IRRDEBUG\CD3D9DRIVER.OBJ
C:\USERS\LUCAS\DESKTOP\DRAXUS 0.7\IRRLICHT-1.7.2\SOURCE\OBJ\IRRDEBUG\CD3D9HLSLMATERIALRENDERER.OBJ
C:\USERS\LUCAS\DESKTOP\DRAXUS 0.7\IRRLICHT-1.7.2\SOURCE\OBJ\IRRDEBUG\CD3D9NORMALMAPRENDERER.OBJ
C:\USERS\LUCAS\DESKTOP\DRAXUS 0.7\IRRLICHT-1.7.2\SOURCE\OBJ\IRRDEBUG\CD3D9PARALLAXMAPRENDERER.OBJ
C:\USERS\LUCAS\DESKTOP\DRAXUS 0.7\IRRLICHT-1.7.2\SOURCE\OBJ\IRRDEBUG\CD3D9SHADERMATERIALRENDERER.OBJ
C:\USERS\LUCAS\DESKTOP\DRAXUS 0.7\IRRLICHT-1.7.2\SOURCE\OBJ\IRRDEBUG\CD3D9TEXTURE.OBJ
C:\USERS\LUCAS\DESKTOP\DRAXUS 0.7\IRRLICHT-1.7.2\SOURCE\OBJ\IRRDEBUG\CDEFAULTGUIELEMENTFACTORY.OBJ
C:\USERS\LUCAS\DESKTOP\DRAXUS 0.7\IRRLICHT-1.7.2\SOURCE\OBJ\IRRDEBUG\CDEFAULTSCENENODEANIMATORFACTORY.OBJ
C:\USERS\LUCAS\DESKTOP\DRAXUS 0.7\IRRLICHT-1.7.2\SOURCE\OBJ\IRRDEBUG\CDEFAULTSCENENODEFACTORY.OBJ
C:\USERS\LUCAS\DESKTOP\DRAXUS 0.7\IRRLICHT-1.7.2\SOURCE\OBJ\IRRDEBUG\CDEPTHBUFFER.OBJ
C:\USERS\LUCAS\DESKTOP\DRAXUS 0.7\IRRLICHT-1.7.2\SOURCE\OBJ\IRRDEBUG\CDMFLOADER.OBJ
C:\USERS\LUCAS\DESKTOP\DRAXUS 0.7\IRRLICHT-1.7.2\SOURCE\OBJ\IRRDEBUG\CDUMMYTRANSFORMATIONSCENENODE.OBJ
C:\USERS\LUCAS\DESKTOP\DRAXUS 0.7\IRRLICHT-1.7.2\SOURCE\OBJ\IRRDEBUG\CEMPTYSCENENODE.OBJ
C:\USERS\LUCAS\DESKTOP\DRAXUS 0.7\IRRLICHT-1.7.2\SOURCE\OBJ\IRRDEBUG\CFILELIST.OBJ
C:\USERS\LUCAS\DESKTOP\DRAXUS 0.7\IRRLICHT-1.7.2\SOURCE\OBJ\IRRDEBUG\CFILESYSTEM.OBJ
C:\USERS\LUCAS\DESKTOP\DRAXUS 0.7\IRRLICHT-1.7.2\SOURCE\OBJ\IRRDEBUG\CFPSCOUNTER.OBJ
C:\USERS\LUCAS\DESKTOP\DRAXUS 0.7\IRRLICHT-1.7.2\SOURCE\OBJ\IRRDEBUG\CGEOMETRYCREATOR.OBJ
C:\USERS\LUCAS\DESKTOP\DRAXUS 0.7\IRRLICHT-1.7.2\SOURCE\OBJ\IRRDEBUG\CGUIBUTTON.OBJ
C:\USERS\LUCAS\DESKTOP\DRAXUS 0.7\IRRLICHT-1.7.2\SOURCE\OBJ\IRRDEBUG\CGUICHECKBOX.OBJ
C:\USERS\LUCAS\DESKTOP\DRAXUS 0.7\IRRLICHT-1.7.2\SOURCE\OBJ\IRRDEBUG\CGUICOLORSELECTDIALOG.OBJ
C:\USERS\LUCAS\DESKTOP\DRAXUS 0.7\IRRLICHT-1.7.2\SOURCE\OBJ\IRRDEBUG\CGUICOMBOBOX.OBJ
C:\USERS\LUCAS\DESKTOP\DRAXUS 0.7\IRRLICHT-1.7.2\SOURCE\OBJ\IRRDEBUG\CGUICONTEXTMENU.OBJ
C:\USERS\LUCAS\DESKTOP\DRAXUS 0.7\IRRLICHT-1.7.2\SOURCE\OBJ\IRRDEBUG\CGUIEDITBOX.OBJ
C:\USERS\LUCAS\DESKTOP\DRAXUS 0.7\IRRLICHT-1.7.2\SOURCE\OBJ\IRRDEBUG\CGUIENVIRONMENT.OBJ
C:\USERS\LUCAS\DESKTOP\DRAXUS 0.7\IRRLICHT-1.7.2\SOURCE\OBJ\IRRDEBUG\CGUIFILEOPENDIALOG.OBJ
C:\USERS\LUCAS\DESKTOP\DRAXUS 0.7\IRRLICHT-1.7.2\SOURCE\OBJ\IRRDEBUG\CGUIFONT.OBJ
C:\USERS\LUCAS\DESKTOP\DRAXUS 0.7\IRRLICHT-1.7.2\SOURCE\OBJ\IRRDEBUG\CGUIIMAGE.OBJ
C:\USERS\LUCAS\DESKTOP\DRAXUS 0.7\IRRLICHT-1.7.2\SOURCE\OBJ\IRRDEBUG\CGUIIMAGELIST.OBJ
C:\USERS\LUCAS\DESKTOP\DRAXUS 0.7\IRRLICHT-1.7.2\SOURCE\OBJ\IRRDEBUG\CGUIINOUTFADER.OBJ
C:\USERS\LUCAS\DESKTOP\DRAXUS 0.7\IRRLICHT-1.7.2\SOURCE\OBJ\IRRDEBUG\CGUILISTBOX.OBJ
C:\USERS\LUCAS\DESKTOP\DRAXUS 0.7\IRRLICHT-1.7.2\SOURCE\OBJ\IRRDEBUG\CGUIMENU.OBJ
C:\USERS\LUCAS\DESKTOP\DRAXUS 0.7\IRRLICHT-1.7.2\SOURCE\OBJ\IRRDEBUG\CGUIMESHVIEWER.OBJ
C:\USERS\LUCAS\DESKTOP\DRAXUS 0.7\IRRLICHT-1.7.2\SOURCE\OBJ\IRRDEBUG\CGUIMESSAGEBOX.OBJ
C:\USERS\LUCAS\DESKTOP\DRAXUS 0.7\IRRLICHT-1.7.2\SOURCE\OBJ\IRRDEBUG\CGUIMODALSCREEN.OBJ
C:\USERS\LUCAS\DESKTOP\DRAXUS 0.7\IRRLICHT-1.7.2\SOURCE\OBJ\IRRDEBUG\CGUISCROLLBAR.OBJ
C:\USERS\LUCAS\DESKTOP\DRAXUS 0.7\IRRLICHT-1.7.2\SOURCE\OBJ\IRRDEBUG\CGUISKIN.OBJ
C:\USERS\LUCAS\DESKTOP\DRAXUS 0.7\IRRLICHT-1.7.2\SOURCE\OBJ\IRRDEBUG\CGUISPINBOX.OBJ
C:\USERS\LUCAS\DESKTOP\DRAXUS 0.7\IRRLICHT-1.7.2\SOURCE\OBJ\IRRDEBUG\CGUISPRITEBANK.OBJ
C:\USERS\LUCAS\DESKTOP\DRAXUS 0.7\IRRLICHT-1.7.2\SOURCE\OBJ\IRRDEBUG\CGUISTATICTEXT.OBJ
C:\USERS\LUCAS\DESKTOP\DRAXUS 0.7\IRRLICHT-1.7.2\SOURCE\OBJ\IRRDEBUG\CGUITABCONTROL.OBJ
C:\USERS\LUCAS\DESKTOP\DRAXUS 0.7\IRRLICHT-1.7.2\SOURCE\OBJ\IRRDEBUG\CGUITABLE.OBJ
C:\USERS\LUCAS\DESKTOP\DRAXUS 0.7\IRRLICHT-1.7.2\SOURCE\OBJ\IRRDEBUG\CGUITOOLBAR.OBJ
C:\USERS\LUCAS\DESKTOP\DRAXUS 0.7\IRRLICHT-1.7.2\SOURCE\OBJ\IRRDEBUG\CGUITREEVIEW.OBJ
C:\USERS\LUCAS\DESKTOP\DRAXUS 0.7\IRRLICHT-1.7.2\SOURCE\OBJ\IRRDEBUG\CGUIWINDOW.OBJ
C:\USERS\LUCAS\DESKTOP\DRAXUS 0.7\IRRLICHT-1.7.2\SOURCE\OBJ\IRRDEBUG\CIMAGE.OBJ
C:\USERS\LUCAS\DESKTOP\DRAXUS 0.7\IRRLICHT-1.7.2\SOURCE\OBJ\IRRDEBUG\CIMAGELOADERBMP.OBJ
C:\USERS\LUCAS\DESKTOP\DRAXUS 0.7\IRRLICHT-1.7.2\SOURCE\OBJ\IRRDEBUG\CIMAGELOADERJPG.OBJ
C:\USERS\LUCAS\DESKTOP\DRAXUS 0.7\IRRLICHT-1.7.2\SOURCE\OBJ\IRRDEBUG\CIMAGELOADERPCX.OBJ
C:\USERS\LUCAS\DESKTOP\DRAXUS 0.7\IRRLICHT-1.7.2\SOURCE\OBJ\IRRDEBUG\CIMAGELOADERPNG.OBJ
C:\USERS\LUCAS\DESKTOP\DRAXUS 0.7\IRRLICHT-1.7.2\SOURCE\OBJ\IRRDEBUG\CIMAGELOADERPPM.OBJ
C:\USERS\LUCAS\DESKTOP\DRAXUS 0.7\IRRLICHT-1.7.2\SOURCE\OBJ\IRRDEBUG\CIMAGELOADERPSD.OBJ
C:\USERS\LUCAS\DESKTOP\DRAXUS 0.7\IRRLICHT-1.7.2\SOURCE\OBJ\IRRDEBUG\CIMAGELOADERRGB.OBJ
C:\USERS\LUCAS\DESKTOP\DRAXUS 0.7\IRRLICHT-1.7.2\SOURCE\OBJ\IRRDEBUG\CIMAGELOADERTGA.OBJ
C:\USERS\LUCAS\DESKTOP\DRAXUS 0.7\IRRLICHT-1.7.2\SOURCE\OBJ\IRRDEBUG\CIMAGELOADERWAL.OBJ
C:\USERS\LUCAS\DESKTOP\DRAXUS 0.7\IRRLICHT-1.7.2\SOURCE\OBJ\IRRDEBUG\CIMAGEWRITERBMP.OBJ
C:\USERS\LUCAS\DESKTOP\DRAXUS 0.7\IRRLICHT-1.7.2\SOURCE\OBJ\IRRDEBUG\CIMAGEWRITERJPG.OBJ
C:\USERS\LUCAS\DESKTOP\DRAXUS 0.7\IRRLICHT-1.7.2\SOURCE\OBJ\IRRDEBUG\CIMAGEWRITERPCX.OBJ
C:\USERS\LUCAS\DESKTOP\DRAXUS 0.7\IRRLICHT-1.7.2\SOURCE\OBJ\IRRDEBUG\CIMAGEWRITERPNG.OBJ
C:\USERS\LUCAS\DESKTOP\DRAXUS 0.7\IRRLICHT-1.7.2\SOURCE\OBJ\IRRDEBUG\CIMAGEWRITERPPM.OBJ
C:\USERS\LUCAS\DESKTOP\DRAXUS 0.7\IRRLICHT-1.7.2\SOURCE\OBJ\IRRDEBUG\CIMAGEWRITERPSD.OBJ
C:\USERS\LUCAS\DESKTOP\DRAXUS 0.7\IRRLICHT-1.7.2\SOURCE\OBJ\IRRDEBUG\CIMAGEWRITERTGA.OBJ
C:\USERS\LUCAS\DESKTOP\DRAXUS 0.7\IRRLICHT-1.7.2\SOURCE\OBJ\IRRDEBUG\CIRRDEVICECONSOLE.OBJ
C:\USERS\LUCAS\DESKTOP\DRAXUS 0.7\IRRLICHT-1.7.2\SOURCE\OBJ\IRRDEBUG\CIRRDEVICEFB.OBJ
C:\USERS\LUCAS\DESKTOP\DRAXUS 0.7\IRRLICHT-1.7.2\SOURCE\OBJ\IRRDEBUG\CIRRDEVICELINUX.OBJ
C:\USERS\LUCAS\DESKTOP\DRAXUS 0.7\IRRLICHT-1.7.2\SOURCE\OBJ\IRRDEBUG\CIRRDEVICESDL.OBJ
C:\USERS\LUCAS\DESKTOP\DRAXUS 0.7\IRRLICHT-1.7.2\SOURCE\OBJ\IRRDEBUG\CIRRDEVICESTUB.OBJ
C:\USERS\LUCAS\DESKTOP\DRAXUS 0.7\IRRLICHT-1.7.2\SOURCE\OBJ\IRRDEBUG\CIRRDEVICEWIN32.OBJ
C:\USERS\LUCAS\DESKTOP\DRAXUS 0.7\IRRLICHT-1.7.2\SOURCE\OBJ\IRRDEBUG\CIRRDEVICEWINCE.OBJ
C:\USERS\LUCAS\DESKTOP\DRAXUS 0.7\IRRLICHT-1.7.2\SOURCE\OBJ\IRRDEBUG\CIRRMESHFILELOADER.OBJ
C:\USERS\LUCAS\DESKTOP\DRAXUS 0.7\IRRLICHT-1.7.2\SOURCE\OBJ\IRRDEBUG\CIRRMESHWRITER.OBJ
C:\USERS\LUCAS\DESKTOP\DRAXUS 0.7\IRRLICHT-1.7.2\SOURCE\OBJ\IRRDEBUG\CLIGHTSCENENODE.OBJ
C:\USERS\LUCAS\DESKTOP\DRAXUS 0.7\IRRLICHT-1.7.2\SOURCE\OBJ\IRRDEBUG\CLIMITREADFILE.OBJ
C:\USERS\LUCAS\DESKTOP\DRAXUS 0.7\IRRLICHT-1.7.2\SOURCE\OBJ\IRRDEBUG\CLMTSMESHFILELOADER.OBJ
C:\USERS\LUCAS\DESKTOP\DRAXUS 0.7\IRRLICHT-1.7.2\SOURCE\OBJ\IRRDEBUG\CLOGGER.OBJ
C:\USERS\LUCAS\DESKTOP\DRAXUS 0.7\IRRLICHT-1.7.2\SOURCE\OBJ\IRRDEBUG\CLWOMESHFILELOADER.OBJ
C:\USERS\LUCAS\DESKTOP\DRAXUS 0.7\IRRLICHT-1.7.2\SOURCE\OBJ\IRRDEBUG\CMD2MESHFILELOADER.OBJ
C:\USERS\LUCAS\DESKTOP\DRAXUS 0.7\IRRLICHT-1.7.2\SOURCE\OBJ\IRRDEBUG\CMD3MESHFILELOADER.OBJ
C:\USERS\LUCAS\DESKTOP\DRAXUS 0.7\IRRLICHT-1.7.2\SOURCE\OBJ\IRRDEBUG\CMEMORYFILE.OBJ
C:\USERS\LUCAS\DESKTOP\DRAXUS 0.7\IRRLICHT-1.7.2\SOURCE\OBJ\IRRDEBUG\CMESHCACHE.OBJ
C:\USERS\LUCAS\DESKTOP\DRAXUS 0.7\IRRLICHT-1.7.2\SOURCE\OBJ\IRRDEBUG\CMESHMANIPULATOR.OBJ
C:\USERS\LUCAS\DESKTOP\DRAXUS 0.7\IRRLICHT-1.7.2\SOURCE\OBJ\IRRDEBUG\CMESHSCENENODE.OBJ
C:\USERS\LUCAS\DESKTOP\DRAXUS 0.7\IRRLICHT-1.7.2\SOURCE\OBJ\IRRDEBUG\CMETATRIANGLESELECTOR.OBJ
C:\USERS\LUCAS\DESKTOP\DRAXUS 0.7\IRRLICHT-1.7.2\SOURCE\OBJ\IRRDEBUG\CMOUNTPOINTREADER.OBJ
C:\USERS\LUCAS\DESKTOP\DRAXUS 0.7\IRRLICHT-1.7.2\SOURCE\OBJ\IRRDEBUG\CMS3DMESHFILELOADER.OBJ
C:\USERS\LUCAS\DESKTOP\DRAXUS 0.7\IRRLICHT-1.7.2\SOURCE\OBJ\IRRDEBUG\CMY3DMESHFILELOADER.OBJ
C:\USERS\LUCAS\DESKTOP\DRAXUS 0.7\IRRLICHT-1.7.2\SOURCE\OBJ\IRRDEBUG\CNPKREADER.OBJ
C:\USERS\LUCAS\DESKTOP\DRAXUS 0.7\IRRLICHT-1.7.2\SOURCE\OBJ\IRRDEBUG\CNULLDRIVER.OBJ
C:\USERS\LUCAS\DESKTOP\DRAXUS 0.7\IRRLICHT-1.7.2\SOURCE\OBJ\IRRDEBUG\COBJMESHFILELOADER.OBJ
C:\USERS\LUCAS\DESKTOP\DRAXUS 0.7\IRRLICHT-1.7.2\SOURCE\OBJ\IRRDEBUG\COBJMESHWRITER.OBJ
C:\USERS\LUCAS\DESKTOP\DRAXUS 0.7\IRRLICHT-1.7.2\SOURCE\OBJ\IRRDEBUG\COCTLOADER.OBJ
C:\USERS\LUCAS\DESKTOP\DRAXUS 0.7\IRRLICHT-1.7.2\SOURCE\OBJ\IRRDEBUG\COCTREESCENENODE.OBJ
C:\USERS\LUCAS\DESKTOP\DRAXUS 0.7\IRRLICHT-1.7.2\SOURCE\OBJ\IRRDEBUG\COCTREETRIANGLESELECTOR.OBJ
C:\USERS\LUCAS\DESKTOP\DRAXUS 0.7\IRRLICHT-1.7.2\SOURCE\OBJ\IRRDEBUG\COGREMESHFILELOADER.OBJ
C:\USERS\LUCAS\DESKTOP\DRAXUS 0.7\IRRLICHT-1.7.2\SOURCE\OBJ\IRRDEBUG\COMPRESS.OBJ
C:\USERS\LUCAS\DESKTOP\DRAXUS 0.7\IRRLICHT-1.7.2\SOURCE\OBJ\IRRDEBUG\COPENGLDRIVER.OBJ
C:\USERS\LUCAS\DESKTOP\DRAXUS 0.7\IRRLICHT-1.7.2\SOURCE\OBJ\IRRDEBUG\COPENGLEXTENSIONHANDLER.OBJ
C:\USERS\LUCAS\DESKTOP\DRAXUS 0.7\IRRLICHT-1.7.2\SOURCE\OBJ\IRRDEBUG\COPENGLNORMALMAPRENDERER.OBJ
C:\USERS\LUCAS\DESKTOP\DRAXUS 0.7\IRRLICHT-1.7.2\SOURCE\OBJ\IRRDEBUG\COPENGLPARALLAXMAPRENDERER.OBJ
C:\USERS\LUCAS\DESKTOP\DRAXUS 0.7\IRRLICHT-1.7.2\SOURCE\OBJ\IRRDEBUG\COPENGLSHADERMATERIALRENDERER.OBJ
C:\USERS\LUCAS\DESKTOP\DRAXUS 0.7\IRRLICHT-1.7.2\SOURCE\OBJ\IRRDEBUG\COPENGLSLMATERIALRENDERER.OBJ
C:\USERS\LUCAS\DESKTOP\DRAXUS 0.7\IRRLICHT-1.7.2\SOURCE\OBJ\IRRDEBUG\COPENGLTEXTURE.OBJ
C:\USERS\LUCAS\DESKTOP\DRAXUS 0.7\IRRLICHT-1.7.2\SOURCE\OBJ\IRRDEBUG\COSOPERATOR.OBJ
C:\USERS\LUCAS\DESKTOP\DRAXUS 0.7\IRRLICHT-1.7.2\SOURCE\OBJ\IRRDEBUG\CPAKREADER.OBJ
C:\USERS\LUCAS\DESKTOP\DRAXUS 0.7\IRRLICHT-1.7.2\SOURCE\OBJ\IRRDEBUG\CPARTICLEANIMATEDMESHSCENENODEEMITTER.OBJ
C:\USERS\LUCAS\DESKTOP\DRAXUS 0.7\IRRLICHT-1.7.2\SOURCE\OBJ\IRRDEBUG\CPARTICLEATTRACTIONAFFECTOR.OBJ
C:\USERS\LUCAS\DESKTOP\DRAXUS 0.7\IRRLICHT-1.7.2\SOURCE\OBJ\IRRDEBUG\CPARTICLEBOXEMITTER.OBJ
C:\USERS\LUCAS\DESKTOP\DRAXUS 0.7\IRRLICHT-1.7.2\SOURCE\OBJ\IRRDEBUG\CPARTICLECYLINDEREMITTER.OBJ
C:\USERS\LUCAS\DESKTOP\DRAXUS 0.7\IRRLICHT-1.7.2\SOURCE\OBJ\IRRDEBUG\CPARTICLEFADEOUTAFFECTOR.OBJ
C:\USERS\LUCAS\DESKTOP\DRAXUS 0.7\IRRLICHT-1.7.2\SOURCE\OBJ\IRRDEBUG\CPARTICLEGRAVITYAFFECTOR.OBJ
C:\USERS\LUCAS\DESKTOP\DRAXUS 0.7\IRRLICHT-1.7.2\SOURCE\OBJ\IRRDEBUG\CPARTICLEMESHEMITTER.OBJ
C:\USERS\LUCAS\DESKTOP\DRAXUS 0.7\IRRLICHT-1.7.2\SOURCE\OBJ\IRRDEBUG\CPARTICLEPOINTEMITTER.OBJ
C:\USERS\LUCAS\DESKTOP\DRAXUS 0.7\IRRLICHT-1.7.2\SOURCE\OBJ\IRRDEBUG\CPARTICLERINGEMITTER.OBJ
C:\USERS\LUCAS\DESKTOP\DRAXUS 0.7\IRRLICHT-1.7.2\SOURCE\OBJ\IRRDEBUG\CPARTICLEROTATIONAFFECTOR.OBJ
C:\USERS\LUCAS\DESKTOP\DRAXUS 0.7\IRRLICHT-1.7.2\SOURCE\OBJ\IRRDEBUG\CPARTICLESCALEAFFECTOR.OBJ
C:\USERS\LUCAS\DESKTOP\DRAXUS 0.7\IRRLICHT-1.7.2\SOURCE\OBJ\IRRDEBUG\CPARTICLESPHEREEMITTER.OBJ
C:\USERS\LUCAS\DESKTOP\DRAXUS 0.7\IRRLICHT-1.7.2\SOURCE\OBJ\IRRDEBUG\CPARTICLESYSTEMSCENENODE.OBJ
C:\USERS\LUCAS\DESKTOP\DRAXUS 0.7\IRRLICHT-1.7.2\SOURCE\OBJ\IRRDEBUG\CPLYMESHFILELOADER.OBJ
C:\USERS\LUCAS\DESKTOP\DRAXUS 0.7\IRRLICHT-1.7.2\SOURCE\OBJ\IRRDEBUG\CPLYMESHWRITER.OBJ
C:\USERS\LUCAS\DESKTOP\DRAXUS 0.7\IRRLICHT-1.7.2\SOURCE\OBJ\IRRDEBUG\CQ3LEVELMESH.OBJ
C:\USERS\LUCAS\DESKTOP\DRAXUS 0.7\IRRLICHT-1.7.2\SOURCE\OBJ\IRRDEBUG\CQUAKE3SHADERSCENENODE.OBJ
C:\USERS\LUCAS\DESKTOP\DRAXUS 0.7\IRRLICHT-1.7.2\SOURCE\OBJ\IRRDEBUG\CRC32.OBJ
C:\USERS\LUCAS\DESKTOP\DRAXUS 0.7\IRRLICHT-1.7.2\SOURCE\OBJ\IRRDEBUG\CRCTABLE.OBJ
C:\USERS\LUCAS\DESKTOP\DRAXUS 0.7\IRRLICHT-1.7.2\SOURCE\OBJ\IRRDEBUG\CREADFILE.OBJ
C:\USERS\LUCAS\DESKTOP\DRAXUS 0.7\IRRLICHT-1.7.2\SOURCE\OBJ\IRRDEBUG\CSCENECOLLISIONMANAGER.OBJ
C:\USERS\LUCAS\DESKTOP\DRAXUS 0.7\IRRLICHT-1.7.2\SOURCE\OBJ\IRRDEBUG\CSCENEMANAGER.OBJ
C:\USERS\LUCAS\DESKTOP\DRAXUS 0.7\IRRLICHT-1.7.2\SOURCE\OBJ\IRRDEBUG\CSCENENODEANIMATORCAMERAFPS.OBJ
C:\USERS\LUCAS\DESKTOP\DRAXUS 0.7\IRRLICHT-1.7.2\SOURCE\OBJ\IRRDEBUG\CSCENENODEANIMATORCAMERAMAYA.OBJ
C:\USERS\LUCAS\DESKTOP\DRAXUS 0.7\IRRLICHT-1.7.2\SOURCE\OBJ\IRRDEBUG\CSCENENODEANIMATORCOLLISIONRESPONSE.OBJ
C:\USERS\LUCAS\DESKTOP\DRAXUS 0.7\IRRLICHT-1.7.2\SOURCE\OBJ\IRRDEBUG\CSCENENODEANIMATORDELETE.OBJ
C:\USERS\LUCAS\DESKTOP\DRAXUS 0.7\IRRLICHT-1.7.2\SOURCE\OBJ\IRRDEBUG\CSCENENODEANIMATORFLYCIRCLE.OBJ
C:\USERS\LUCAS\DESKTOP\DRAXUS 0.7\IRRLICHT-1.7.2\SOURCE\OBJ\IRRDEBUG\CSCENENODEANIMATORFLYSTRAIGHT.OBJ
C:\USERS\LUCAS\DESKTOP\DRAXUS 0.7\IRRLICHT-1.7.2\SOURCE\OBJ\IRRDEBUG\CSCENENODEANIMATORFOLLOWSPLINE.OBJ
C:\USERS\LUCAS\DESKTOP\DRAXUS 0.7\IRRLICHT-1.7.2\SOURCE\OBJ\IRRDEBUG\CSCENENODEANIMATORROTATION.OBJ
C:\USERS\LUCAS\DESKTOP\DRAXUS 0.7\IRRLICHT-1.7.2\SOURCE\OBJ\IRRDEBUG\CSCENENODEANIMATORTEXTURE.OBJ
C:\USERS\LUCAS\DESKTOP\DRAXUS 0.7\IRRLICHT-1.7.2\SOURCE\OBJ\IRRDEBUG\CSHADOWVOLUMESCENENODE.OBJ
C:\USERS\LUCAS\DESKTOP\DRAXUS 0.7\IRRLICHT-1.7.2\SOURCE\OBJ\IRRDEBUG\CSKINNEDMESH.OBJ
C:\USERS\LUCAS\DESKTOP\DRAXUS 0.7\IRRLICHT-1.7.2\SOURCE\OBJ\IRRDEBUG\CSKYBOXSCENENODE.OBJ
C:\USERS\LUCAS\DESKTOP\DRAXUS 0.7\IRRLICHT-1.7.2\SOURCE\OBJ\IRRDEBUG\CSKYDOMESCENENODE.OBJ
C:\USERS\LUCAS\DESKTOP\DRAXUS 0.7\IRRLICHT-1.7.2\SOURCE\OBJ\IRRDEBUG\CSOFTWAREDRIVER.OBJ
C:\USERS\LUCAS\DESKTOP\DRAXUS 0.7\IRRLICHT-1.7.2\SOURCE\OBJ\IRRDEBUG\CSOFTWAREDRIVER2.OBJ
C:\USERS\LUCAS\DESKTOP\DRAXUS 0.7\IRRLICHT-1.7.2\SOURCE\OBJ\IRRDEBUG\CSOFTWARETEXTURE.OBJ
C:\USERS\LUCAS\DESKTOP\DRAXUS 0.7\IRRLICHT-1.7.2\SOURCE\OBJ\IRRDEBUG\CSOFTWARETEXTURE2.OBJ
C:\USERS\LUCAS\DESKTOP\DRAXUS 0.7\IRRLICHT-1.7.2\SOURCE\OBJ\IRRDEBUG\CSPHERESCENENODE.OBJ
C:\USERS\LUCAS\DESKTOP\DRAXUS 0.7\IRRLICHT-1.7.2\SOURCE\OBJ\IRRDEBUG\CSTLMESHFILELOADER.OBJ
C:\USERS\LUCAS\DESKTOP\DRAXUS 0.7\IRRLICHT-1.7.2\SOURCE\OBJ\IRRDEBUG\CSTLMESHWRITER.OBJ
C:\USERS\LUCAS\DESKTOP\DRAXUS 0.7\IRRLICHT-1.7.2\SOURCE\OBJ\IRRDEBUG\CTARREADER.OBJ
C:\USERS\LUCAS\DESKTOP\DRAXUS 0.7\IRRLICHT-1.7.2\SOURCE\OBJ\IRRDEBUG\CTERRAINSCENENODE.OBJ
C:\USERS\LUCAS\DESKTOP\DRAXUS 0.7\IRRLICHT-1.7.2\SOURCE\OBJ\IRRDEBUG\CTERRAINTRIANGLESELECTOR.OBJ
C:\USERS\LUCAS\DESKTOP\DRAXUS 0.7\IRRLICHT-1.7.2\SOURCE\OBJ\IRRDEBUG\CTEXTSCENENODE.OBJ
C:\USERS\LUCAS\DESKTOP\DRAXUS 0.7\IRRLICHT-1.7.2\SOURCE\OBJ\IRRDEBUG\CTRFLAT.OBJ
C:\USERS\LUCAS\DESKTOP\DRAXUS 0.7\IRRLICHT-1.7.2\SOURCE\OBJ\IRRDEBUG\CTRFLATWIRE.OBJ
C:\USERS\LUCAS\DESKTOP\DRAXUS 0.7\IRRLICHT-1.7.2\SOURCE\OBJ\IRRDEBUG\CTRGOURAUD.OBJ
C:\USERS\LUCAS\DESKTOP\DRAXUS 0.7\IRRLICHT-1.7.2\SOURCE\OBJ\IRRDEBUG\CTRGOURAUD2.OBJ
C:\USERS\LUCAS\DESKTOP\DRAXUS 0.7\IRRLICHT-1.7.2\SOURCE\OBJ\IRRDEBUG\CTRGOURAUDALPHA2.OBJ
C:\USERS\LUCAS\DESKTOP\DRAXUS 0.7\IRRLICHT-1.7.2\SOURCE\OBJ\IRRDEBUG\CTRGOURAUDALPHANOZ2.OBJ
C:\USERS\LUCAS\DESKTOP\DRAXUS 0.7\IRRLICHT-1.7.2\SOURCE\OBJ\IRRDEBUG\CTRGOURAUDWIRE.OBJ
C:\USERS\LUCAS\DESKTOP\DRAXUS 0.7\IRRLICHT-1.7.2\SOURCE\OBJ\IRRDEBUG\CTRIANGLEBBSELECTOR.OBJ
C:\USERS\LUCAS\DESKTOP\DRAXUS 0.7\IRRLICHT-1.7.2\SOURCE\OBJ\IRRDEBUG\CTRIANGLESELECTOR.OBJ
C:\USERS\LUCAS\DESKTOP\DRAXUS 0.7\IRRLICHT-1.7.2\SOURCE\OBJ\IRRDEBUG\CTRTEXTUREBLEND.OBJ
C:\USERS\LUCAS\DESKTOP\DRAXUS 0.7\IRRLICHT-1.7.2\SOURCE\OBJ\IRRDEBUG\CTRTEXTUREDETAILMAP2.OBJ
C:\USERS\LUCAS\DESKTOP\DRAXUS 0.7\IRRLICHT-1.7.2\SOURCE\OBJ\IRRDEBUG\CTRTEXTUREFLAT.OBJ
C:\USERS\LUCAS\DESKTOP\DRAXUS 0.7\IRRLICHT-1.7.2\SOURCE\OBJ\IRRDEBUG\CTRTEXTUREFLATWIRE.OBJ
C:\USERS\LUCAS\DESKTOP\DRAXUS 0.7\IRRLICHT-1.7.2\SOURCE\OBJ\IRRDEBUG\CTRTEXTUREGOURAUD.OBJ
C:\USERS\LUCAS\DESKTOP\DRAXUS 0.7\IRRLICHT-1.7.2\SOURCE\OBJ\IRRDEBUG\CTRTEXTUREGOURAUD2.OBJ
C:\USERS\LUCAS\DESKTOP\DRAXUS 0.7\IRRLICHT-1.7.2\SOURCE\OBJ\IRRDEBUG\CTRTEXTUREGOURAUDADD.OBJ
C:\USERS\LUCAS\DESKTOP\DRAXUS 0.7\IRRLICHT-1.7.2\SOURCE\OBJ\IRRDEBUG\CTRTEXTUREGOURAUDADD2.OBJ
C:\USERS\LUCAS\DESKTOP\DRAXUS 0.7\IRRLICHT-1.7.2\SOURCE\OBJ\IRRDEBUG\CTRTEXTUREGOURAUDADDNOZ2.OBJ
C:\USERS\LUCAS\DESKTOP\DRAXUS 0.7\IRRLICHT-1.7.2\SOURCE\OBJ\IRRDEBUG\CTRTEXTUREGOURAUDALPHA.OBJ
C:\USERS\LUCAS\DESKTOP\DRAXUS 0.7\IRRLICHT-1.7.2\SOURCE\OBJ\IRRDEBUG\CTRTEXTUREGOURAUDALPHANOZ.OBJ
C:\USERS\LUCAS\DESKTOP\DRAXUS 0.7\IRRLICHT-1.7.2\SOURCE\OBJ\IRRDEBUG\CTRTEXTUREGOURAUDNOZ.OBJ
C:\USERS\LUCAS\DESKTOP\DRAXUS 0.7\IRRLICHT-1.7.2\SOURCE\OBJ\IRRDEBUG\CTRTEXTUREGOURAUDNOZ2.OBJ
C:\USERS\LUCAS\DESKTOP\DRAXUS 0.7\IRRLICHT-1.7.2\SOURCE\OBJ\IRRDEBUG\CTRTEXTUREGOURAUDVERTEXALPHA2.OBJ
C:\USERS\LUCAS\DESKTOP\DRAXUS 0.7\IRRLICHT-1.7.2\SOURCE\OBJ\IRRDEBUG\CTRTEXTUREGOURAUDWIRE.OBJ
C:\USERS\LUCAS\DESKTOP\DRAXUS 0.7\IRRLICHT-1.7.2\SOURCE\OBJ\IRRDEBUG\CTRTEXTURELIGHTMAP2_ADD.OBJ
C:\USERS\LUCAS\DESKTOP\DRAXUS 0.7\IRRLICHT-1.7.2\SOURCE\OBJ\IRRDEBUG\CTRTEXTURELIGHTMAP2_M1.OBJ
C:\USERS\LUCAS\DESKTOP\DRAXUS 0.7\IRRLICHT-1.7.2\SOURCE\OBJ\IRRDEBUG\CTRTEXTURELIGHTMAP2_M2.OBJ
C:\USERS\LUCAS\DESKTOP\DRAXUS 0.7\IRRLICHT-1.7.2\SOURCE\OBJ\IRRDEBUG\CTRTEXTURELIGHTMAP2_M4.OBJ
C:\USERS\LUCAS\DESKTOP\DRAXUS 0.7\IRRLICHT-1.7.2\SOURCE\OBJ\IRRDEBUG\CTRTEXTURELIGHTMAPGOURAUD2_M4.OBJ
C:\USERS\LUCAS\DESKTOP\DRAXUS 0.7\IRRLICHT-1.7.2\SOURCE\OBJ\IRRDEBUG\CTRTEXTUREWIRE2.OBJ
C:\USERS\LUCAS\DESKTOP\DRAXUS 0.7\IRRLICHT-1.7.2\SOURCE\OBJ\IRRDEBUG\CVIDEOMODELIST.OBJ
C:\USERS\LUCAS\DESKTOP\DRAXUS 0.7\IRRLICHT-1.7.2\SOURCE\OBJ\IRRDEBUG\CVOLUMELIGHTSCENENODE.OBJ
C:\USERS\LUCAS\DESKTOP\DRAXUS 0.7\IRRLICHT-1.7.2\SOURCE\OBJ\IRRDEBUG\CWATERSURFACESCENENODE.OBJ
C:\USERS\LUCAS\DESKTOP\DRAXUS 0.7\IRRLICHT-1.7.2\SOURCE\OBJ\IRRDEBUG\CWRITEFILE.OBJ
C:\USERS\LUCAS\DESKTOP\DRAXUS 0.7\IRRLICHT-1.7.2\SOURCE\OBJ\IRRDEBUG\CXMESHFILELOADER.OBJ
C:\USERS\LUCAS\DESKTOP\DRAXUS 0.7\IRRLICHT-1.7.2\SOURCE\OBJ\IRRDEBUG\CXMLREADER.OBJ
C:\USERS\LUCAS\DESKTOP\DRAXUS 0.7\IRRLICHT-1.7.2\SOURCE\OBJ\IRRDEBUG\CXMLWRITER.OBJ
C:\USERS\LUCAS\DESKTOP\DRAXUS 0.7\IRRLICHT-1.7.2\SOURCE\OBJ\IRRDEBUG\CZBUFFER.OBJ
C:\USERS\LUCAS\DESKTOP\DRAXUS 0.7\IRRLICHT-1.7.2\SOURCE\OBJ\IRRDEBUG\CZIPREADER.OBJ
C:\USERS\LUCAS\DESKTOP\DRAXUS 0.7\IRRLICHT-1.7.2\SOURCE\OBJ\IRRDEBUG\DECOMPRESS.OBJ
C:\USERS\LUCAS\DESKTOP\DRAXUS 0.7\IRRLICHT-1.7.2\SOURCE\OBJ\IRRDEBUG\DEFLATE.OBJ
C:\USERS\LUCAS\DESKTOP\DRAXUS 0.7\IRRLICHT-1.7.2\SOURCE\OBJ\IRRDEBUG\FILEENC.OBJ
C:\USERS\LUCAS\DESKTOP\DRAXUS 0.7\IRRLICHT-1.7.2\SOURCE\OBJ\IRRDEBUG\HMAC.OBJ
C:\USERS\LUCAS\DESKTOP\DRAXUS 0.7\IRRLICHT-1.7.2\SOURCE\OBJ\IRRDEBUG\HUFFMAN.OBJ
C:\USERS\LUCAS\DESKTOP\DRAXUS 0.7\IRRLICHT-1.7.2\SOURCE\OBJ\IRRDEBUG\IBURNINGSHADER.OBJ
C:\USERS\LUCAS\DESKTOP\DRAXUS 0.7\IRRLICHT-1.7.2\SOURCE\OBJ\IRRDEBUG\INFFAST.OBJ
C:\USERS\LUCAS\DESKTOP\DRAXUS 0.7\IRRLICHT-1.7.2\SOURCE\OBJ\IRRDEBUG\INFLATE.OBJ
C:\USERS\LUCAS\DESKTOP\DRAXUS 0.7\IRRLICHT-1.7.2\SOURCE\OBJ\IRRDEBUG\INFTREES.OBJ
C:\USERS\LUCAS\DESKTOP\DRAXUS 0.7\IRRLICHT-1.7.2\SOURCE\OBJ\IRRDEBUG\IRRLICHT.OBJ
C:\USERS\LUCAS\DESKTOP\DRAXUS 0.7\IRRLICHT-1.7.2\SOURCE\OBJ\IRRDEBUG\IRRLICHT.PDB
C:\USERS\LUCAS\DESKTOP\DRAXUS 0.7\IRRLICHT-1.7.2\SOURCE\OBJ\IRRDEBUG\IRRXML.OBJ
C:\USERS\LUCAS\DESKTOP\DRAXUS 0.7\IRRLICHT-1.7.2\SOURCE\OBJ\IRRDEBUG\JARICOM.OBJ
C:\USERS\LUCAS\DESKTOP\DRAXUS 0.7\IRRLICHT-1.7.2\SOURCE\OBJ\IRRDEBUG\JCAPIMIN.OBJ
C:\USERS\LUCAS\DESKTOP\DRAXUS 0.7\IRRLICHT-1.7.2\SOURCE\OBJ\IRRDEBUG\JCAPISTD.OBJ
C:\USERS\LUCAS\DESKTOP\DRAXUS 0.7\IRRLICHT-1.7.2\SOURCE\OBJ\IRRDEBUG\JCARITH.OBJ
C:\USERS\LUCAS\DESKTOP\DRAXUS 0.7\IRRLICHT-1.7.2\SOURCE\OBJ\IRRDEBUG\JCCOEFCT.OBJ
C:\USERS\LUCAS\DESKTOP\DRAXUS 0.7\IRRLICHT-1.7.2\SOURCE\OBJ\IRRDEBUG\JCCOLOR.OBJ
C:\USERS\LUCAS\DESKTOP\DRAXUS 0.7\IRRLICHT-1.7.2\SOURCE\OBJ\IRRDEBUG\JCDCTMGR.OBJ
C:\USERS\LUCAS\DESKTOP\DRAXUS 0.7\IRRLICHT-1.7.2\SOURCE\OBJ\IRRDEBUG\JCHUFF.OBJ
C:\USERS\LUCAS\DESKTOP\DRAXUS 0.7\IRRLICHT-1.7.2\SOURCE\OBJ\IRRDEBUG\JCINIT.OBJ
C:\USERS\LUCAS\DESKTOP\DRAXUS 0.7\IRRLICHT-1.7.2\SOURCE\OBJ\IRRDEBUG\JCMAINCT.OBJ
C:\USERS\LUCAS\DESKTOP\DRAXUS 0.7\IRRLICHT-1.7.2\SOURCE\OBJ\IRRDEBUG\JCMARKER.OBJ
C:\USERS\LUCAS\DESKTOP\DRAXUS 0.7\IRRLICHT-1.7.2\SOURCE\OBJ\IRRDEBUG\JCMASTER.OBJ
C:\USERS\LUCAS\DESKTOP\DRAXUS 0.7\IRRLICHT-1.7.2\SOURCE\OBJ\IRRDEBUG\JCOMAPI.OBJ
C:\USERS\LUCAS\DESKTOP\DRAXUS 0.7\IRRLICHT-1.7.2\SOURCE\OBJ\IRRDEBUG\JCPARAM.OBJ
C:\USERS\LUCAS\DESKTOP\DRAXUS 0.7\IRRLICHT-1.7.2\SOURCE\OBJ\IRRDEBUG\JCPREPCT.OBJ
C:\USERS\LUCAS\DESKTOP\DRAXUS 0.7\IRRLICHT-1.7.2\SOURCE\OBJ\IRRDEBUG\JCSAMPLE.OBJ
C:\USERS\LUCAS\DESKTOP\DRAXUS 0.7\IRRLICHT-1.7.2\SOURCE\OBJ\IRRDEBUG\JCTRANS.OBJ
C:\USERS\LUCAS\DESKTOP\DRAXUS 0.7\IRRLICHT-1.7.2\SOURCE\OBJ\IRRDEBUG\JDAPIMIN.OBJ
C:\USERS\LUCAS\DESKTOP\DRAXUS 0.7\IRRLICHT-1.7.2\SOURCE\OBJ\IRRDEBUG\JDAPISTD.OBJ
C:\USERS\LUCAS\DESKTOP\DRAXUS 0.7\IRRLICHT-1.7.2\SOURCE\OBJ\IRRDEBUG\JDARITH.OBJ
C:\USERS\LUCAS\DESKTOP\DRAXUS 0.7\IRRLICHT-1.7.2\SOURCE\OBJ\IRRDEBUG\JDATADST.OBJ
C:\USERS\LUCAS\DESKTOP\DRAXUS 0.7\IRRLICHT-1.7.2\SOURCE\OBJ\IRRDEBUG\JDATASRC.OBJ
C:\USERS\LUCAS\DESKTOP\DRAXUS 0.7\IRRLICHT-1.7.2\SOURCE\OBJ\IRRDEBUG\JDCOEFCT.OBJ
C:\USERS\LUCAS\DESKTOP\DRAXUS 0.7\IRRLICHT-1.7.2\SOURCE\OBJ\IRRDEBUG\JDCOLOR.OBJ
C:\USERS\LUCAS\DESKTOP\DRAXUS 0.7\IRRLICHT-1.7.2\SOURCE\OBJ\IRRDEBUG\JDDCTMGR.OBJ
C:\USERS\LUCAS\DESKTOP\DRAXUS 0.7\IRRLICHT-1.7.2\SOURCE\OBJ\IRRDEBUG\JDHUFF.OBJ
C:\USERS\LUCAS\DESKTOP\DRAXUS 0.7\IRRLICHT-1.7.2\SOURCE\OBJ\IRRDEBUG\JDINPUT.OBJ
C:\USERS\LUCAS\DESKTOP\DRAXUS 0.7\IRRLICHT-1.7.2\SOURCE\OBJ\IRRDEBUG\JDMAINCT.OBJ
C:\USERS\LUCAS\DESKTOP\DRAXUS 0.7\IRRLICHT-1.7.2\SOURCE\OBJ\IRRDEBUG\JDMARKER.OBJ
C:\USERS\LUCAS\DESKTOP\DRAXUS 0.7\IRRLICHT-1.7.2\SOURCE\OBJ\IRRDEBUG\JDMASTER.OBJ
C:\USERS\LUCAS\DESKTOP\DRAXUS 0.7\IRRLICHT-1.7.2\SOURCE\OBJ\IRRDEBUG\JDMERGE.OBJ
C:\USERS\LUCAS\DESKTOP\DRAXUS 0.7\IRRLICHT-1.7.2\SOURCE\OBJ\IRRDEBUG\JDPOSTCT.OBJ
C:\USERS\LUCAS\DESKTOP\DRAXUS 0.7\IRRLICHT-1.7.2\SOURCE\OBJ\IRRDEBUG\JDSAMPLE.OBJ
C:\USERS\LUCAS\DESKTOP\DRAXUS 0.7\IRRLICHT-1.7.2\SOURCE\OBJ\IRRDEBUG\JDTRANS.OBJ
C:\USERS\LUCAS\DESKTOP\DRAXUS 0.7\IRRLICHT-1.7.2\SOURCE\OBJ\IRRDEBUG\JERROR.OBJ
C:\USERS\LUCAS\DESKTOP\DRAXUS 0.7\IRRLICHT-1.7.2\SOURCE\OBJ\IRRDEBUG\JFDCTFLT.OBJ
C:\USERS\LUCAS\DESKTOP\DRAXUS 0.7\IRRLICHT-1.7.2\SOURCE\OBJ\IRRDEBUG\JFDCTFST.OBJ
C:\USERS\LUCAS\DESKTOP\DRAXUS 0.7\IRRLICHT-1.7.2\SOURCE\OBJ\IRRDEBUG\JFDCTINT.OBJ
C:\USERS\LUCAS\DESKTOP\DRAXUS 0.7\IRRLICHT-1.7.2\SOURCE\OBJ\IRRDEBUG\JIDCTFLT.OBJ
C:\USERS\LUCAS\DESKTOP\DRAXUS 0.7\IRRLICHT-1.7.2\SOURCE\OBJ\IRRDEBUG\JIDCTFST.OBJ
C:\USERS\LUCAS\DESKTOP\DRAXUS 0.7\IRRLICHT-1.7.2\SOURCE\OBJ\IRRDEBUG\JIDCTINT.OBJ
C:\USERS\LUCAS\DESKTOP\DRAXUS 0.7\IRRLICHT-1.7.2\SOURCE\OBJ\IRRDEBUG\JMEMMGR.OBJ
C:\USERS\LUCAS\DESKTOP\DRAXUS 0.7\IRRLICHT-1.7.2\SOURCE\OBJ\IRRDEBUG\JMEMNOBS.OBJ
C:\USERS\LUCAS\DESKTOP\DRAXUS 0.7\IRRLICHT-1.7.2\SOURCE\OBJ\IRRDEBUG\JQUANT1.OBJ
C:\USERS\LUCAS\DESKTOP\DRAXUS 0.7\IRRLICHT-1.7.2\SOURCE\OBJ\IRRDEBUG\JQUANT2.OBJ
C:\USERS\LUCAS\DESKTOP\DRAXUS 0.7\IRRLICHT-1.7.2\SOURCE\OBJ\IRRDEBUG\JUTILS.OBJ
C:\USERS\LUCAS\DESKTOP\DRAXUS 0.7\IRRLICHT-1.7.2\SOURCE\OBJ\IRRDEBUG\LZMADEC.OBJ
C:\USERS\LUCAS\DESKTOP\DRAXUS 0.7\IRRLICHT-1.7.2\SOURCE\OBJ\IRRDEBUG\OS.OBJ
C:\USERS\LUCAS\DESKTOP\DRAXUS 0.7\IRRLICHT-1.7.2\SOURCE\OBJ\IRRDEBUG\PNG.OBJ
C:\USERS\LUCAS\DESKTOP\DRAXUS 0.7\IRRLICHT-1.7.2\SOURCE\OBJ\IRRDEBUG\PNGERROR.OBJ
C:\USERS\LUCAS\DESKTOP\DRAXUS 0.7\IRRLICHT-1.7.2\SOURCE\OBJ\IRRDEBUG\PNGGET.OBJ
C:\USERS\LUCAS\DESKTOP\DRAXUS 0.7\IRRLICHT-1.7.2\SOURCE\OBJ\IRRDEBUG\PNGMEM.OBJ
C:\USERS\LUCAS\DESKTOP\DRAXUS 0.7\IRRLICHT-1.7.2\SOURCE\OBJ\IRRDEBUG\PNGPREAD.OBJ
C:\USERS\LUCAS\DESKTOP\DRAXUS 0.7\IRRLICHT-1.7.2\SOURCE\OBJ\IRRDEBUG\PNGREAD.OBJ
C:\USERS\LUCAS\DESKTOP\DRAXUS 0.7\IRRLICHT-1.7.2\SOURCE\OBJ\IRRDEBUG\PNGRIO.OBJ
C:\USERS\LUCAS\DESKTOP\DRAXUS 0.7\IRRLICHT-1.7.2\SOURCE\OBJ\IRRDEBUG\PNGRTRAN.OBJ
C:\USERS\LUCAS\DESKTOP\DRAXUS 0.7\IRRLICHT-1.7.2\SOURCE\OBJ\IRRDEBUG\PNGRUTIL.OBJ
C:\USERS\LUCAS\DESKTOP\DRAXUS 0.7\IRRLICHT-1.7.2\SOURCE\OBJ\IRRDEBUG\PNGSET.OBJ
C:\USERS\LUCAS\DESKTOP\DRAXUS 0.7\IRRLICHT-1.7.2\SOURCE\OBJ\IRRDEBUG\PNGTRANS.OBJ
C:\USERS\LUCAS\DESKTOP\DRAXUS 0.7\IRRLICHT-1.7.2\SOURCE\OBJ\IRRDEBUG\PNGWIO.OBJ
C:\USERS\LUCAS\DESKTOP\DRAXUS 0.7\IRRLICHT-1.7.2\SOURCE\OBJ\IRRDEBUG\PNGWRITE.OBJ
C:\USERS\LUCAS\DESKTOP\DRAXUS 0.7\IRRLICHT-1.7.2\SOURCE\OBJ\IRRDEBUG\PNGWTRAN.OBJ
C:\USERS\LUCAS\DESKTOP\DRAXUS 0.7\IRRLICHT-1.7.2\SOURCE\OBJ\IRRDEBUG\PNGWUTIL.OBJ
C:\USERS\LUCAS\DESKTOP\DRAXUS 0.7\IRRLICHT-1.7.2\SOURCE\OBJ\IRRDEBUG\PRNG.OBJ
C:\USERS\LUCAS\DESKTOP\DRAXUS 0.7\IRRLICHT-1.7.2\SOURCE\OBJ\IRRDEBUG\PWD2KEY.OBJ
C:\USERS\LUCAS\DESKTOP\DRAXUS 0.7\IRRLICHT-1.7.2\SOURCE\OBJ\IRRDEBUG\RANDTABLE.OBJ
C:\USERS\LUCAS\DESKTOP\DRAXUS 0.7\IRRLICHT-1.7.2\SOURCE\OBJ\IRRDEBUG\SHA1.OBJ
C:\USERS\LUCAS\DESKTOP\DRAXUS 0.7\IRRLICHT-1.7.2\SOURCE\OBJ\IRRDEBUG\SHA2.OBJ
C:\USERS\LUCAS\DESKTOP\DRAXUS 0.7\IRRLICHT-1.7.2\SOURCE\OBJ\IRRDEBUG\TREES.OBJ
C:\USERS\LUCAS\DESKTOP\DRAXUS 0.7\IRRLICHT-1.7.2\SOURCE\OBJ\IRRDEBUG\UNCOMPR.OBJ
C:\USERS\LUCAS\DESKTOP\DRAXUS 0.7\IRRLICHT-1.7.2\SOURCE\OBJ\IRRDEBUG\VC100.PDB
C:\USERS\LUCAS\DESKTOP\DRAXUS 0.7\IRRLICHT-1.7.2\SOURCE\OBJ\IRRDEBUG\ZUTIL.OBJ
