Build started 05/09/2012 16:27:08.
     1>Project "D:\CLib\v2012\irrlicht-1.7.2\source\Irrlicht\Irrlicht9.0.vcxproj" on node 2 (build target(s)).
     1>InitializeBuildStatus:
         Creating "obj\Debug\Irrlicht.unsuccessfulbuild" because "AlwaysCreate" was specified.
       ClCompile:
         All outputs are up-to-date.
         All outputs are up-to-date.
       ManifestResourceCompile:
         All outputs are up-to-date.
       MakeDirsForLink:
         Creating directory "D:\CLib\v2012\irrlicht-1.7.2\lib\Win32 Debug-visualstudio\".
     1>C:\Program Files (x86)\MSBuild\Microsoft.Cpp\v4.0\Microsoft.CppBuild.targets(990,5): warning MSB8012: TargetPath(D:\CLib\v2012\irrlicht-1.7.2\source\Irrlicht\obj\Debug\Irrlicht.dll) does not match the Linker's OutputFile property value (D:\CLib\v2012\irrlicht-1.7.2\bin\Win32debug-visualstudio\Irrlicht.dll). This may cause your project to build incorrectly. To correct this, please make sure that $(OutDir), $(TargetName) and $(TargetExt) property values match the value specified in %(Link.OutputFile).
       Link:
         All outputs are up-to-date.
         c:\Program Files (x86)\Microsoft Visual Studio 10.0\VC\bin\link.exe /ERRORREPORT:PROMPT /OUT:"..\..\bin\Win32debug-visualstudio\Irrlicht.dll" /INCREMENTAL /NOLOGO kernel32.lib user32.lib gdi32.lib winspool.lib comdlg32.lib advapi32.lib shell32.lib ole32.lib oleaut32.lib uuid.lib opengl32.lib winmm.lib kernel32.lib user32.lib gdi32.lib winspool.lib comdlg32.lib advapi32.lib shell32.lib ole32.lib oleaut32.lib uuid.lib odbc32.lib odbccp32.lib /NODEFAULTLIB:libci.lib /MANIFEST /ManifestFile:"obj\Debug\Irrlicht.dll.intermediate.manifest" /MANIFESTUAC:"level='asInvoker' uiAccess='false'" /DEBUG /PDB:"..\obj\IrrDebug\Irrlicht.pdb" /TLBID:1 /DYNAMICBASE:NO /IMPLIB:"..\..\lib\Win32 Debug-visualstudio\Irrlicht.lib" /MACHINE:X86 /DLL obj\Debug\Irrlicht.dll.embed.manifest.res
         .\..\obj\IrrDebug/CDefaultSceneNodeAnimatorFactory.obj
         .\..\obj\IrrDebug/CDefaultSceneNodeFactory.obj
         .\..\obj\IrrDebug/CGeometryCreator.obj
         .\..\obj\IrrDebug/CMeshCache.obj
         .\..\obj\IrrDebug/CMeshManipulator.obj
         .\..\obj\IrrDebug/CSceneManager.obj
         .\..\obj\IrrDebug/C3DSMeshFileLoader.obj
         .\..\obj\IrrDebug/CAnimatedMeshMD2.obj
         .\..\obj\IrrDebug/CAnimatedMeshMD3.obj
         .\..\obj\IrrDebug/CB3DMeshFileLoader.obj
         .\..\obj\IrrDebug/CBSPMeshFileLoader.obj
         .\..\obj\IrrDebug/CColladaFileLoader.obj
         .\..\obj\IrrDebug/CCSMLoader.obj
         .\..\obj\IrrDebug/CDMFLoader.obj
         .\..\obj\IrrDebug/CIrrMeshFileLoader.obj
         .\..\obj\IrrDebug/CLMTSMeshFileLoader.obj
         .\..\obj\IrrDebug/CLWOMeshFileLoader.obj
         .\..\obj\IrrDebug/CMD2MeshFileLoader.obj
         .\..\obj\IrrDebug/CMD3MeshFileLoader.obj
         .\..\obj\IrrDebug/CMS3DMeshFileLoader.obj
         .\..\obj\IrrDebug/CMY3DMeshFileLoader.obj
         .\..\obj\IrrDebug/COBJMeshFileLoader.obj
         .\..\obj\IrrDebug/COCTLoader.obj
         .\..\obj\IrrDebug/COgreMeshFileLoader.obj
         .\..\obj\IrrDebug/CPLYMeshFileLoader.obj
         .\..\obj\IrrDebug/CQ3LevelMesh.obj
         .\..\obj\IrrDebug/CSkinnedMesh.obj
         .\..\obj\IrrDebug/CSTLMeshFileLoader.obj
         .\..\obj\IrrDebug/CXMeshFileLoader.obj
         .\..\obj\IrrDebug/CAnimatedMeshSceneNode.obj
         .\..\obj\IrrDebug/CBillboardSceneNode.obj
         .\..\obj\IrrDebug/CBoneSceneNode.obj
         .\..\obj\IrrDebug/CCameraSceneNode.obj
         .\..\obj\IrrDebug/CCubeSceneNode.obj
         .\..\obj\IrrDebug/CDummyTransformationSceneNode.obj
         .\..\obj\IrrDebug/CEmptySceneNode.obj
         .\..\obj\IrrDebug/CLightSceneNode.obj
         .\..\obj\IrrDebug/CMeshSceneNode.obj
         .\..\obj\IrrDebug/COctreeSceneNode.obj
         .\..\obj\IrrDebug/CQuake3ShaderSceneNode.obj
         .\..\obj\IrrDebug/CShadowVolumeSceneNode.obj
         .\..\obj\IrrDebug/CSkyBoxSceneNode.obj
         .\..\obj\IrrDebug/CSkyDomeSceneNode.obj
         .\..\obj\IrrDebug/CSphereSceneNode.obj
         .\..\obj\IrrDebug/CTerrainSceneNode.obj
         .\..\obj\IrrDebug/CTextSceneNode.obj
         .\..\obj\IrrDebug/CVolumeLightSceneNode.obj
         .\..\obj\IrrDebug/CWaterSurfaceSceneNode.obj
         .\..\obj\IrrDebug/CParticleAnimatedMeshSceneNodeEmitter.obj
         .\..\obj\IrrDebug/CParticleAttractionAffector.obj
         .\..\obj\IrrDebug/CParticleBoxEmitter.obj
         .\..\obj\IrrDebug/CParticleCylinderEmitter.obj
         .\..\obj\IrrDebug/CParticleFadeOutAffector.obj
         .\..\obj\IrrDebug/CParticleGravityAffector.obj
         .\..\obj\IrrDebug/CParticleMeshEmitter.obj
         .\..\obj\IrrDebug/CParticlePointEmitter.obj
         .\..\obj\IrrDebug/CParticleRingEmitter.obj
         .\..\obj\IrrDebug/CParticleRotationAffector.obj
         .\..\obj\IrrDebug/CParticleScaleAffector.obj
         .\..\obj\IrrDebug/CParticleSphereEmitter.obj
         .\..\obj\IrrDebug/CParticleSystemSceneNode.obj
         .\..\obj\IrrDebug/CMetaTriangleSelector.obj
         .\..\obj\IrrDebug/COctreeTriangleSelector.obj
         .\..\obj\IrrDebug/CSceneCollisionManager.obj
         .\..\obj\IrrDebug/CTerrainTriangleSelector.obj
         .\..\obj\IrrDebug/CTriangleBBSelector.obj
         .\..\obj\IrrDebug/CTriangleSelector.obj
         .\..\obj\IrrDebug/CSceneNodeAnimatorCameraFPS.obj
         .\..\obj\IrrDebug/CSceneNodeAnimatorCameraMaya.obj
         .\..\obj\IrrDebug/CSceneNodeAnimatorCollisionResponse.obj
         .\..\obj\IrrDebug/CSceneNodeAnimatorDelete.obj
         .\..\obj\IrrDebug/CSceneNodeAnimatorFlyCircle.obj
         .\..\obj\IrrDebug/CSceneNodeAnimatorFlyStraight.obj
         .\..\obj\IrrDebug/CSceneNodeAnimatorFollowSpline.obj
         .\..\obj\IrrDebug/CSceneNodeAnimatorRotation.obj
         .\..\obj\IrrDebug/CSceneNodeAnimatorTexture.obj
         .\..\obj\IrrDebug/CColladaMeshWriter.obj
         .\..\obj\IrrDebug/CIrrMeshWriter.obj
         .\..\obj\IrrDebug/COBJMeshWriter.obj
         .\..\obj\IrrDebug/CPLYMeshWriter.obj
         .\..\obj\IrrDebug/CSTLMeshWriter.obj
         .\..\obj\IrrDebug/CVideoModeList.obj
         .\..\obj\IrrDebug/CSoftwareDriver.obj
         .\..\obj\IrrDebug/CSoftwareTexture.obj
         .\..\obj\IrrDebug/CTRFlat.obj
         .\..\obj\IrrDebug/CTRFlatWire.obj
         .\..\obj\IrrDebug/CTRGouraud.obj
         .\..\obj\IrrDebug/CTRGouraudWire.obj
         .\..\obj\IrrDebug/CTRTextureFlat.obj
         .\..\obj\IrrDebug/CTRTextureFlatWire.obj
         .\..\obj\IrrDebug/CTRTextureGouraud.obj
         .\..\obj\IrrDebug/CTRTextureGouraudAdd.obj
         .\..\obj\IrrDebug/CTRTextureGouraudNoZ.obj
         .\..\obj\IrrDebug/CTRTextureGouraudWire.obj
         .\..\obj\IrrDebug/CZBuffer.obj
         .\..\obj\IrrDebug/COpenGLDriver.obj
         .\..\obj\IrrDebug/COpenGLExtensionHandler.obj
         .\..\obj\IrrDebug/COpenGLNormalMapRenderer.obj
         .\..\obj\IrrDebug/COpenGLParallaxMapRenderer.obj
         .\..\obj\IrrDebug/COpenGLShaderMaterialRenderer.obj
         .\..\obj\IrrDebug/COpenGLSLMaterialRenderer.obj
         .\..\obj\IrrDebug/COpenGLTexture.obj
         .\..\obj\IrrDebug/CD3D8Driver.obj
         .\..\obj\IrrDebug/CD3D8NormalMapRenderer.obj
         .\..\obj\IrrDebug/CD3D8ParallaxMapRenderer.obj
         .\..\obj\IrrDebug/CD3D8ShaderMaterialRenderer.obj
         .\..\obj\IrrDebug/CD3D8Texture.obj
         .\..\obj\IrrDebug/CColorConverter.obj
         .\..\obj\IrrDebug/CFPSCounter.obj
         .\..\obj\IrrDebug/CImage.obj
         .\..\obj\IrrDebug/CNullDriver.obj
         .\..\obj\IrrDebug/CImageWriterBMP.obj
         .\..\obj\IrrDebug/CImageWriterJPG.obj
         .\..\obj\IrrDebug/CImageWriterPCX.obj
         .\..\obj\IrrDebug/CImageWriterPNG.obj
         .\..\obj\IrrDebug/CImageWriterPPM.obj
         .\..\obj\IrrDebug/CImageWriterPSD.obj
         .\..\obj\IrrDebug/CImageWriterTGA.obj
         .\..\obj\IrrDebug/CImageLoaderBMP.obj
         .\..\obj\IrrDebug/CImageLoaderJPG.obj
         .\..\obj\IrrDebug/CImageLoaderPCX.obj
         .\..\obj\IrrDebug/CImageLoaderPNG.obj
         .\..\obj\IrrDebug/CImageLoaderPPM.obj
         .\..\obj\IrrDebug/CImageLoaderPSD.obj
         .\..\obj\IrrDebug/CImageLoaderRGB.obj
         .\..\obj\IrrDebug/CImageLoaderTGA.obj
         .\..\obj\IrrDebug/CImageLoaderWAL.obj
         .\..\obj\IrrDebug/CD3D9Driver.obj
         .\..\obj\IrrDebug/CD3D9HLSLMaterialRenderer.obj
         .\..\obj\IrrDebug/CD3D9NormalMapRenderer.obj
         .\..\obj\IrrDebug/CD3D9ParallaxMapRenderer.obj
         .\..\obj\IrrDebug/CD3D9ShaderMaterialRenderer.obj
         .\..\obj\IrrDebug/CD3D9Texture.obj
         .\..\obj\IrrDebug/CBurningShader_Raster_Reference.obj
         .\..\obj\IrrDebug/CDepthBuffer.obj
         .\..\obj\IrrDebug/CSoftwareDriver2.obj
         .\..\obj\IrrDebug/CSoftwareTexture2.obj
         .\..\obj\IrrDebug/CTRGouraud2.obj
         .\..\obj\IrrDebug/CTRGouraudAlpha2.obj
         .\..\obj\IrrDebug/CTRGouraudAlphaNoZ2.obj
         .\..\obj\IrrDebug/CTRTextureBlend.obj
         .\..\obj\IrrDebug/CTRTextureDetailMap2.obj
         .\..\obj\IrrDebug/CTRTextureGouraud2.obj
         .\..\obj\IrrDebug/CTRTextureGouraudAdd2.obj
         .\..\obj\IrrDebug/CTRTextureGouraudAddNoZ2.obj
         .\..\obj\IrrDebug/CTRTextureGouraudAlpha.obj
         .\..\obj\IrrDebug/CTRTextureGouraudAlphaNoZ.obj
         .\..\obj\IrrDebug/CTRTextureGouraudNoZ2.obj
         .\..\obj\IrrDebug/CTRTextureGouraudVertexAlpha2.obj
         .\..\obj\IrrDebug/CTRTextureLightMap2_Add.obj
         .\..\obj\IrrDebug/CTRTextureLightMap2_M1.obj
         .\..\obj\IrrDebug/CTRTextureLightMap2_M2.obj
         .\..\obj\IrrDebug/CTRTextureLightMap2_M4.obj
         .\..\obj\IrrDebug/CTRTextureLightMapGouraud2_M4.obj
         .\..\obj\IrrDebug/CTRTextureWire2.obj
         .\..\obj\IrrDebug/IBurningShader.obj
         .\..\obj\IrrDebug/CLogger.obj
         .\..\obj\IrrDebug/COSOperator.obj
         .\..\obj\IrrDebug/Irrlicht.obj
         .\..\obj\IrrDebug/os.obj
         .\..\obj\IrrDebug/LzmaDec.obj
         .\..\obj\IrrDebug/adler32.obj
         .\..\obj\IrrDebug/compress.obj
         .\..\obj\IrrDebug/crc32.obj
         .\..\obj\IrrDebug/deflate.obj
         .\..\obj\IrrDebug/inffast.obj
         .\..\obj\IrrDebug/inflate.obj
         .\..\obj\IrrDebug/inftrees.obj
         .\..\obj\IrrDebug/trees.obj
         .\..\obj\IrrDebug/uncompr.obj
         .\..\obj\IrrDebug/zutil.obj
         .\..\obj\IrrDebug/jaricom.obj
         .\..\obj\IrrDebug/jcapimin.obj
         .\..\obj\IrrDebug/jcapistd.obj
         .\..\obj\IrrDebug/jcarith.obj
         .\..\obj\IrrDebug/jccoefct.obj
         .\..\obj\IrrDebug/jccolor.obj
         .\..\obj\IrrDebug/jcdctmgr.obj
         .\..\obj\IrrDebug/jchuff.obj
         .\..\obj\IrrDebug/jcinit.obj
         .\..\obj\IrrDebug/jcmainct.obj
         .\..\obj\IrrDebug/jcmarker.obj
         .\..\obj\IrrDebug/jcmaster.obj
         .\..\obj\IrrDebug/jcomapi.obj
         .\..\obj\IrrDebug/jcparam.obj
         .\..\obj\IrrDebug/jcprepct.obj
         .\..\obj\IrrDebug/jcsample.obj
         .\..\obj\IrrDebug/jctrans.obj
         .\..\obj\IrrDebug/jdapimin.obj
         .\..\obj\IrrDebug/jdapistd.obj
         .\..\obj\IrrDebug/jdarith.obj
         .\..\obj\IrrDebug/jdatadst.obj
         .\..\obj\IrrDebug/jdatasrc.obj
         .\..\obj\IrrDebug/jdcoefct.obj
         .\..\obj\IrrDebug/jdcolor.obj
         .\..\obj\IrrDebug/jddctmgr.obj
         .\..\obj\IrrDebug/jdhuff.obj
         .\..\obj\IrrDebug/jdinput.obj
         .\..\obj\IrrDebug/jdmainct.obj
         .\..\obj\IrrDebug/jdmarker.obj
         .\..\obj\IrrDebug/jdmaster.obj
         .\..\obj\IrrDebug/jdmerge.obj
         .\..\obj\IrrDebug/jdpostct.obj
         .\..\obj\IrrDebug/jdsample.obj
         .\..\obj\IrrDebug/jdtrans.obj
         .\..\obj\IrrDebug/jerror.obj
         .\..\obj\IrrDebug/jfdctflt.obj
         .\..\obj\IrrDebug/jfdctfst.obj
         .\..\obj\IrrDebug/jfdctint.obj
         .\..\obj\IrrDebug/jidctflt.obj
         .\..\obj\IrrDebug/jidctfst.obj
         .\..\obj\IrrDebug/jidctint.obj
         .\..\obj\IrrDebug/jmemmgr.obj
         .\..\obj\IrrDebug/jmemnobs.obj
         .\..\obj\IrrDebug/jquant1.obj
         .\..\obj\IrrDebug/jquant2.obj
         .\..\obj\IrrDebug/jutils.obj
         .\..\obj\IrrDebug/png.obj
         .\..\obj\IrrDebug/pngerror.obj
         .\..\obj\IrrDebug/pngget.obj
         .\..\obj\IrrDebug/pngmem.obj
         .\..\obj\IrrDebug/pngpread.obj
         .\..\obj\IrrDebug/pngread.obj
         .\..\obj\IrrDebug/pngrio.obj
         .\..\obj\IrrDebug/pngrtran.obj
         .\..\obj\IrrDebug/pngrutil.obj
         .\..\obj\IrrDebug/pngset.obj
         .\..\obj\IrrDebug/pngtrans.obj
         .\..\obj\IrrDebug/pngwio.obj
         .\..\obj\IrrDebug/pngwrite.obj
         .\..\obj\IrrDebug/pngwtran.obj
         .\..\obj\IrrDebug/pngwutil.obj
         .\..\obj\IrrDebug/aescrypt.obj
         .\..\obj\IrrDebug/aeskey.obj
         .\..\obj\IrrDebug/aestab.obj
         .\..\obj\IrrDebug/fileenc.obj
         .\..\obj\IrrDebug/hmac.obj
         .\..\obj\IrrDebug/prng.obj
         .\..\obj\IrrDebug/pwd2key.obj
         .\..\obj\IrrDebug/sha1.obj
         .\..\obj\IrrDebug/sha2.obj
         .\..\obj\IrrDebug/blocksort.obj
         .\..\obj\IrrDebug/bzcompress.obj
         .\..\obj\IrrDebug/bzlib.obj
         .\..\obj\IrrDebug/crctable.obj
         .\..\obj\IrrDebug/decompress.obj
         .\..\obj\IrrDebug/huffman.obj
         .\..\obj\IrrDebug/randtable.obj
         .\..\obj\IrrDebug/CIrrDeviceConsole.obj
         .\..\obj\IrrDebug/CIrrDeviceFB.obj
         .\..\obj\IrrDebug/CIrrDeviceLinux.obj
         .\..\obj\IrrDebug/CIrrDeviceSDL.obj
         .\..\obj\IrrDebug/CIrrDeviceStub.obj
         .\..\obj\IrrDebug/CIrrDeviceWin32.obj
         .\..\obj\IrrDebug/CIrrDeviceWinCE.obj
         .\..\obj\IrrDebug/CAttributes.obj
         .\..\obj\IrrDebug/CFileList.obj
         .\..\obj\IrrDebug/CFileSystem.obj
         .\..\obj\IrrDebug/CLimitReadFile.obj
         .\..\obj\IrrDebug/CMemoryFile.obj
         .\..\obj\IrrDebug/CMountPointReader.obj
         .\..\obj\IrrDebug/CNPKReader.obj
         .\..\obj\IrrDebug/CPakReader.obj
         .\..\obj\IrrDebug/CReadFile.obj
         .\..\obj\IrrDebug/CTarReader.obj
         .\..\obj\IrrDebug/CWriteFile.obj
         .\..\obj\IrrDebug/CXMLReader.obj
         .\..\obj\IrrDebug/CXMLWriter.obj
         .\..\obj\IrrDebug/CZipReader.obj
         .\..\obj\IrrDebug/irrXML.obj
         .\..\obj\IrrDebug/CDefaultGUIElementFactory.obj
         .\..\obj\IrrDebug/CGUIButton.obj
         .\..\obj\IrrDebug/CGUICheckbox.obj
         .\..\obj\IrrDebug/CGUIColorSelectDialog.obj
         .\..\obj\IrrDebug/CGUIComboBox.obj
         .\..\obj\IrrDebug/CGUIContextMenu.obj
         .\..\obj\IrrDebug/CGUIEditBox.obj
         .\..\obj\IrrDebug/CGUIEnvironment.obj
         .\..\obj\IrrDebug/CGUIFileOpenDialog.obj
         .\..\obj\IrrDebug/CGUIFont.obj
         .\..\obj\IrrDebug/CGUIImage.obj
         .\..\obj\IrrDebug/CGUIImageList.obj
         .\..\obj\IrrDebug/CGUIInOutFader.obj
         .\..\obj\IrrDebug/CGUIListBox.obj
         .\..\obj\IrrDebug/CGUIMenu.obj
         .\..\obj\IrrDebug/CGUIMeshViewer.obj
         .\..\obj\IrrDebug/CGUIMessageBox.obj
         .\..\obj\IrrDebug/CGUIModalScreen.obj
         .\..\obj\IrrDebug/CGUIScrollBar.obj
         .\..\obj\IrrDebug/CGUISkin.obj
         .\..\obj\IrrDebug/CGUISpinBox.obj
         .\..\obj\IrrDebug/CGUISpriteBank.obj
         .\..\obj\IrrDebug/CGUIStaticText.obj
         .\..\obj\IrrDebug/CGUITabControl.obj
         .\..\obj\IrrDebug/CGUITable.obj
         .\..\obj\IrrDebug/CGUIToolBar.obj
         .\..\obj\IrrDebug/CGUITreeView.obj
         .\..\obj\IrrDebug/CGUIWindow.obj /MACHINE:I386 
            Creating library ..\..\lib\Win32 Debug-visualstudio\Irrlicht.lib and object ..\..\lib\Win32 Debug-visualstudio\Irrlicht.exp
       Manifest:
         C:\Program Files (x86)\Microsoft SDKs\Windows\v7.0A\bin\mt.exe /nologo /verbose /out:"obj\Debug\Irrlicht.dll.embed.manifest" /manifest obj\Debug\Irrlicht.dll.intermediate.manifest
         All outputs are up-to-date.
       LinkEmbedManifest:
         All outputs are up-to-date.
         Irrlicht9.0.vcxproj -> D:\CLib\v2012\irrlicht-1.7.2\source\Irrlicht\obj\Debug\Irrlicht.dll
       FinalizeBuildStatus:
         Deleting file "obj\Debug\Irrlicht.unsuccessfulbuild".
         Touching "obj\Debug\Irrlicht.lastbuildstate".
     1>Done Building Project "D:\CLib\v2012\irrlicht-1.7.2\source\Irrlicht\Irrlicht9.0.vcxproj" (build target(s)).

Build succeeded.

Time Elapsed 00:00:02.73
