Build started 25/09/2011 00:14:27.
     1>Project "C:\Users\Lucas\Desktop\Draxus 0.6\irrlicht-1.7.2\source\Irrlicht\Irrlicht9.0.vcxproj" on node 2 (rebuild target(s)).
     1>InitializeBuildStatus:
         Creating "obj\Release - Fast FPU\Irrlicht.unsuccessfulbuild" because "AlwaysCreate" was specified.
       MakeDirsForCl:
         Creating directory "C:\Users\Lucas\Desktop\Draxus 0.6\irrlicht-1.7.2\source\Irrlicht\.\..\obj\IrrRelease".
         Creating directory "C:\Users\Lucas\Desktop\Draxus 0.6\irrlicht-1.7.2\source\Irrlicht\.\..\obj\IrrReleaseFastFPU".
       ClCompile:
         C:\Program Files (x86)\Microsoft Visual Studio 10.0\VC\bin\CL.exe /c /I"C:\Program Files (x86)\Microsoft DirectX SDK (June 2010)\Include" /I..\..\include /Izlib /nologo /W3 /WX- /Ox /Ob2 /Oi /Ot /Oy /GL /D WIN32 /D NDEBUG /D _WINDOWS /D _USRDLL /D IRRLICHT_EXPORTS /D _CRT_SECURE_NO_DEPRECATE /D _VC80_UPGRADE=0x0710 /D _WINDLL /D _MBCS /GF /Gm- /MT /GS- /Gy /arch:SSE2 /fp:fast /Zc:wchar_t /Zc:forScope /GR- /Fo".\..\obj\IrrReleaseFastFPU/" /Fd".\..\obj\IrrReleaseFastFPU/" /Gr /TP /analyze- /errorReport:prompt CDefaultSceneNodeAnimatorFactory.cpp CDefaultSceneNodeFactory.cpp CGeometryCreator.cpp CMeshCache.cpp CMeshManipulator.cpp CSceneManager.cpp C3DSMeshFileLoader.cpp CAnimatedMeshMD2.cpp CAnimatedMeshMD3.cpp CB3DMeshFileLoader.cpp CBSPMeshFileLoader.cpp CColladaFileLoader.cpp CCSMLoader.cpp CDMFLoader.cpp CIrrMeshFileLoader.cpp CLMTSMeshFileLoader.cpp CLWOMeshFileLoader.cpp CMD2MeshFileLoader.cpp CMD3MeshFileLoader.cpp CMS3DMeshFileLoader.cpp CMY3DMeshFileLoader.cpp COBJMeshFileLoader.cpp COCTLoader.cpp COgreMeshFileLoader.cpp CPLYMeshFileLoader.cpp CQ3LevelMesh.cpp CSkinnedMesh.cpp CSTLMeshFileLoader.cpp CXMeshFileLoader.cpp CAnimatedMeshSceneNode.cpp CBillboardSceneNode.cpp CBoneSceneNode.cpp CCameraSceneNode.cpp CCubeSceneNode.cpp CDummyTransformationSceneNode.cpp CEmptySceneNode.cpp CLightSceneNode.cpp CMeshSceneNode.cpp COctreeSceneNode.cpp CQuake3ShaderSceneNode.cpp CShadowVolumeSceneNode.cpp CSkyBoxSceneNode.cpp CSkyDomeSceneNode.cpp CSphereSceneNode.cpp CTerrainSceneNode.cpp CTextSceneNode.cpp CVolumeLightSceneNode.cpp CWaterSurfaceSceneNode.cpp CParticleAnimatedMeshSceneNodeEmitter.cpp CParticleAttractionAffector.cpp CParticleBoxEmitter.cpp CParticleCylinderEmitter.cpp CParticleFadeOutAffector.cpp CParticleGravityAffector.cpp CParticleMeshEmitter.cpp CParticlePointEmitter.cpp CParticleRingEmitter.cpp CParticleRotationAffector.cpp CParticleScaleAffector.cpp CParticleSphereEmitter.cpp CParticleSystemSceneNode.cpp CMetaTriangleSelector.cpp COctreeTriangleSelector.cpp CSceneCollisionManager.cpp CTerrainTriangleSelector.cpp CTriangleBBSelector.cpp CTriangleSelector.cpp CSceneNodeAnimatorCameraFPS.cpp CSceneNodeAnimatorCameraMaya.cpp CSceneNodeAnimatorCollisionResponse.cpp CSceneNodeAnimatorDelete.cpp CSceneNodeAnimatorFlyCircle.cpp CSceneNodeAnimatorFlyStraight.cpp CSceneNodeAnimatorFollowSpline.cpp CSceneNodeAnimatorRotation.cpp CSceneNodeAnimatorTexture.cpp CColladaMeshWriter.cpp CIrrMeshWriter.cpp COBJMeshWriter.cpp CPLYMeshWriter.cpp CSTLMeshWriter.cpp CVideoModeList.cpp CSoftwareDriver.cpp CSoftwareTexture.cpp CTRFlat.cpp CTRFlatWire.cpp CTRGouraud.cpp CTRGouraudWire.cpp CTRTextureFlat.cpp CTRTextureFlatWire.cpp CTRTextureGouraud.cpp CTRTextureGouraudAdd.cpp CTRTextureGouraudNoZ.cpp CTRTextureGouraudWire.cpp CZBuffer.cpp COpenGLDriver.cpp COpenGLExtensionHandler.cpp COpenGLNormalMapRenderer.cpp COpenGLParallaxMapRenderer.cpp COpenGLShaderMaterialRenderer.cpp COpenGLSLMaterialRenderer.cpp COpenGLTexture.cpp CD3D8Driver.cpp CD3D8NormalMapRenderer.cpp CD3D8ParallaxMapRenderer.cpp CD3D8ShaderMaterialRenderer.cpp CD3D8Texture.cpp CColorConverter.cpp CFPSCounter.cpp CImage.cpp CNullDriver.cpp CImageWriterBMP.cpp CImageWriterJPG.cpp CImageWriterPCX.cpp CImageWriterPNG.cpp CImageWriterPPM.cpp CImageWriterPSD.cpp CImageWriterTGA.cpp CImageLoaderBMP.cpp CImageLoaderJPG.cpp CImageLoaderPCX.cpp CImageLoaderPNG.cpp CImageLoaderPPM.cpp CImageLoaderPSD.cpp CImageLoaderRGB.cpp CImageLoaderTGA.cpp CImageLoaderWAL.cpp CD3D9Driver.cpp CD3D9HLSLMaterialRenderer.cpp CD3D9NormalMapRenderer.cpp CD3D9ParallaxMapRenderer.cpp CD3D9ShaderMaterialRenderer.cpp CD3D9Texture.cpp CBurningShader_Raster_Reference.cpp CDepthBuffer.cpp CSoftwareDriver2.cpp CSoftwareTexture2.cpp CTRGouraud2.cpp CTRGouraudAlpha2.cpp CTRGouraudAlphaNoZ2.cpp CTRTextureBlend.cpp CTRTextureDetailMap2.cpp CTRTextureGouraud2.cpp CTRTextureGouraudAdd2.cpp CTRTextureGouraudAddNoZ2.cpp CTRTextureGouraudAlpha.cpp CTRTextureGouraudAlphaNoZ.cpp CTRTextureGouraudNoZ2.cpp CTRTextureGouraudVertexAlpha2.cpp CTRTextureLightMap2_Add.cpp CTRTextureLightMap2_M1.cpp CTRTextureLightMap2_M2.cpp CTRTextureLightMap2_M4.cpp CTRTextureLightMapGouraud2_M4.cpp CTRTextureWire2.cpp IBurningShader.cpp CLogger.cpp COSOperator.cpp Irrlicht.cpp os.cpp aesGladman\aescrypt.cpp aesGladman\aeskey.cpp aesGladman\aestab.cpp aesGladman\fileenc.cpp aesGladman\hmac.cpp aesGladman\prng.cpp aesGladman\pwd2key.cpp aesGladman\sha1.cpp aesGladman\sha2.cpp CIrrDeviceConsole.cpp CIrrDeviceFB.cpp CIrrDeviceLinux.cpp CIrrDeviceSDL.cpp CIrrDeviceStub.cpp CIrrDeviceWin32.cpp CIrrDeviceWinCE.cpp CAttributes.cpp CFileList.cpp CFileSystem.cpp CLimitReadFile.cpp CMemoryFile.cpp CMountPointReader.cpp CNPKReader.cpp CPakReader.cpp CReadFile.cpp CTarReader.cpp CWriteFile.cpp CXMLReader.cpp CXMLWriter.cpp CZipReader.cpp irrXML.cpp CDefaultGUIElementFactory.cpp CGUIButton.cpp CGUICheckbox.cpp CGUIColorSelectDialog.cpp CGUIComboBox.cpp CGUIContextMenu.cpp CGUIEditBox.cpp CGUIEnvironment.cpp CGUIFileOpenDialog.cpp CGUIFont.cpp CGUIImage.cpp CGUIImageList.cpp CGUIInOutFader.cpp CGUIListBox.cpp CGUIMenu.cpp CGUIMeshViewer.cpp CGUIMessageBox.cpp CGUIModalScreen.cpp CGUIScrollBar.cpp CGUISkin.cpp CGUISpinBox.cpp CGUISpriteBank.cpp CGUIStaticText.cpp CGUITabControl.cpp CGUITable.cpp CGUIToolBar.cpp CGUITreeView.cpp CGUIWindow.cpp
         CDefaultSceneNodeAnimatorFactory.cpp
         CDefaultSceneNodeFactory.cpp
         CGeometryCreator.cpp
         CMeshCache.cpp
         CMeshManipulator.cpp
         CSceneManager.cpp
         C3DSMeshFileLoader.cpp
         CAnimatedMeshMD2.cpp
         CAnimatedMeshMD3.cpp
         CB3DMeshFileLoader.cpp
         CBSPMeshFileLoader.cpp
         CColladaFileLoader.cpp
         CCSMLoader.cpp
         CDMFLoader.cpp
         CIrrMeshFileLoader.cpp
         CLMTSMeshFileLoader.cpp
         CLWOMeshFileLoader.cpp
         CMD2MeshFileLoader.cpp
         CMD3MeshFileLoader.cpp
         CMS3DMeshFileLoader.cpp
         Compiling...
         CMY3DMeshFileLoader.cpp
         COBJMeshFileLoader.cpp
         COCTLoader.cpp
         COgreMeshFileLoader.cpp
         CPLYMeshFileLoader.cpp
         CQ3LevelMesh.cpp
         CSkinnedMesh.cpp
         CSTLMeshFileLoader.cpp
         CXMeshFileLoader.cpp
         CAnimatedMeshSceneNode.cpp
         CBillboardSceneNode.cpp
         CBoneSceneNode.cpp
         CCameraSceneNode.cpp
         CCubeSceneNode.cpp
         CDummyTransformationSceneNode.cpp
         CEmptySceneNode.cpp
         CLightSceneNode.cpp
         CMeshSceneNode.cpp
         COctreeSceneNode.cpp
         CQuake3ShaderSceneNode.cpp
