Build started 13/12/2012 13:13:50.
     1>Project "C:\Users\ACER\Documents\GitHub\Blute-Engine-bkp\HelloCube\HelloCube\HelloCube.vcxproj" on node 2 (build target(s)).
     1>InitializeBuildStatus:
         Creating "Debug\BluteHole.unsuccessfulbuild" because "AlwaysCreate" was specified.
       ClCompile:
         c:\Program Files (x86)\Microsoft Visual Studio 10.0\VC\bin\CL.exe /c /I..\..\IrrWolforce\IrrWolforce /I..\..\Wolforce\Wolforce /I"..\..\irrlicht-1.7.2\include" /I"..\..\irrKlang-1.3.0\include" /ZI /nologo /W3 /WX- /Od /Oy- /D WIN32 /D _DEBUG /D _CONSOLE /D _UNICODE /D UNICODE /Gm /EHsc /RTC1 /MDd /GS /fp:precise /Zc:wchar_t /Zc:forScope /Fo"Debug\\" /Fd"Debug\vc100.pdb" /Gd /TP /analyze- /errorReport:prompt Cenario.cpp
         Cenario.cpp
     1>c:\users\acer\documents\github\blute-engine-bkp\irrwolforce\irrwolforce\irrinput.h(53): warning C4275: non dll-interface class 'irr::IEventReceiver' used as base for dll-interface class 'IrrWolforce::IrrInput'
                 c:\users\acer\documents\github\blute-engine-bkp\irrlicht-1.7.2\include\ieventreceiver.h(433) : see declaration of 'irr::IEventReceiver'
                 c:\users\acer\documents\github\blute-engine-bkp\irrwolforce\irrwolforce\irrinput.h(53) : see declaration of 'IrrWolforce::IrrInput'
     1>c:\users\acer\documents\github\blute-engine-bkp\irrwolforce\irrwolforce\irrenginestrategy.h(70): warning C4251: 'IrrWolforce::IrrEngineStrategy::clearColor' : class 'irr::video::SColor' needs to have dll-interface to be used by clients of class 'IrrWolforce::IrrEngineStrategy'
                 c:\users\acer\documents\github\blute-engine-bkp\irrlicht-1.7.2\include\scolor.h(158) : see declaration of 'irr::video::SColor'
       ManifestResourceCompile:
         All outputs are up-to-date.
       Link:
         c:\Program Files (x86)\Microsoft Visual Studio 10.0\VC\bin\link.exe /ERRORREPORT:PROMPT /OUT:"..\..\bin\Debug\BluteHole.exe" /INCREMENTAL /NOLOGO /LIBPATH:..\..\lib\Debug /LIBPATH:"..\..\irrKlang-1.3.0\lib\Win32-visualStudio" /LIBPATH:"..\..\irrlicht-1.7.2\lib\Win32 Debug-visualstudio" IrrWolforce.lib Wolforce.lib Irrlicht.lib irrKlang.lib kernel32.lib user32.lib gdi32.lib winspool.lib comdlg32.lib advapi32.lib shell32.lib ole32.lib oleaut32.lib uuid.lib odbc32.lib odbccp32.lib /MANIFEST /ManifestFile:"Debug\BluteHole.exe.intermediate.manifest" /MANIFESTUAC:"level='asInvoker' uiAccess='false'" /DEBUG /PDB:"C:\Users\ACER\Documents\GitHub\Blute-Engine-bkp\bin\Debug\BluteHole.pdb" /SUBSYSTEM:CONSOLE /TLBID:1 /DYNAMICBASE /NXCOMPAT /IMPLIB:"..\..\bin\Debug\BluteHole.lib" /MACHINE:X86 Debug\BluteHole.exe.embed.manifest.res
         Debug\Cenario.obj
         Debug\HelloCube.obj
         Debug\Inimigos.obj
         Debug\Jogador.obj
         Debug\main.obj
         Debug\Mundo.obj
         Debug\Obstacles.obj
         Debug\Portais.obj
       Manifest:
         C:\Program Files (x86)\Microsoft SDKs\Windows\v7.0A\bin\mt.exe /nologo /verbose /out:"Debug\BluteHole.exe.embed.manifest" /manifest Debug\BluteHole.exe.intermediate.manifest
         All outputs are up-to-date.
       LinkEmbedManifest:
         All outputs are up-to-date.
         HelloCube.vcxproj -> C:\Users\ACER\Documents\GitHub\Blute-Engine-bkp\HelloCube\HelloCube\..\..\bin\Debug\BluteHole.exe
       FinalizeBuildStatus:
         Deleting file "Debug\BluteHole.unsuccessfulbuild".
         Touching "Debug\BluteHole.lastbuildstate".
     1>Done Building Project "C:\Users\ACER\Documents\GitHub\Blute-Engine-bkp\HelloCube\HelloCube\HelloCube.vcxproj" (build target(s)).

Build succeeded.

Time Elapsed 00:00:03.41
